[06-12 06:42:02]日志流被成功打开.
[06-12 06:43:01]GameServer= [127.0.0.1] 来了,Socket数目= 1
[06-12 06:43:01]未找到 [magicsea] 地图！！！
[06-12 06:43:01]未找到 [abandonedcity2] 地图！！！
[06-12 06:43:01]收到GameServer [GameServer01] 地图串[garner;eastgoaf;lonetower;07xmas2;abandonedcity;abandonedcity2;abandonedcity3;bountypk;darkblue2;darkswamp;dreamisland;greh;greh1;hell;hell2;hell3;hell4;hell5;jialebi;lonetower;mjing1;mjing2;mjing3;mjing4;PKmap;puzzleworld;puzzleworld2;starena33;teampk;winterland;yschurch;] 共[31]个
[06-12 06:43:01]未找到 [garner] 地图！！！
[06-12 06:43:01]未找到 [eastgoaf] 地图！！！
[06-12 06:43:01]未找到 [lonetower] 地图！！！
[06-12 06:43:01]未找到 [07xmas2] 地图！！！
[06-12 06:43:01]未找到 [abandonedcity] 地图！！！
[06-12 06:43:01]未找到 [abandonedcity2] 地图！！！
[06-12 06:43:01]未找到 [abandonedcity3] 地图！！！
[06-12 06:43:01]未找到 [bountypk] 地图！！！
[06-12 06:43:01]未找到 [darkblue2] 地图！！！
[06-12 06:43:01]未找到 [darkswamp] 地图！！！
[06-12 06:43:01]未找到 [dreamisland] 地图！！！
[06-12 06:43:01]未找到 [greh] 地图！！！
[06-12 06:43:01]未找到 [greh1] 地图！！！
[06-12 06:43:01]未找到 [hell] 地图！！！
[06-12 06:43:01]未找到 [hell2] 地图！！！
[06-12 06:43:01]未找到 [hell3] 地图！！！
[06-12 06:43:01]未找到 [hell4] 地图！！！
[06-12 06:43:01]未找到 [hell5] 地图！！！
[06-12 06:43:01]未找到 [jialebi] 地图！！！
[06-12 06:43:01]未找到 [lonetower] 地图！！！
[06-12 06:43:01]未找到 [mjing1] 地图！！！
[06-12 06:43:01]未找到 [mjing2] 地图！！！
[06-12 06:43:01]未找到 [mjing3] 地图！！！
[06-12 06:43:01]未找到 [mjing4] 地图！！！
[06-12 06:43:01]未找到 [PKmap] 地图！！！
[06-12 06:43:01]未找到 [puzzleworld] 地图！！！
[06-12 06:43:01]未找到 [puzzleworld2] 地图！！！
[06-12 06:43:01]未找到 [starena33] 地图！！！
[06-12 06:43:01]未找到 [teampk] 地图！！！
[06-12 06:43:01]未找到 [winterland] 地图！！！
[06-12 06:43:01]未找到 [yschurch] 地图！！！
[06-12 06:43:01]添加GameServer [GameServer01] 成功
[06-12 06:43:01]添加 [GameServer01] 上的 [garner] 地图成功
[06-12 06:43:01]添加 [GameServer01] 上的 [eastgoaf] 地图成功
[06-12 06:43:01]添加 [GameServer01] 上的 [lonetower] 地图成功
[06-12 06:43:01]添加 [GameServer01] 上的 [07xmas2] 地图成功
[06-12 06:43:01]添加 [GameServer01] 上的 [abandonedcity] 地图成功
[06-12 06:43:01]添加 [GameServer01] 上的 [abandonedcity2] 地图成功
[06-12 06:43:01]添加 [GameServer01] 上的 [abandonedcity3] 地图成功
[06-12 06:43:01]添加 [GameServer01] 上的 [bountypk] 地图成功
[06-12 06:43:01]添加 [GameServer01] 上的 [darkblue2] 地图成功
[06-12 06:43:01]添加 [GameServer01] 上的 [darkswamp] 地图成功
[06-12 06:43:01]添加 [GameServer01] 上的 [dreamisland] 地图成功
[06-12 06:43:01]添加 [GameServer01] 上的 [greh] 地图成功
[06-12 06:43:01]添加 [GameServer01] 上的 [greh1] 地图成功
[06-12 06:43:01]添加 [GameServer01] 上的 [hell] 地图成功
[06-12 06:43:01]添加 [GameServer01] 上的 [hell2] 地图成功
[06-12 06:43:01]添加 [GameServer01] 上的 [hell3] 地图成功
[06-12 06:43:01]添加 [GameServer01] 上的 [hell4] 地图成功
[06-12 06:43:01]添加 [GameServer01] 上的 [hell5] 地图成功
[06-12 06:43:01]添加 [GameServer01] 上的 [jialebi] 地图成功
[06-12 06:43:01]添加 [GameServer01] 上的 [lonetower] 地图成功
[06-12 06:43:01]添加 [GameServer01] 上的 [mjing1] 地图成功
[06-12 06:43:01]添加 [GameServer01] 上的 [mjing2] 地图成功
[06-12 06:43:01]添加 [GameServer01] 上的 [mjing3] 地图成功
[06-12 06:43:01]添加 [GameServer01] 上的 [mjing4] 地图成功
[06-12 06:43:01]添加 [GameServer01] 上的 [PKmap] 地图成功
[06-12 06:43:01]添加 [GameServer01] 上的 [puzzleworld] 地图成功
[06-12 06:43:01]添加 [GameServer01] 上的 [puzzleworld2] 地图成功
[06-12 06:43:01]添加 [GameServer01] 上的 [starena33] 地图成功
[06-12 06:43:01]添加 [GameServer01] 上的 [teampk] 地图成功
[06-12 06:43:01]添加 [GameServer01] 上的 [winterland] 地图成功
[06-12 06:43:01]添加 [GameServer01] 上的 [yschurch] 地图成功
[06-12 06:43:01]未找到 [magicsea] 地图！！！
[06-12 06:43:05]未找到 [magicsea] 地图！！！
[06-12 06:43:06]未找到 [magicsea] 地图！！！
[06-12 06:43:10]未找到 [magicsea] 地图！！！
[06-12 06:43:11]未找到 [magicsea] 地图！！！
[06-12 06:43:15]未找到 [magicsea] 地图！！！
[06-12 06:43:16]未找到 [magicsea] 地图！！！
[06-12 06:43:20]未找到 [magicsea] 地图！！！
[06-12 06:43:21]未找到 [magicsea] 地图！！！
[06-12 06:43:25]未找到 [magicsea] 地图！！！
[06-12 06:43:26]未找到 [magicsea] 地图！！！
[06-12 06:43:30]未找到 [magicsea] 地图！！！
[06-12 06:43:31]未找到 [magicsea] 地图！！！
[06-12 06:43:35]未找到 [magicsea] 地图！！！
[06-12 06:43:36]未找到 [magicsea] 地图！！！
[06-12 06:43:40]未找到 [magicsea] 地图！！！
[06-12 06:43:41]未找到 [magicsea] 地图！！！
[06-12 06:43:45]未找到 [magicsea] 地图！！！
[06-12 06:43:46]未找到 [magicsea] 地图！！！
[06-12 06:43:50]未找到 [magicsea] 地图！！！
[06-12 06:43:51]未找到 [magicsea] 地图！！！
[06-12 06:43:55]未找到 [magicsea] 地图！！！
[06-12 06:43:56]未找到 [magicsea] 地图！！！
[06-12 06:44:00]未找到 [magicsea] 地图！！！
[06-12 06:44:01]未找到 [magicsea] 地图！！！
[06-12 06:44:06]未找到 [magicsea] 地图！！！
[06-12 06:44:06]未找到 [magicsea] 地图！！！
[06-12 06:44:10]未找到 [magicsea] 地图！！！
[06-12 06:44:11]未找到 [magicsea] 地图！！！
[06-12 06:44:15]未找到 [magicsea] 地图！！！
[06-12 06:44:16]未找到 [magicsea] 地图！！！
[06-12 06:44:21]未找到 [magicsea] 地图！！！
[06-12 06:44:21]未找到 [magicsea] 地图！！！
[06-12 06:44:25]未找到 [magicsea] 地图！！！
[06-12 06:44:26]未找到 [magicsea] 地图！！！
[06-12 06:44:31]未找到 [magicsea] 地图！！！
[06-12 06:44:31]未找到 [magicsea] 地图！！！
[06-12 06:44:35]未找到 [magicsea] 地图！！！
[06-12 06:44:36]未找到 [magicsea] 地图！！！
[06-12 06:44:41]未找到 [magicsea] 地图！！！
[06-12 06:44:41]未找到 [magicsea] 地图！！！
[06-12 06:44:45]未找到 [magicsea] 地图！！！
[06-12 06:44:46]未找到 [magicsea] 地图！！！
[06-12 06:44:50]未找到 [magicsea] 地图！！！
[06-12 06:44:51]未找到 [magicsea] 地图！！！
[06-12 06:44:55]未找到 [magicsea] 地图！！！
[06-12 06:44:56]未找到 [magicsea] 地图！！！
[06-12 06:45:00]未找到 [magicsea] 地图！！！
[06-12 06:45:01]未找到 [magicsea] 地图！！！
[06-12 06:45:05]未找到 [magicsea] 地图！！！
[06-12 06:45:06]未找到 [magicsea] 地图！！！
[06-12 06:45:10]未找到 [magicsea] 地图！！！
[06-12 06:45:11]未找到 [magicsea] 地图！！！
[06-12 06:45:15]未找到 [magicsea] 地图！！！
[06-12 06:45:16]未找到 [magicsea] 地图！！！
[06-12 06:45:20]未找到 [magicsea] 地图！！！
[06-12 06:45:21]未找到 [magicsea] 地图！！！
[06-12 06:45:25]未找到 [magicsea] 地图！！！
[06-12 06:45:26]未找到 [magicsea] 地图！！！
[06-12 06:45:31]未找到 [magicsea] 地图！！！
[06-12 06:45:31]未找到 [magicsea] 地图！！！
[06-12 06:45:35]未找到 [magicsea] 地图！！！
[06-12 06:45:36]未找到 [magicsea] 地图！！！
[06-12 06:45:40]未找到 [magicsea] 地图！！！
[06-12 06:45:41]未找到 [magicsea] 地图！！！
[06-12 06:45:45]未找到 [magicsea] 地图！！！
[06-12 06:45:46]未找到 [magicsea] 地图！！！
[06-12 06:45:50]未找到 [magicsea] 地图！！！
[06-12 06:45:51]未找到 [magicsea] 地图！！！
[06-12 06:45:55]未找到 [magicsea] 地图！！！
[06-12 06:45:56]未找到 [magicsea] 地图！！！
[06-12 06:46:00]未找到 [magicsea] 地图！！！
[06-12 06:46:01]未找到 [magicsea] 地图！！！
[06-12 06:46:05]未找到 [magicsea] 地图！！！
[06-12 06:46:06]未找到 [magicsea] 地图！！！
[06-12 06:46:11]未找到 [magicsea] 地图！！！
[06-12 06:46:11]未找到 [magicsea] 地图！！！
[06-12 06:46:15]未找到 [magicsea] 地图！！！
[06-12 06:46:16]未找到 [magicsea] 地图！！！
[06-12 06:46:20]未找到 [magicsea] 地图！！！
[06-12 06:46:21]未找到 [magicsea] 地图！！！
[06-12 06:46:25]未找到 [magicsea] 地图！！！
[06-12 06:46:26]未找到 [magicsea] 地图！！！
[06-12 06:46:30]未找到 [magicsea] 地图！！！
[06-12 06:46:31]未找到 [magicsea] 地图！！！
[06-12 06:46:35]未找到 [magicsea] 地图！！！
[06-12 06:46:36]未找到 [magicsea] 地图！！！
[06-12 06:46:40]未找到 [magicsea] 地图！！！
[06-12 06:46:41]未找到 [magicsea] 地图！！！
[06-12 06:46:45]未找到 [magicsea] 地图！！！
[06-12 06:46:46]未找到 [magicsea] 地图！！！
[06-12 06:46:50]未找到 [magicsea] 地图！！！
[06-12 06:46:51]未找到 [magicsea] 地图！！！
[06-12 06:46:55]未找到 [magicsea] 地图！！！
[06-12 06:46:56]未找到 [magicsea] 地图！！！
[06-12 06:47:00]未找到 [magicsea] 地图！！！
[06-12 06:47:01]未找到 [magicsea] 地图！！！
[06-12 06:47:05]未找到 [magicsea] 地图！！！
[06-12 06:47:06]未找到 [magicsea] 地图！！！
[06-12 06:47:10]未找到 [magicsea] 地图！！！
[06-12 06:47:11]未找到 [magicsea] 地图！！！
[06-12 06:47:15]未找到 [magicsea] 地图！！！
[06-12 06:47:16]未找到 [magicsea] 地图！！！
[06-12 06:47:20]未找到 [magicsea] 地图！！！
[06-12 06:47:21]未找到 [magicsea] 地图！！！
[06-12 06:47:25]未找到 [magicsea] 地图！！！
[06-12 06:47:26]未找到 [magicsea] 地图！！！
[06-12 06:47:30]未找到 [magicsea] 地图！！！
[06-12 06:47:31]未找到 [magicsea] 地图！！！
[06-12 06:47:35]未找到 [magicsea] 地图！！！
[06-12 06:47:36]未找到 [magicsea] 地图！！！
[06-12 06:47:40]未找到 [magicsea] 地图！！！
[06-12 06:47:41]未找到 [magicsea] 地图！！！
[06-12 06:47:45]未找到 [magicsea] 地图！！！
[06-12 06:47:46]未找到 [magicsea] 地图！！！
[06-12 06:47:50]未找到 [magicsea] 地图！！！
[06-12 06:47:51]未找到 [magicsea] 地图！！！
[06-12 06:47:55]未找到 [magicsea] 地图！！！
[06-12 06:47:56]未找到 [magicsea] 地图！！！
[06-12 06:48:01]未找到 [magicsea] 地图！！！
[06-12 06:48:01]未找到 [magicsea] 地图！！！
[06-12 06:48:06]未找到 [magicsea] 地图！！！
[06-12 06:48:06]未找到 [magicsea] 地图！！！
[06-12 06:48:10]未找到 [magicsea] 地图！！！
[06-12 06:48:11]未找到 [magicsea] 地图！！！
[06-12 06:48:15]未找到 [magicsea] 地图！！！
[06-12 06:48:16]未找到 [magicsea] 地图！！！
[06-12 06:48:20]未找到 [magicsea] 地图！！！
[06-12 06:48:21]未找到 [magicsea] 地图！！！
[06-12 06:48:25]未找到 [magicsea] 地图！！！
[06-12 06:48:26]未找到 [magicsea] 地图！！！
[06-12 06:48:30]未找到 [magicsea] 地图！！！
[06-12 06:48:31]未找到 [magicsea] 地图！！！
[06-12 06:48:35]未找到 [magicsea] 地图！！！
[06-12 06:48:36]未找到 [magicsea] 地图！！！
[06-12 06:48:40]未找到 [magicsea] 地图！！！
[06-12 06:48:41]未找到 [magicsea] 地图！！！
[06-12 06:48:45]未找到 [magicsea] 地图！！！
[06-12 06:48:46]未找到 [magicsea] 地图！！！
[06-12 06:48:50]未找到 [magicsea] 地图！！！
[06-12 06:48:51]未找到 [magicsea] 地图！！！
[06-12 06:48:55]未找到 [magicsea] 地图！！！
[06-12 06:48:56]未找到 [magicsea] 地图！！！
[06-12 06:49:01]未找到 [magicsea] 地图！！！
[06-12 06:49:01]未找到 [magicsea] 地图！！！
[06-12 06:49:05]未找到 [magicsea] 地图！！！
[06-12 06:49:06]未找到 [magicsea] 地图！！！
[06-12 06:49:10]未找到 [magicsea] 地图！！！
[06-12 06:49:11]未找到 [magicsea] 地图！！！
[06-12 06:49:15]未找到 [magicsea] 地图！！！
[06-12 06:49:16]未找到 [magicsea] 地图！！！
[06-12 06:49:20]未找到 [magicsea] 地图！！！
[06-12 06:49:21]未找到 [magicsea] 地图！！！
[06-12 06:49:25]未找到 [magicsea] 地图！！！
[06-12 06:49:26]未找到 [magicsea] 地图！！！
[06-12 06:49:30]未找到 [magicsea] 地图！！！
[06-12 06:49:31]未找到 [magicsea] 地图！！！
[06-12 06:49:35]未找到 [magicsea] 地图！！！
[06-12 06:49:36]未找到 [magicsea] 地图！！！
[06-12 06:49:40]未找到 [magicsea] 地图！！！
[06-12 06:49:41]未找到 [magicsea] 地图！！！
[06-12 06:49:45]未找到 [magicsea] 地图！！！
[06-12 06:49:46]未找到 [magicsea] 地图！！！
[06-12 06:49:50]未找到 [magicsea] 地图！！！
[06-12 06:49:51]未找到 [magicsea] 地图！！！
[06-12 06:49:55]未找到 [magicsea] 地图！！！
[06-12 06:49:56]未找到 [magicsea] 地图！！！
[06-12 06:50:00]未找到 [magicsea] 地图！！！
[06-12 06:50:01]未找到 [magicsea] 地图！！！
[06-12 06:50:05]未找到 [magicsea] 地图！！！
[06-12 06:50:06]未找到 [magicsea] 地图！！！
[06-12 06:50:10]未找到 [magicsea] 地图！！！
[06-12 06:50:11]未找到 [magicsea] 地图！！！
[06-12 06:50:15]未找到 [magicsea] 地图！！！
[06-12 06:50:16]未找到 [magicsea] 地图！！！
[06-12 06:50:20]未找到 [magicsea] 地图！！！
[06-12 06:50:21]未找到 [magicsea] 地图！！！
[06-12 06:50:25]未找到 [magicsea] 地图！！！
[06-12 06:50:26]未找到 [magicsea] 地图！！！
[06-12 06:50:30]未找到 [magicsea] 地图！！！
[06-12 06:50:31]未找到 [magicsea] 地图！！！
[06-12 06:50:35]未找到 [magicsea] 地图！！！
[06-12 06:50:36]未找到 [magicsea] 地图！！！
[06-12 06:50:40]未找到 [magicsea] 地图！！！
[06-12 06:50:41]未找到 [magicsea] 地图！！！
[06-12 06:50:45]未找到 [magicsea] 地图！！！
[06-12 06:50:46]未找到 [magicsea] 地图！！！
[06-12 06:50:50]未找到 [magicsea] 地图！！！
[06-12 06:50:51]未找到 [magicsea] 地图！！！
[06-12 06:50:56]未找到 [magicsea] 地图！！！
[06-12 06:50:56]未找到 [magicsea] 地图！！！
[06-12 06:51:00]未找到 [magicsea] 地图！！！
[06-12 06:51:01]未找到 [magicsea] 地图！！！
[06-12 06:51:05]未找到 [magicsea] 地图！！！
[06-12 06:51:06]未找到 [magicsea] 地图！！！
[06-12 06:51:10]未找到 [magicsea] 地图！！！
[06-12 06:51:11]未找到 [magicsea] 地图！！！
[06-12 06:51:15]未找到 [magicsea] 地图！！！
[06-12 06:51:16]未找到 [magicsea] 地图！！！
[06-12 06:51:20]未找到 [magicsea] 地图！！！
[06-12 06:51:21]未找到 [magicsea] 地图！！！
[06-12 06:51:25]未找到 [magicsea] 地图！！！
[06-12 06:51:26]未找到 [magicsea] 地图！！！
[06-12 06:51:31]未找到 [magicsea] 地图！！！
[06-12 06:51:31]未找到 [magicsea] 地图！！！
[06-12 06:51:35]未找到 [magicsea] 地图！！！
[06-12 06:51:36]未找到 [magicsea] 地图！！！
[06-12 06:51:40]未找到 [magicsea] 地图！！！
[06-12 06:51:41]未找到 [magicsea] 地图！！！
[06-12 06:51:45]未找到 [magicsea] 地图！！！
[06-12 06:51:46]未找到 [magicsea] 地图！！！
[06-12 06:51:50]未找到 [magicsea] 地图！！！
[06-12 06:51:51]未找到 [magicsea] 地图！！！
[06-12 06:51:55]未找到 [magicsea] 地图！！！
[06-12 06:51:56]未找到 [magicsea] 地图！！！
[06-12 06:52:01]未找到 [magicsea] 地图！！！
[06-12 06:52:01]未找到 [magicsea] 地图！！！
[06-12 06:52:06]未找到 [magicsea] 地图！！！
[06-12 06:52:06]未找到 [magicsea] 地图！！！
[06-12 06:52:10]未找到 [magicsea] 地图！！！
[06-12 06:52:11]未找到 [magicsea] 地图！！！
[06-12 06:52:15]未找到 [magicsea] 地图！！！
[06-12 06:52:16]未找到 [magicsea] 地图！！！
[06-12 06:52:20]未找到 [magicsea] 地图！！！
[06-12 06:52:21]未找到 [magicsea] 地图！！！
[06-12 06:52:25]未找到 [magicsea] 地图！！！
[06-12 06:52:26]未找到 [magicsea] 地图！！！
[06-12 06:52:30]未找到 [magicsea] 地图！！！
[06-12 06:52:31]未找到 [magicsea] 地图！！！
[06-12 06:52:36]未找到 [magicsea] 地图！！！
[06-12 06:52:36]未找到 [magicsea] 地图！！！
[06-12 06:52:40]未找到 [magicsea] 地图！！！
[06-12 06:52:41]未找到 [magicsea] 地图！！！
[06-12 06:52:45]未找到 [magicsea] 地图！！！
[06-12 06:52:46]未找到 [magicsea] 地图！！！
[06-12 06:52:50]未找到 [magicsea] 地图！！！
[06-12 06:52:51]未找到 [magicsea] 地图！！！
[06-12 06:52:55]未找到 [magicsea] 地图！！！
[06-12 06:52:56]未找到 [magicsea] 地图！！！
[06-12 06:53:00]未找到 [magicsea] 地图！！！
[06-12 06:53:01]未找到 [magicsea] 地图！！！
[06-12 06:53:05]未找到 [magicsea] 地图！！！
[06-12 06:53:06]未找到 [magicsea] 地图！！！
[06-12 06:53:10]未找到 [magicsea] 地图！！！
[06-12 06:53:11]未找到 [magicsea] 地图！！！
[06-12 06:53:15]未找到 [magicsea] 地图！！！
[06-12 06:53:16]未找到 [magicsea] 地图！！！
[06-12 06:53:20]未找到 [magicsea] 地图！！！
[06-12 06:53:21]未找到 [magicsea] 地图！！！
[06-12 06:53:25]未找到 [magicsea] 地图！！！
[06-12 06:53:26]未找到 [magicsea] 地图！！！
[06-12 06:53:30]未找到 [magicsea] 地图！！！
[06-12 06:53:31]未找到 [magicsea] 地图！！！
[06-12 06:53:35]未找到 [magicsea] 地图！！！
[06-12 06:53:36]未找到 [magicsea] 地图！！！
[06-12 06:53:40]未找到 [magicsea] 地图！！！
[06-12 06:53:41]未找到 [magicsea] 地图！！！
[06-12 06:53:45]未找到 [magicsea] 地图！！！
[06-12 06:53:46]未找到 [magicsea] 地图！！！
[06-12 06:53:50]未找到 [magicsea] 地图！！！
[06-12 06:53:51]未找到 [magicsea] 地图！！！
[06-12 06:53:55]未找到 [magicsea] 地图！！！
[06-12 06:53:56]未找到 [magicsea] 地图！！！
[06-12 06:54:00]未找到 [magicsea] 地图！！！
[06-12 06:54:01]未找到 [magicsea] 地图！！！
[06-12 06:54:05]未找到 [magicsea] 地图！！！
[06-12 06:54:06]未找到 [magicsea] 地图！！！
[06-12 06:54:10]未找到 [magicsea] 地图！！！
[06-12 06:54:11]未找到 [magicsea] 地图！！！
[06-12 06:54:15]未找到 [magicsea] 地图！！！
[06-12 06:54:16]未找到 [magicsea] 地图！！！
[06-12 06:54:20]未找到 [magicsea] 地图！！！
[06-12 06:54:21]未找到 [magicsea] 地图！！！
[06-12 06:54:25]未找到 [magicsea] 地图！！！
[06-12 06:54:26]未找到 [magicsea] 地图！！！
[06-12 06:54:30]未找到 [magicsea] 地图！！！
[06-12 06:54:31]未找到 [magicsea] 地图！！！
[06-12 06:54:35]未找到 [magicsea] 地图！！！
[06-12 06:54:36]未找到 [magicsea] 地图！！！
[06-12 06:54:40]未找到 [magicsea] 地图！！！
[06-12 06:54:41]未找到 [magicsea] 地图！！！
[06-12 06:54:46]未找到 [magicsea] 地图！！！
[06-12 06:54:46]未找到 [magicsea] 地图！！！
[06-12 06:54:50]未找到 [magicsea] 地图！！！
[06-12 06:54:51]未找到 [magicsea] 地图！！！
[06-12 06:54:55]未找到 [magicsea] 地图！！！
[06-12 06:54:56]未找到 [magicsea] 地图！！！
[06-12 06:55:00]未找到 [magicsea] 地图！！！
[06-12 06:55:01]未找到 [magicsea] 地图！！！
[06-12 06:55:05]未找到 [magicsea] 地图！！！
[06-12 06:55:06]未找到 [magicsea] 地图！！！
[06-12 06:55:10]未找到 [magicsea] 地图！！！
[06-12 06:55:11]未找到 [magicsea] 地图！！！
[06-12 06:55:15]未找到 [magicsea] 地图！！！
[06-12 06:55:16]未找到 [magicsea] 地图！！！
[06-12 06:55:21]未找到 [magicsea] 地图！！！
[06-12 06:55:21]未找到 [magicsea] 地图！！！
[06-12 06:55:25]未找到 [magicsea] 地图！！！
[06-12 06:55:26]未找到 [magicsea] 地图！！！
[06-12 06:55:30]未找到 [magicsea] 地图！！！
[06-12 06:55:31]客户端: 127.0.0.1	来了...Socket数: 1
[06-12 06:55:31]未找到 [magicsea] 地图！！！
[06-12 06:55:31]客户端: 127.0.0.1	登陆失败，错误码：1104
[06-12 06:55:31]客户端: 127.0.0.1	走了...Socket数: 0 ,reason=用户登录错误。
[06-12 06:55:33]客户端: 127.0.0.1	来了...Socket数: 1
[06-12 06:55:33]客户端: 127.0.0.1	登陆成功。
[06-12 06:55:36]未找到 [magicsea] 地图！！！
[06-12 06:55:36]未找到 [magicsea] 地图！！！
[06-12 06:55:40]未找到 [magicsea] 地图！！！
[06-12 06:55:41]未找到 [magicsea] 地图！！！
[06-12 06:55:45]未找到 [magicsea] 地图！！！
[06-12 06:55:46]未找到 [magicsea] 地图！！！
[06-12 06:55:48]客户端: 127.0.0.1:13014	BeginPlay入地图,Gate向[127.0.0.1]发送了EnterMap命令,dbid:870,附带Gate地址:170F920
[06-12 06:55:49]客户端: 127.0.0.1:13014	Gate收到了来自[127.0.0.1]失败EnterMap命令,错误码:8
[06-12 06:55:49]客户端: 127.0.0.1	走了...Socket数: 0 ,reason=未知Disconnect码：-33
[06-12 06:55:50]未找到 [magicsea] 地图！！！
[06-12 06:55:51]未找到 [magicsea] 地图！！！
[06-12 06:55:56]未找到 [magicsea] 地图！！！
[06-12 06:55:56]未找到 [magicsea] 地图！！！
[06-12 06:56:00]未找到 [magicsea] 地图！！！
[06-12 06:56:01]未找到 [magicsea] 地图！！！
[06-12 06:56:05]未找到 [magicsea] 地图！！！
[06-12 06:56:06]未找到 [magicsea] 地图！！！
[06-12 06:56:10]未找到 [magicsea] 地图！！！
[06-12 06:56:11]未找到 [magicsea] 地图！！！
[06-12 06:56:15]未找到 [magicsea] 地图！！！
[06-12 06:56:16]未找到 [magicsea] 地图！！！
[06-12 06:56:20]未找到 [magicsea] 地图！！！
[06-12 06:56:21]未找到 [magicsea] 地图！！！
[06-12 06:56:26]未找到 [magicsea] 地图！！！
[06-12 06:56:26]未找到 [magicsea] 地图！！！
[06-12 06:56:30]未找到 [magicsea] 地图！！！
[06-12 06:56:31]未找到 [magicsea] 地图！！！
[06-12 06:56:35]未找到 [magicsea] 地图！！！
[06-12 06:56:36]未找到 [magicsea] 地图！！！
[06-12 06:56:40]未找到 [magicsea] 地图！！！
[06-12 06:56:41]未找到 [magicsea] 地图！！！
[06-12 06:56:45]未找到 [magicsea] 地图！！！
[06-12 06:56:46]未找到 [magicsea] 地图！！！
[06-12 06:56:50]未找到 [magicsea] 地图！！！
[06-12 06:56:51]未找到 [magicsea] 地图！！！
[06-12 06:56:55]未找到 [magicsea] 地图！！！
[06-12 06:56:56]未找到 [magicsea] 地图！！！
[06-12 06:57:00]未找到 [magicsea] 地图！！！
[06-12 06:57:01]未找到 [magicsea] 地图！！！
[06-12 06:57:05]未找到 [magicsea] 地图！！！
[06-12 06:57:06]未找到 [magicsea] 地图！！！
[06-12 06:57:10]未找到 [magicsea] 地图！！！
[06-12 06:57:11]未找到 [magicsea] 地图！！！
[06-12 06:57:15]未找到 [magicsea] 地图！！！
[06-12 06:57:16]未找到 [magicsea] 地图！！！
[06-12 06:57:20]未找到 [magicsea] 地图！！！
[06-12 06:57:21]未找到 [magicsea] 地图！！！
[06-12 06:57:25]未找到 [magicsea] 地图！！！
[06-12 06:57:26]未找到 [magicsea] 地图！！！
[06-12 06:57:30]未找到 [magicsea] 地图！！！
[06-12 06:57:31]未找到 [magicsea] 地图！！！
[06-12 06:57:35]未找到 [magicsea] 地图！！！
[06-12 06:57:36]未找到 [magicsea] 地图！！！
[06-12 06:57:40]未找到 [magicsea] 地图！！！
[06-12 06:57:41]未找到 [magicsea] 地图！！！
[06-12 06:57:46]未找到 [magicsea] 地图！！！
[06-12 06:57:46]未找到 [magicsea] 地图！！！
[06-12 06:57:50]未找到 [magicsea] 地图！！！
[06-12 06:57:51]未找到 [magicsea] 地图！！！
[06-12 06:57:55]未找到 [magicsea] 地图！！！
[06-12 06:57:56]未找到 [magicsea] 地图！！！
[06-12 06:58:00]未找到 [magicsea] 地图！！！
[06-12 06:58:01]未找到 [magicsea] 地图！！！
[06-12 06:58:05]未找到 [magicsea] 地图！！！
[06-12 06:58:06]未找到 [magicsea] 地图！！！
[06-12 06:58:10]未找到 [magicsea] 地图！！！
[06-12 06:58:11]未找到 [magicsea] 地图！！！
[06-12 06:58:15]未找到 [magicsea] 地图！！！
[06-12 06:58:16]未找到 [magicsea] 地图！！！
[06-12 06:58:20]未找到 [magicsea] 地图！！！
[06-12 06:58:21]未找到 [magicsea] 地图！！！
[06-12 06:58:25]未找到 [magicsea] 地图！！！
[06-12 06:58:26]未找到 [magicsea] 地图！！！
[06-12 06:58:30]未找到 [magicsea] 地图！！！
[06-12 06:58:31]未找到 [magicsea] 地图！！！
[06-12 06:58:35]未找到 [magicsea] 地图！！！
[06-12 06:58:36]未找到 [magicsea] 地图！！！
[06-12 06:58:40]未找到 [magicsea] 地图！！！
[06-12 06:58:41]未找到 [magicsea] 地图！！！
[06-12 06:58:45]未找到 [magicsea] 地图！！！
[06-12 06:58:46]未找到 [magicsea] 地图！！！
[06-12 06:58:50]未找到 [magicsea] 地图！！！
[06-12 06:58:51]未找到 [magicsea] 地图！！！
[06-12 06:58:55]未找到 [magicsea] 地图！！！
[06-12 06:58:56]未找到 [magicsea] 地图！！！
[06-12 06:59:01]未找到 [magicsea] 地图！！！
[06-12 06:59:01]未找到 [magicsea] 地图！！！
[06-12 06:59:06]未找到 [magicsea] 地图！！！
[06-12 06:59:06]未找到 [magicsea] 地图！！！
[06-12 06:59:10]未找到 [magicsea] 地图！！！
[06-12 06:59:11]未找到 [magicsea] 地图！！！
[06-12 06:59:15]未找到 [magicsea] 地图！！！
[06-12 06:59:16]未找到 [magicsea] 地图！！！
[06-12 06:59:20]未找到 [magicsea] 地图！！！
[06-12 06:59:21]未找到 [magicsea] 地图！！！
[06-12 06:59:25]未找到 [magicsea] 地图！！！
[06-12 06:59:26]未找到 [magicsea] 地图！！！
[06-12 06:59:30]未找到 [magicsea] 地图！！！
[06-12 06:59:31]未找到 [magicsea] 地图！！！
[06-12 06:59:35]未找到 [magicsea] 地图！！！
[06-12 06:59:36]未找到 [magicsea] 地图！！！
[06-12 06:59:40]未找到 [magicsea] 地图！！！
[06-12 06:59:41]未找到 [magicsea] 地图！！！
[06-12 06:59:45]未找到 [magicsea] 地图！！！
[06-12 06:59:46]未找到 [magicsea] 地图！！！
[06-12 06:59:50]未找到 [magicsea] 地图！！！
[06-12 06:59:51]未找到 [magicsea] 地图！！！
[06-12 06:59:55]未找到 [magicsea] 地图！！！
[06-12 06:59:56]未找到 [magicsea] 地图！！！
[06-12 07:05:28]客户端: 127.0.0.1	来了...Socket数: 1
[06-12 07:05:28]客户端: 127.0.0.1	登陆成功。
[06-12 07:05:46]客户端: 127.0.0.1:14951	BeginPlay入地图,Gate向[127.0.0.1]发送了EnterMap命令,dbid:872,附带Gate地址:170F9F0
[06-12 07:05:46]客户端: 127.0.0.1:14951	Gate收到了来自[127.0.0.1]失败EnterMap命令,错误码:8
[06-12 07:05:46]客户端: 127.0.0.1	走了...Socket数: 0 ,reason=未知Disconnect码：-33
[06-12 07:06:03]GameServer= [127.0.0.1] 走了,Socket数目= 1,reason= 远程主机强迫关闭了一个现有的连接。
[06-12 07:06:03]删除掉 [GameServer01]
[06-12 07:06:03]删除地图 [garner]
[06-12 07:06:03]删除地图 [eastgoaf]
[06-12 07:06:03]删除地图 [lonetower]
[06-12 07:06:03]删除地图 [07xmas2]
[06-12 07:06:03]删除地图 [abandonedcity]
[06-12 07:06:03]删除地图 [abandonedcity2]
[06-12 07:06:03]删除地图 [abandonedcity3]
[06-12 07:06:03]删除地图 [bountypk]
[06-12 07:06:03]删除地图 [darkblue2]
[06-12 07:06:03]删除地图 [darkswamp]
[06-12 07:06:03]删除地图 [dreamisland]
[06-12 07:06:03]删除地图 [greh]
[06-12 07:06:03]删除地图 [greh1]
[06-12 07:06:03]删除地图 [hell]
[06-12 07:06:03]删除地图 [hell2]
[06-12 07:06:03]删除地图 [hell3]
[06-12 07:06:03]删除地图 [hell4]
[06-12 07:06:03]删除地图 [hell5]
[06-12 07:06:03]删除地图 [jialebi]
[06-12 07:06:03]删除地图 [lonetower]
[06-12 07:06:03]删除地图 [mjing1]
[06-12 07:06:03]删除地图 [mjing2]
[06-12 07:06:03]删除地图 [mjing3]
[06-12 07:06:03]删除地图 [mjing4]
[06-12 07:06:03]删除地图 [PKmap]
[06-12 07:06:03]删除地图 [puzzleworld]
[06-12 07:06:03]删除地图 [puzzleworld2]
[06-12 07:06:03]删除地图 [starena33]
[06-12 07:06:03]删除地图 [teampk]
[06-12 07:06:03]删除地图 [winterland]
[06-12 07:06:03]删除地图 [yschurch]
[06-12 07:06:03]由于GameServer 故障，要通知 0 个用户下线
[06-12 07:08:47]客户端: 127.0.0.1	来了...Socket数: 1
[06-12 07:08:47]客户端: 127.0.0.1	登陆成功。
[06-12 07:09:29]未找到 [garner] 地图！！！
[06-12 07:09:31]未找到 [garner] 地图！！！
[06-12 07:09:32]未找到 [winterland] 地图！！！
[06-12 07:12:08]GameServer= [127.0.0.1] 来了,Socket数目= 1
[06-12 07:12:08]未找到 [abandonedcity2] 地图！！！
[06-12 07:12:08]收到GameServer [GameServer01] 地图串[garner;eastgoaf;lonetower;07xmas2;abandonedcity;abandonedcity2;abandonedcity3;bountypk;darkblue2;darkswamp;dreamisland;greh;greh1;hell;hell2;hell3;hell4;hell5;jialebi;lonetower;mjing1;mjing2;mjing3;mjing4;PKmap;puzzleworld;puzzleworld2;starena33;teampk;winterland;yschurch;] 共[31]个
[06-12 07:12:08]未找到 [garner] 地图！！！
[06-12 07:12:08]未找到 [eastgoaf] 地图！！！
[06-12 07:12:08]未找到 [lonetower] 地图！！！
[06-12 07:12:08]未找到 [07xmas2] 地图！！！
[06-12 07:12:08]未找到 [abandonedcity] 地图！！！
[06-12 07:12:08]未找到 [abandonedcity2] 地图！！！
[06-12 07:12:08]未找到 [abandonedcity3] 地图！！！
[06-12 07:12:08]未找到 [bountypk] 地图！！！
[06-12 07:12:08]未找到 [darkblue2] 地图！！！
[06-12 07:12:08]未找到 [darkswamp] 地图！！！
[06-12 07:12:08]未找到 [dreamisland] 地图！！！
[06-12 07:12:08]未找到 [greh] 地图！！！
[06-12 07:12:08]未找到 [greh1] 地图！！！
[06-12 07:12:08]未找到 [hell] 地图！！！
[06-12 07:12:08]未找到 [hell2] 地图！！！
[06-12 07:12:08]未找到 [hell3] 地图！！！
[06-12 07:12:08]未找到 [hell4] 地图！！！
[06-12 07:12:08]未找到 [hell5] 地图！！！
[06-12 07:12:08]未找到 [jialebi] 地图！！！
[06-12 07:12:08]未找到 [lonetower] 地图！！！
[06-12 07:12:08]未找到 [mjing1] 地图！！！
[06-12 07:12:08]未找到 [mjing2] 地图！！！
[06-12 07:12:08]未找到 [mjing3] 地图！！！
[06-12 07:12:08]未找到 [mjing4] 地图！！！
[06-12 07:12:08]未找到 [PKmap] 地图！！！
[06-12 07:12:08]未找到 [puzzleworld] 地图！！！
[06-12 07:12:08]未找到 [puzzleworld2] 地图！！！
[06-12 07:12:08]未找到 [starena33] 地图！！！
[06-12 07:12:08]未找到 [teampk] 地图！！！
[06-12 07:12:08]未找到 [winterland] 地图！！！
[06-12 07:12:08]未找到 [yschurch] 地图！！！
[06-12 07:12:08]添加GameServer [GameServer01] 成功
[06-12 07:12:08]添加 [GameServer01] 上的 [garner] 地图成功
[06-12 07:12:08]添加 [GameServer01] 上的 [eastgoaf] 地图成功
[06-12 07:12:08]添加 [GameServer01] 上的 [lonetower] 地图成功
[06-12 07:12:08]添加 [GameServer01] 上的 [07xmas2] 地图成功
[06-12 07:12:08]添加 [GameServer01] 上的 [abandonedcity] 地图成功
[06-12 07:12:08]添加 [GameServer01] 上的 [abandonedcity2] 地图成功
[06-12 07:12:08]添加 [GameServer01] 上的 [abandonedcity3] 地图成功
[06-12 07:12:08]添加 [GameServer01] 上的 [bountypk] 地图成功
[06-12 07:12:08]添加 [GameServer01] 上的 [darkblue2] 地图成功
[06-12 07:12:08]添加 [GameServer01] 上的 [darkswamp] 地图成功
[06-12 07:12:08]添加 [GameServer01] 上的 [dreamisland] 地图成功
[06-12 07:12:08]添加 [GameServer01] 上的 [greh] 地图成功
[06-12 07:12:08]添加 [GameServer01] 上的 [greh1] 地图成功
[06-12 07:12:08]添加 [GameServer01] 上的 [hell] 地图成功
[06-12 07:12:08]添加 [GameServer01] 上的 [hell2] 地图成功
[06-12 07:12:08]添加 [GameServer01] 上的 [hell3] 地图成功
[06-12 07:12:08]添加 [GameServer01] 上的 [hell4] 地图成功
[06-12 07:12:08]添加 [GameServer01] 上的 [hell5] 地图成功
[06-12 07:12:08]添加 [GameServer01] 上的 [jialebi] 地图成功
[06-12 07:12:08]添加 [GameServer01] 上的 [lonetower] 地图成功
[06-12 07:12:08]添加 [GameServer01] 上的 [mjing1] 地图成功
[06-12 07:12:08]添加 [GameServer01] 上的 [mjing2] 地图成功
[06-12 07:12:08]添加 [GameServer01] 上的 [mjing3] 地图成功
[06-12 07:12:08]添加 [GameServer01] 上的 [mjing4] 地图成功
[06-12 07:12:08]添加 [GameServer01] 上的 [PKmap] 地图成功
[06-12 07:12:08]添加 [GameServer01] 上的 [puzzleworld] 地图成功
[06-12 07:12:08]添加 [GameServer01] 上的 [puzzleworld2] 地图成功
[06-12 07:12:08]添加 [GameServer01] 上的 [starena33] 地图成功
[06-12 07:12:08]添加 [GameServer01] 上的 [teampk] 地图成功
[06-12 07:12:08]添加 [GameServer01] 上的 [winterland] 地图成功
[06-12 07:12:08]添加 [GameServer01] 上的 [yschurch] 地图成功
[06-12 07:12:25]客户端: 127.0.0.1:15369	BeginPlay入地图,Gate向[127.0.0.1]发送了EnterMap命令,dbid:869,附带Gate地址:170FAC0
[06-12 07:12:25]客户端: 127.0.0.1:15369	Gate收到了来自[127.0.0.1]成功EnterMap命令,附带的Game地址:2BD0024,附带Gate地址:170FAC0
[06-12 07:12:54]客户端: 127.0.0.1:15369	GoOut出地图,Gate向[127.0.0.1]发送了GoOutMap命令,dbid:869,附带Gate地址:170FAC0,Game地址:2BD0024
[06-12 07:13:06]客户端: 127.0.0.1:15369	BeginPlay入地图,Gate向[127.0.0.1]发送了EnterMap命令,dbid:872,附带Gate地址:170FAC0
[06-12 07:13:06]客户端: 127.0.0.1:15369	Gate收到了来自[127.0.0.1]成功EnterMap命令,附带的Game地址:2BD0024,附带Gate地址:170FAC0
[06-12 07:20:42]客户端: 127.0.0.1:15369	GoOut出地图,Gate向[127.0.0.1]发送了GoOutMap命令,dbid:872,附带Gate地址:170FAC0,Game地址:2BD0024
[06-12 07:20:42]客户端: 127.0.0.1	走了...Socket数: 0 ,reason=网络被对方正常关闭。
[06-12 07:20:43]GameServer= [127.0.0.1] 走了,Socket数目= 1,reason= 远程主机强迫关闭了一个现有的连接。
[06-12 07:20:43]删除掉 [GameServer01]
[06-12 07:20:43]删除地图 [garner]
[06-12 07:20:43]删除地图 [eastgoaf]
[06-12 07:20:43]删除地图 [lonetower]
[06-12 07:20:43]删除地图 [07xmas2]
[06-12 07:20:43]删除地图 [abandonedcity]
[06-12 07:20:43]删除地图 [abandonedcity2]
[06-12 07:20:43]删除地图 [abandonedcity3]
[06-12 07:20:43]删除地图 [bountypk]
[06-12 07:20:43]删除地图 [darkblue2]
[06-12 07:20:43]删除地图 [darkswamp]
[06-12 07:20:43]删除地图 [dreamisland]
[06-12 07:20:43]删除地图 [greh]
[06-12 07:20:43]删除地图 [greh1]
[06-12 07:20:43]删除地图 [hell]
[06-12 07:20:43]删除地图 [hell2]
[06-12 07:20:43]删除地图 [hell3]
[06-12 07:20:43]删除地图 [hell4]
[06-12 07:20:43]删除地图 [hell5]
[06-12 07:20:43]删除地图 [jialebi]
[06-12 07:20:43]删除地图 [lonetower]
[06-12 07:20:43]删除地图 [mjing1]
[06-12 07:20:43]删除地图 [mjing2]
[06-12 07:20:43]删除地图 [mjing3]
[06-12 07:20:43]删除地图 [mjing4]
[06-12 07:20:43]删除地图 [PKmap]
[06-12 07:20:43]删除地图 [puzzleworld]
[06-12 07:20:43]删除地图 [puzzleworld2]
[06-12 07:20:43]删除地图 [starena33]
[06-12 07:20:43]删除地图 [teampk]
[06-12 07:20:43]删除地图 [winterland]
[06-12 07:20:43]删除地图 [yschurch]
[06-12 07:20:43]由于GameServer 故障，要通知 0 个用户下线
