[06-08 13:35:05]Attrib file: [id=0] -> [resource/garner\garner.atr]
[06-08 13:35:09]Attrib file: [id=1] -> [resource/eastgoaf\eastgoaf.atr]
[06-08 13:35:10]Attrib file: [id=2] -> [resource/lonetower\lonetower.atr]
[06-08 13:35:11]Attrib file: [id=3] -> [resource/07xmas2\07xmas2.atr]
[06-08 13:35:12]Attrib file: [id=4] -> [resource/abandonedcity\abandonedcity.atr]
[06-08 13:35:12]Attrib file: [id=5] -> [resource/abandonedcity2\abandonedcity2.atr]
[06-08 13:35:13]Attrib file: [id=6] -> [resource/abandonedcity3\abandonedcity3.atr]
[06-08 13:35:15]Attrib file: [id=7] -> [resource/bountypk\bountypk.atr]
[06-08 13:35:15]Attrib file: [id=8] -> [resource/darkblue2\darkblue2.atr]
[06-08 13:35:16]Attrib file: [id=9] -> [resource/darkswamp\darkswamp.atr]
[06-08 13:35:16]Attrib file: [id=10] -> [resource/dreamisland\dreamisland.atr]
[06-08 13:35:16]Attrib file: [id=11] -> [resource/greh\greh.atr]
[06-08 13:35:17]Attrib file: [id=12] -> [resource/greh1\greh1.atr]
[06-08 13:35:17]Attrib file: [id=13] -> [resource/hell\hell.atr]
[06-08 13:35:17]Attrib file: [id=14] -> [resource/hell2\hell2.atr]
[06-08 13:35:17]Attrib file: [id=15] -> [resource/hell3\hell3.atr]
[06-08 13:35:18]Attrib file: [id=16] -> [resource/hell4\hell4.atr]
[06-08 13:35:18]Attrib file: [id=17] -> [resource/hell5\hell5.atr]
[06-08 13:35:18]Attrib file: [id=18] -> [resource/jialebi\jialebi.atr]
[06-08 13:35:21]Attrib file: [id=19] -> [resource/PKmap\PKmap.atr]
[06-08 13:35:22]Attrib file: [id=20] -> [resource/puzzleworld\puzzleworld.atr]
[06-08 13:35:22]Attrib file: [id=21] -> [resource/puzzleworld2\puzzleworld2.atr]
[06-08 13:35:22]Attrib file: [id=22] -> [resource/starena33\starena33.atr]
[06-08 13:35:22]Attrib file: [id=23] -> [resource/teampk\teampk.atr]
[06-08 13:35:23]Attrib file: [id=24] -> [resource/winterland\winterland.atr]
[06-08 13:35:24]Attrib file: [id=25] -> [resource/yschurch\yschurch.atr]
[06-08 13:37:07]Attrib file: [id=0] -> [resource/garner\garner.atr]
[06-08 13:37:08]Attrib file: [id=1] -> [resource/eastgoaf\eastgoaf.atr]
[06-08 13:37:09]Attrib file: [id=2] -> [resource/lonetower\lonetower.atr]
[06-08 13:37:09]Attrib file: [id=3] -> [resource/07xmas2\07xmas2.atr]
[06-08 13:37:09]Attrib file: [id=4] -> [resource/abandonedcity\abandonedcity.atr]
[06-08 13:37:09]Attrib file: [id=5] -> [resource/abandonedcity2\abandonedcity2.atr]
[06-08 13:37:09]Attrib file: [id=6] -> [resource/abandonedcity3\abandonedcity3.atr]
[06-08 13:37:11]Attrib file: [id=7] -> [resource/bountypk\bountypk.atr]
[06-08 13:37:12]Attrib file: [id=8] -> [resource/darkblue2\darkblue2.atr]
[06-08 13:37:12]Attrib file: [id=9] -> [resource/darkswamp\darkswamp.atr]
[06-08 13:37:12]Attrib file: [id=10] -> [resource/dreamisland\dreamisland.atr]
[06-08 13:37:12]Attrib file: [id=11] -> [resource/greh\greh.atr]
[06-08 13:37:12]Attrib file: [id=12] -> [resource/greh1\greh1.atr]
[06-08 13:37:12]Attrib file: [id=13] -> [resource/hell\hell.atr]
[06-08 13:37:12]Attrib file: [id=14] -> [resource/hell2\hell2.atr]
[06-08 13:37:12]Attrib file: [id=15] -> [resource/hell3\hell3.atr]
[06-08 13:37:12]Attrib file: [id=16] -> [resource/hell4\hell4.atr]
[06-08 13:37:12]Attrib file: [id=17] -> [resource/hell5\hell5.atr]
[06-08 13:37:13]Attrib file: [id=18] -> [resource/jialebi\jialebi.atr]
[06-08 13:37:13]Attrib file: [id=19] -> [resource/mjing1\mjing1.atr]
[06-08 13:37:13]Attrib file: [id=20] -> [resource/mjing2\mjing2.atr]
[06-08 13:37:14]Attrib file: [id=21] -> [resource/mjing3\mjing3.atr]
[06-08 13:37:14]Attrib file: [id=22] -> [resource/mjing4\mjing4.atr]
[06-08 13:37:14]Attrib file: [id=23] -> [resource/PKmap\PKmap.atr]
[06-08 13:37:14]Attrib file: [id=24] -> [resource/puzzleworld\puzzleworld.atr]
[06-08 13:37:14]Attrib file: [id=25] -> [resource/puzzleworld2\puzzleworld2.atr]
[06-08 13:37:14]Attrib file: [id=26] -> [resource/starena33\starena33.atr]
[06-08 13:37:14]Attrib file: [id=27] -> [resource/teampk\teampk.atr]
[06-08 13:37:15]Attrib file: [id=28] -> [resource/winterland\winterland.atr]
[06-08 13:37:15]Attrib file: [id=29] -> [resource/yschurch\yschurch.atr]
[06-12 06:42:45]Attrib file: [id=0] -> [resource/garner\garner.atr]
[06-12 06:42:49]Attrib file: [id=1] -> [resource/eastgoaf\eastgoaf.atr]
[06-12 06:42:50]Attrib file: [id=2] -> [resource/lonetower\lonetower.atr]
[06-12 06:42:50]Attrib file: [id=3] -> [resource/07xmas2\07xmas2.atr]
[06-12 06:42:51]Attrib file: [id=4] -> [resource/abandonedcity\abandonedcity.atr]
[06-12 06:42:51]Attrib file: [id=5] -> [resource/abandonedcity2\abandonedcity2.atr]
[06-12 06:42:52]Attrib file: [id=6] -> [resource/abandonedcity3\abandonedcity3.atr]
[06-12 06:42:55]Attrib file: [id=7] -> [resource/bountypk\bountypk.atr]
[06-12 06:42:56]Attrib file: [id=8] -> [resource/darkblue2\darkblue2.atr]
[06-12 06:42:56]Attrib file: [id=9] -> [resource/darkswamp\darkswamp.atr]
[06-12 06:42:56]Attrib file: [id=10] -> [resource/dreamisland\dreamisland.atr]
[06-12 06:42:57]Attrib file: [id=11] -> [resource/greh\greh.atr]
[06-12 06:42:57]Attrib file: [id=12] -> [resource/greh1\greh1.atr]
[06-12 06:42:57]Attrib file: [id=13] -> [resource/hell\hell.atr]
[06-12 06:42:57]Attrib file: [id=14] -> [resource/hell2\hell2.atr]
[06-12 06:42:57]Attrib file: [id=15] -> [resource/hell3\hell3.atr]
[06-12 06:42:57]Attrib file: [id=16] -> [resource/hell4\hell4.atr]
[06-12 06:42:57]Attrib file: [id=17] -> [resource/hell5\hell5.atr]
[06-12 06:42:57]Attrib file: [id=18] -> [resource/jialebi\jialebi.atr]
[06-12 06:42:58]Attrib file: [id=19] -> [resource/mjing1\mjing1.atr]
[06-12 06:42:58]Attrib file: [id=20] -> [resource/mjing2\mjing2.atr]
[06-12 06:42:58]Attrib file: [id=21] -> [resource/mjing3\mjing3.atr]
[06-12 06:42:58]Attrib file: [id=22] -> [resource/mjing4\mjing4.atr]
[06-12 06:42:58]Attrib file: [id=23] -> [resource/PKmap\PKmap.atr]
[06-12 06:42:58]Attrib file: [id=24] -> [resource/puzzleworld\puzzleworld.atr]
[06-12 06:42:59]Attrib file: [id=25] -> [resource/puzzleworld2\puzzleworld2.atr]
[06-12 06:42:59]Attrib file: [id=26] -> [resource/starena33\starena33.atr]
[06-12 06:42:59]Attrib file: [id=27] -> [resource/teampk\teampk.atr]
[06-12 06:42:59]Attrib file: [id=28] -> [resource/winterland\winterland.atr]
[06-12 06:43:00]Attrib file: [id=29] -> [resource/yschurch\yschurch.atr]
[06-12 07:08:44]Attrib file: [id=0] -> [resource/garner\garner.atr]
[06-12 07:08:46]Attrib file: [id=1] -> [resource/eastgoaf\eastgoaf.atr]
[06-12 07:08:46]Attrib file: [id=2] -> [resource/lonetower\lonetower.atr]
[06-12 07:08:46]Attrib file: [id=3] -> [resource/07xmas2\07xmas2.atr]
[06-12 07:08:46]Attrib file: [id=4] -> [resource/abandonedcity\abandonedcity.atr]
[06-12 07:08:46]Attrib file: [id=5] -> [resource/abandonedcity2\abandonedcity2.atr]
[06-12 07:08:46]Attrib file: [id=6] -> [resource/abandonedcity3\abandonedcity3.atr]
[06-12 07:08:49]Attrib file: [id=7] -> [resource/bountypk\bountypk.atr]
[06-12 07:08:49]Attrib file: [id=8] -> [resource/darkblue2\darkblue2.atr]
[06-12 07:08:49]Attrib file: [id=9] -> [resource/darkswamp\darkswamp.atr]
[06-12 07:08:50]Attrib file: [id=10] -> [resource/dreamisland\dreamisland.atr]
[06-12 07:08:50]Attrib file: [id=11] -> [resource/greh\greh.atr]
[06-12 07:08:50]Attrib file: [id=12] -> [resource/greh1\greh1.atr]
[06-12 07:08:50]Attrib file: [id=13] -> [resource/hell\hell.atr]
[06-12 07:08:50]Attrib file: [id=14] -> [resource/hell2\hell2.atr]
[06-12 07:08:50]Attrib file: [id=15] -> [resource/hell3\hell3.atr]
[06-12 07:08:50]Attrib file: [id=16] -> [resource/hell4\hell4.atr]
[06-12 07:08:50]Attrib file: [id=17] -> [resource/hell5\hell5.atr]
[06-12 07:08:50]Attrib file: [id=18] -> [resource/jialebi\jialebi.atr]
[06-12 07:08:51]Attrib file: [id=19] -> [resource/mjing1\mjing1.atr]
[06-12 07:08:51]Attrib file: [id=20] -> [resource/mjing2\mjing2.atr]
[06-12 07:08:51]Attrib file: [id=21] -> [resource/mjing3\mjing3.atr]
[06-12 07:08:51]Attrib file: [id=22] -> [resource/mjing4\mjing4.atr]
[06-12 07:08:51]Attrib file: [id=23] -> [resource/PKmap\PKmap.atr]
[06-12 07:08:51]Attrib file: [id=24] -> [resource/puzzleworld\puzzleworld.atr]
[06-12 07:08:51]Attrib file: [id=25] -> [resource/puzzleworld2\puzzleworld2.atr]
[06-12 07:08:52]Attrib file: [id=26] -> [resource/starena33\starena33.atr]
[06-12 07:08:52]Attrib file: [id=27] -> [resource/teampk\teampk.atr]
[06-12 07:08:52]Attrib file: [id=28] -> [resource/winterland\winterland.atr]
[06-12 07:11:33]Attrib file: [id=0] -> [resource/garner\garner.atr]
[06-12 07:11:34]Attrib file: [id=1] -> [resource/eastgoaf\eastgoaf.atr]
[06-12 07:11:34]Attrib file: [id=2] -> [resource/lonetower\lonetower.atr]
[06-12 07:11:34]Attrib file: [id=3] -> [resource/07xmas2\07xmas2.atr]
[06-12 07:11:34]Attrib file: [id=4] -> [resource/abandonedcity\abandonedcity.atr]
[06-12 07:11:34]Attrib file: [id=5] -> [resource/abandonedcity2\abandonedcity2.atr]
[06-12 07:11:34]Attrib file: [id=6] -> [resource/abandonedcity3\abandonedcity3.atr]
[06-12 07:11:36]Attrib file: [id=7] -> [resource/bountypk\bountypk.atr]
[06-12 07:11:36]Attrib file: [id=8] -> [resource/darkblue2\darkblue2.atr]
[06-12 07:11:36]Attrib file: [id=9] -> [resource/darkswamp\darkswamp.atr]
[06-12 07:11:37]Attrib file: [id=10] -> [resource/dreamisland\dreamisland.atr]
[06-12 07:11:37]Attrib file: [id=11] -> [resource/greh\greh.atr]
[06-12 07:11:37]Attrib file: [id=12] -> [resource/greh1\greh1.atr]
[06-12 07:11:37]Attrib file: [id=13] -> [resource/hell\hell.atr]
[06-12 07:11:37]Attrib file: [id=14] -> [resource/hell2\hell2.atr]
[06-12 07:11:37]Attrib file: [id=15] -> [resource/hell3\hell3.atr]
[06-12 07:11:37]Attrib file: [id=16] -> [resource/hell4\hell4.atr]
[06-12 07:11:37]Attrib file: [id=17] -> [resource/hell5\hell5.atr]
[06-12 07:11:37]Attrib file: [id=18] -> [resource/jialebi\jialebi.atr]
[06-12 07:11:38]Attrib file: [id=19] -> [resource/mjing1\mjing1.atr]
[06-12 07:11:38]Attrib file: [id=20] -> [resource/mjing2\mjing2.atr]
[06-12 07:11:38]Attrib file: [id=21] -> [resource/mjing3\mjing3.atr]
[06-12 07:11:38]Attrib file: [id=22] -> [resource/mjing4\mjing4.atr]
[06-12 07:11:39]Attrib file: [id=23] -> [resource/PKmap\PKmap.atr]
[06-12 07:11:39]Attrib file: [id=24] -> [resource/puzzleworld\puzzleworld.atr]
[06-12 07:11:39]Attrib file: [id=25] -> [resource/puzzleworld2\puzzleworld2.atr]
[06-12 07:11:39]Attrib file: [id=26] -> [resource/starena33\starena33.atr]
[06-12 07:11:39]Attrib file: [id=27] -> [resource/teampk\teampk.atr]
[06-12 07:11:39]Attrib file: [id=28] -> [resource/winterland\winterland.atr]
[06-12 07:11:59]Attrib file: [id=0] -> [resource/garner\garner.atr]
[06-12 07:12:01]Attrib file: [id=1] -> [resource/eastgoaf\eastgoaf.atr]
[06-12 07:12:01]Attrib file: [id=2] -> [resource/lonetower\lonetower.atr]
[06-12 07:12:01]Attrib file: [id=3] -> [resource/07xmas2\07xmas2.atr]
[06-12 07:12:01]Attrib file: [id=4] -> [resource/abandonedcity\abandonedcity.atr]
[06-12 07:12:01]Attrib file: [id=5] -> [resource/abandonedcity2\abandonedcity2.atr]
[06-12 07:12:01]Attrib file: [id=6] -> [resource/abandonedcity3\abandonedcity3.atr]
[06-12 07:12:03]Attrib file: [id=7] -> [resource/bountypk\bountypk.atr]
[06-12 07:12:03]Attrib file: [id=8] -> [resource/darkblue2\darkblue2.atr]
[06-12 07:12:03]Attrib file: [id=9] -> [resource/darkswamp\darkswamp.atr]
[06-12 07:12:03]Attrib file: [id=10] -> [resource/dreamisland\dreamisland.atr]
[06-12 07:12:03]Attrib file: [id=11] -> [resource/greh\greh.atr]
[06-12 07:12:03]Attrib file: [id=12] -> [resource/greh1\greh1.atr]
[06-12 07:12:03]Attrib file: [id=13] -> [resource/hell\hell.atr]
[06-12 07:12:03]Attrib file: [id=14] -> [resource/hell2\hell2.atr]
[06-12 07:12:03]Attrib file: [id=15] -> [resource/hell3\hell3.atr]
[06-12 07:12:03]Attrib file: [id=16] -> [resource/hell4\hell4.atr]
[06-12 07:12:03]Attrib file: [id=17] -> [resource/hell5\hell5.atr]
[06-12 07:12:03]Attrib file: [id=18] -> [resource/jialebi\jialebi.atr]
[06-12 07:12:04]Attrib file: [id=19] -> [resource/mjing1\mjing1.atr]
[06-12 07:12:04]Attrib file: [id=20] -> [resource/mjing2\mjing2.atr]
[06-12 07:12:04]Attrib file: [id=21] -> [resource/mjing3\mjing3.atr]
[06-12 07:12:04]Attrib file: [id=22] -> [resource/mjing4\mjing4.atr]
[06-12 07:12:04]Attrib file: [id=23] -> [resource/PKmap\PKmap.atr]
[06-12 07:12:04]Attrib file: [id=24] -> [resource/puzzleworld\puzzleworld.atr]
[06-12 07:12:04]Attrib file: [id=25] -> [resource/puzzleworld2\puzzleworld2.atr]
[06-12 07:12:04]Attrib file: [id=26] -> [resource/starena33\starena33.atr]
[06-12 07:12:04]Attrib file: [id=27] -> [resource/teampk\teampk.atr]
[06-12 07:12:05]Attrib file: [id=28] -> [resource/winterland\winterland.atr]
[06-12 07:12:06]Attrib file: [id=29] -> [resource/yschurch\yschurch.atr]
[06-13 17:04:33]Attrib file: [id=0] -> [resource/garner\garner.atr]
[06-13 17:04:35]Attrib file: [id=1] -> [resource/eastgoaf\eastgoaf.atr]
[06-13 17:04:35]Attrib file: [id=2] -> [resource/lonetower\lonetower.atr]
[06-13 17:04:35]Attrib file: [id=3] -> [resource/07xmas2\07xmas2.atr]
[06-13 17:04:36]Attrib file: [id=4] -> [resource/abandonedcity\abandonedcity.atr]
[06-13 17:04:37]Attrib file: [id=5] -> [resource/abandonedcity2\abandonedcity2.atr]
[06-13 17:04:37]Attrib file: [id=6] -> [resource/abandonedcity3\abandonedcity3.atr]
[06-13 17:04:40]Attrib file: [id=7] -> [resource/bountypk\bountypk.atr]
[06-13 17:04:40]Attrib file: [id=8] -> [resource/darkblue2\darkblue2.atr]
[06-13 17:04:40]Attrib file: [id=9] -> [resource/darkswamp\darkswamp.atr]
[06-13 17:04:41]Attrib file: [id=10] -> [resource/dreamisland\dreamisland.atr]
[06-13 17:04:41]Attrib file: [id=11] -> [resource/greh\greh.atr]
[06-13 17:04:41]Attrib file: [id=12] -> [resource/greh1\greh1.atr]
[06-13 17:04:41]Attrib file: [id=13] -> [resource/hell\hell.atr]
[06-13 17:04:41]Attrib file: [id=14] -> [resource/hell2\hell2.atr]
[06-13 17:04:41]Attrib file: [id=15] -> [resource/hell3\hell3.atr]
[06-13 17:04:41]Attrib file: [id=16] -> [resource/hell4\hell4.atr]
[06-13 17:04:41]Attrib file: [id=17] -> [resource/hell5\hell5.atr]
[06-13 17:04:42]Attrib file: [id=18] -> [resource/jialebi\jialebi.atr]
[06-13 17:04:42]Attrib file: [id=19] -> [resource/mjing1\mjing1.atr]
[06-13 17:04:42]Attrib file: [id=20] -> [resource/mjing2\mjing2.atr]
[06-13 17:04:42]Attrib file: [id=21] -> [resource/mjing3\mjing3.atr]
[06-13 17:04:42]Attrib file: [id=22] -> [resource/mjing4\mjing4.atr]
[06-13 17:04:43]Attrib file: [id=23] -> [resource/PKmap\PKmap.atr]
[06-13 17:04:43]Attrib file: [id=24] -> [resource/puzzleworld\puzzleworld.atr]
[06-13 17:04:43]Attrib file: [id=25] -> [resource/puzzleworld2\puzzleworld2.atr]
[06-13 17:04:43]Attrib file: [id=26] -> [resource/starena33\starena33.atr]
[06-13 17:04:43]Attrib file: [id=27] -> [resource/teampk\teampk.atr]
[06-13 17:04:44]Attrib file: [id=28] -> [resource/winterland\winterland.atr]
[06-13 17:04:44]Attrib file: [id=29] -> [resource/yschurch\yschurch.atr]
