[06-08 13:35:24]Ply[    0     0  1000],	Cha[19000 19000 19000],	Item[  111   111 20000],	TNpc[  269   269  2000]
[06-08 13:36:24]Ply[    0     0  1000],	Cha[19000 19000 19000],	Item[  111   111 20000],	TNpc[  269   269  2000]
[06-08 13:37:16]Ply[    0     0  1000],	Cha[19000 19000 19000],	Item[  137   137 20000],	TNpc[  274   274  2000]
[06-08 13:38:16]Ply[    0     0  1000],	Cha[19000 19000 19000],	Item[  137   137 20000],	TNpc[  274   274  2000]
[06-08 13:39:16]Ply[    0     0  1000],	Cha[19000 19000 19000],	Item[  137   137 20000],	TNpc[  274   274  2000]
[06-08 13:40:16]Ply[    0     0  1000],	Cha[19000 19000 19000],	Item[  137   137 20000],	TNpc[  274   274  2000]
[06-08 13:41:16]Ply[    0     0  1000],	Cha[19000 19000 19000],	Item[  137   137 20000],	TNpc[  274   274  2000]
[06-12 06:43:01]Ply[    0     0  1000],	Cha[19000 19000 19000],	Item[  137   137 20000],	TNpc[  274   274  2000]
[06-12 06:44:01]Ply[    0     0  1000],	Cha[19000 19000 19000],	Item[  140   140 20000],	TNpc[  274   274  2000]
[06-12 06:45:01]Ply[    0     0  1000],	Cha[19000 19000 19000],	Item[  140   140 20000],	TNpc[  274   274  2000]
[06-12 06:46:01]Ply[    0     0  1000],	Cha[19000 19000 19000],	Item[  140   140 20000],	TNpc[  274   274  2000]
[06-12 06:47:01]Ply[    0     0  1000],	Cha[19000 19000 19000],	Item[  140   140 20000],	TNpc[  274   274  2000]
[06-12 06:48:01]Ply[    0     0  1000],	Cha[19000 19000 19000],	Item[  140   140 20000],	TNpc[  274   274  2000]
[06-12 06:49:01]Ply[    0     0  1000],	Cha[19000 19000 19000],	Item[  140   140 20000],	TNpc[  274   274  2000]
[06-12 06:50:01]Ply[    0     0  1000],	Cha[19000 19000 19000],	Item[  140   140 20000],	TNpc[  274   274  2000]
[06-12 06:51:01]Ply[    0     0  1000],	Cha[19000 19000 19000],	Item[  140   140 20000],	TNpc[  274   274  2000]
[06-12 06:52:01]Ply[    0     0  1000],	Cha[19000 19000 19000],	Item[  140   140 20000],	TNpc[  274   274  2000]
[06-12 06:53:01]Ply[    0     0  1000],	Cha[19000 19000 19000],	Item[  140   140 20000],	TNpc[  274   274  2000]
[06-12 06:54:01]Ply[    0     0  1000],	Cha[19000 19000 19000],	Item[  140   140 20000],	TNpc[  274   274  2000]
[06-12 06:55:01]Ply[    0     0  1000],	Cha[19000 19000 19000],	Item[  140   140 20000],	TNpc[  274   274  2000]
[06-12 06:56:01]Ply[    0     1  1000],	Cha[19000 19000 19000],	Item[  140   140 20000],	TNpc[  274   274  2000]
[06-12 06:57:01]Ply[    0     1  1000],	Cha[19000 19000 19000],	Item[  140   140 20000],	TNpc[  274   274  2000]
[06-12 06:58:01]Ply[    0     1  1000],	Cha[19000 19000 19000],	Item[  140   140 20000],	TNpc[  274   274  2000]
[06-12 06:59:01]Ply[    0     1  1000],	Cha[19000 19000 19000],	Item[  140   140 20000],	TNpc[  274   274  2000]
[06-12 07:00:01]Ply[    0     1  1000],	Cha[19000 19000 19000],	Item[  140   140 20000],	TNpc[  274   274  2000]
[06-12 07:01:01]Ply[    0     1  1000],	Cha[19000 19000 19000],	Item[  141   141 20000],	TNpc[  274   274  2000]
[06-12 07:02:01]Ply[    0     1  1000],	Cha[19000 19000 19000],	Item[  141   141 20000],	TNpc[  274   274  2000]
[06-12 07:03:01]Ply[    0     1  1000],	Cha[19000 19000 19000],	Item[  141   141 20000],	TNpc[  274   274  2000]
[06-12 07:04:01]Ply[    0     1  1000],	Cha[19000 19000 19000],	Item[  141   141 20000],	TNpc[  274   274  2000]
[06-12 07:05:01]Ply[    0     1  1000],	Cha[19000 19000 19000],	Item[  141   141 20000],	TNpc[  274   274  2000]
[06-12 07:06:01]Ply[    0     1  1000],	Cha[19000 19000 19000],	Item[  141   141 20000],	TNpc[  274   274  2000]
[06-12 07:12:08]Ply[    0     0  3000],	Cha[23379 23379 25000],	Item[  137   137 20000],	TNpc[  274   274  2000]
[06-12 07:13:08]Ply[    1     1  3000],	Cha[23380 23380 25000],	Item[  140   140 20000],	TNpc[  274   274  2000]
[06-12 07:14:08]Ply[    1     1  3000],	Cha[23380 23380 25000],	Item[  140   140 20000],	TNpc[  274   274  2000]
[06-12 07:15:08]Ply[    1     1  3000],	Cha[23380 23380 25000],	Item[  151   151 20000],	TNpc[  274   274  2000]
[06-12 07:16:08]Ply[    1     1  3000],	Cha[23380 23380 25000],	Item[  177   177 20000],	TNpc[  274   274  2000]
[06-12 07:17:08]Ply[    1     1  3000],	Cha[23380 23380 25000],	Item[  166   177 20000],	TNpc[  274   274  2000]
[06-12 07:18:08]Ply[    1     1  3000],	Cha[23380 23380 25000],	Item[  140   177 20000],	TNpc[  274   274  2000]
[06-12 07:19:08]Ply[    1     1  3000],	Cha[23380 23380 25000],	Item[  140   177 20000],	TNpc[  274   274  2000]
[06-12 07:20:08]Ply[    1     1  3000],	Cha[23380 23380 25000],	Item[  138   177 20000],	TNpc[  274   274  2000]
[06-13 17:04:45]Ply[    0     0  3000],	Cha[23379 23379 25000],	Item[  137   137 20000],	TNpc[  274   274  2000]
[06-13 17:05:44]Ply[    0     0  3000],	Cha[23379 23379 25000],	Item[  139   139 20000],	TNpc[  274   274  2000]
[06-13 17:06:45]Ply[    1     1  3000],	Cha[23380 23380 25000],	Item[  139   139 20000],	TNpc[  274   274  2000]
[06-13 17:07:45]Ply[    1     1  3000],	Cha[23380 23380 25000],	Item[  139   139 20000],	TNpc[  274   274  2000]
[06-13 17:08:45]Ply[    1     1  3000],	Cha[23380 23380 25000],	Item[  139   139 20000],	TNpc[  274   274  2000]
[06-13 17:09:45]Ply[    1     1  3000],	Cha[23380 23380 25000],	Item[  139   139 20000],	TNpc[  274   274  2000]
[06-13 17:10:45]Ply[    1     1  3000],	Cha[23380 23380 25000],	Item[  139   139 20000],	TNpc[  274   274  2000]
[06-13 17:11:45]Ply[    1     1  3000],	Cha[23380 23380 25000],	Item[  139   139 20000],	TNpc[  274   274  2000]
[06-13 17:12:45]Ply[    1     1  3000],	Cha[23380 23380 25000],	Item[  139   139 20000],	TNpc[  274   274  2000]
[06-13 17:13:51]Ply[    1     1  3000],	Cha[23380 23380 25000],	Item[  139   139 20000],	TNpc[  274   274  2000]
[06-13 17:14:51]Ply[    1     1  3000],	Cha[23380 23380 25000],	Item[  139   139 20000],	TNpc[  274   274  2000]
[06-13 17:15:51]Ply[    1     1  3000],	Cha[23380 23380 25000],	Item[  139   139 20000],	TNpc[  274   274  2000]
[06-13 17:16:51]Ply[    1     1  3000],	Cha[23380 23380 25000],	Item[  139   139 20000],	TNpc[  274   274  2000]
[06-13 17:17:51]Ply[    0     1  3000],	Cha[23379 23380 25000],	Item[  139   139 20000],	TNpc[  274   274  2000]
[06-13 17:18:51]Ply[    0     1  3000],	Cha[23379 23380 25000],	Item[  139   139 20000],	TNpc[  274   274  2000]
[06-13 17:19:51]Ply[    0     1  3000],	Cha[23379 23380 25000],	Item[  139   139 20000],	TNpc[  274   274  2000]
[06-13 17:20:51]Ply[    0     1  3000],	Cha[23379 23380 25000],	Item[  138   139 20000],	TNpc[  274   274  2000]
[06-13 17:21:51]Ply[    0     1  3000],	Cha[23379 23380 25000],	Item[  138   139 20000],	TNpc[  274   274  2000]
[06-13 17:22:51]Ply[    0     1  3000],	Cha[23379 23380 25000],	Item[  138   139 20000],	TNpc[  274   274  2000]
[06-13 17:23:51]Ply[    0     1  3000],	Cha[23379 23380 25000],	Item[  138   139 20000],	TNpc[  274   274  2000]
[06-13 17:24:51]Ply[    0     1  3000],	Cha[23379 23380 25000],	Item[  138   139 20000],	TNpc[  274   274  2000]
[06-13 17:25:51]Ply[    0     1  3000],	Cha[23379 23380 25000],	Item[  138   139 20000],	TNpc[  274   274  2000]
[06-13 17:26:51]Ply[    0     1  3000],	Cha[23379 23380 25000],	Item[  138   139 20000],	TNpc[  274   274  2000]
[06-13 17:27:51]Ply[    0     1  3000],	Cha[23379 23380 25000],	Item[  138   139 20000],	TNpc[  274   274  2000]
[06-13 17:28:51]Ply[    0     1  3000],	Cha[23379 23380 25000],	Item[  138   139 20000],	TNpc[  274   274  2000]
