[06-08 07:50:15]Add LG [util_db_error]
[06-08 07:58:06]Add LG [util_db_error]
[06-08 07:58:40]Add LG [util_db_error]
[06-08 13:34:55]Add LG [iteminfoerror]
[06-08 13:34:59]Add LG [npcinfo]
[06-08 13:34:59]Add LG [boat_init]
[06-08 13:34:59]Add LG [packbag_init]
[06-08 13:34:59]Add LG [boatlevel_init]
[06-08 13:34:59]Add LG [PfTable]
[06-08 13:35:01]Add LG [randmission_prize_error]
[06-08 13:35:03]Add LG [npcinit]
[06-08 13:35:03]Add LG [initmap]
[06-08 13:35:05]Add LG [Common]
[06-08 13:35:06]Add LG [spawn mum garner]
[06-08 13:35:07]Add LG [missioninit]
[06-08 13:35:07]Add LG [npcinit_trade]
[06-08 13:35:07]Add LG [entity_init]
[06-08 13:35:08]Add LG [create_cha]
[06-08 13:35:09]Add LG [spawn mum eastgoaf]
[06-08 13:35:11]Add LG [script_time]
[06-08 13:35:16]Add LG [lua_ai]
[06-08 13:35:18]Add LG [NpcInit]
[06-08 13:35:18]Add LG [lua_err]
[06-08 13:35:23]Add LG [spawn mum winterland]
[06-08 13:35:23]Add LG [EntityAlloc]
[06-08 13:35:23]Add LG [Cha born error]
[06-08 13:35:24]Add LG [npcinit_error]
[06-08 13:35:24]Add LG [size]
[06-08 13:35:24]Add LG [Store_data]
[06-08 13:35:24]Add LG [GameServerLog]
[06-08 13:35:24]Add LG [EntityNum]
[06-08 13:35:24]Add LG [the map entrance flow ]
[06-08 13:35:25]Add LG [Connect]
[06-08 13:35:54]Add LG [GameRunTime]
[06-08 13:37:00]Add LG [iteminfoerror]
[06-08 13:37:03]Add LG [npcinfo]
[06-08 13:37:03]Add LG [boat_init]
[06-08 13:37:03]Add LG [packbag_init]
[06-08 13:37:03]Add LG [boatlevel_init]
[06-08 13:37:03]Add LG [PfTable]
[06-08 13:37:04]Add LG [randmission_prize_error]
[06-08 13:37:05]Add LG [npcinit]
[06-08 13:37:05]Add LG [initmap]
[06-08 13:37:07]Add LG [Common]
[06-08 13:37:07]Add LG [spawn mum garner]
[06-08 13:37:08]Add LG [missioninit]
[06-08 13:37:08]Add LG [npcinit_trade]
[06-08 13:37:08]Add LG [entity_init]
[06-08 13:37:08]Add LG [create_cha]
[06-08 13:37:08]Add LG [spawn mum eastgoaf]
[06-08 13:37:12]Add LG [lua_ai]
[06-08 13:37:13]Add LG [NpcInit]
[06-08 13:37:13]Add LG [lua_err]
[06-08 13:37:13]Add LG [spawn mum mjing1]
[06-08 13:37:13]Add LG [Cha born error]
[06-08 13:37:13]Add LG [spawn mum mjing2]
[06-08 13:37:14]Add LG [spawn mum mjing3]
[06-08 13:37:14]Add LG [spawn mum mjing4]
[06-08 13:37:15]Add LG [spawn mum winterland]
[06-08 13:37:15]Add LG [EntityAlloc]
[06-08 13:37:15]Add LG [npcinit_error]
[06-08 13:37:15]Add LG [size]
[06-08 13:37:16]Add LG [Store_data]
[06-08 13:37:16]Add LG [GameServerLog]
[06-08 13:37:16]Add LG [EntityNum]
[06-08 13:37:17]Add LG [Connect]
[06-08 13:37:17]Add LG [the map entrance flow ]
[06-08 13:37:46]Add LG [GameRunTime]
[06-08 13:37:51]Add LG [GameLogin]
[06-08 13:37:52]Add LG [map entry flow]
[06-08 13:37:54]Add LG [WorldNotice]
[06-08 13:37:54]Add LG [map_entrance_flow]
[06-08 13:38:16]Add LG [map_time]
[06-08 13:41:16]Add LG [enter_map]
[06-12 06:42:37]Add LG [iteminfoerror]
[06-12 06:42:41]Add LG [npcinfo]
[06-12 06:42:41]Add LG [boat_init]
[06-12 06:42:41]Add LG [packbag_init]
[06-12 06:42:41]Add LG [boatlevel_init]
[06-12 06:42:41]Add LG [PfTable]
[06-12 06:42:42]Add LG [randmission_prize_error]
[06-12 06:42:43]Add LG [npcinit]
[06-12 06:42:43]Add LG [initmap]
[06-12 06:42:45]Add LG [Common]
[06-12 06:42:47]Add LG [spawn mum garner]
[06-12 06:42:47]Add LG [missioninit]
[06-12 06:42:48]Add LG [npcinit_trade]
[06-12 06:42:48]Add LG [entity_init]
[06-12 06:42:48]Add LG [create_cha]
[06-12 06:42:49]Add LG [spawn mum eastgoaf]
[06-12 06:42:56]Add LG [lua_ai]
[06-12 06:42:57]Add LG [NpcInit]
[06-12 06:42:57]Add LG [lua_err]
[06-12 06:42:58]Add LG [spawn mum mjing1]
[06-12 06:42:58]Add LG [Cha born error]
[06-12 06:42:58]Add LG [spawn mum mjing2]
[06-12 06:42:58]Add LG [spawn mum mjing3]
[06-12 06:42:58]Add LG [spawn mum mjing4]
[06-12 06:43:00]Add LG [spawn mum winterland]
[06-12 06:43:00]Add LG [EntityAlloc]
[06-12 06:43:00]Add LG [npcinit_error]
[06-12 06:43:01]Add LG [size]
[06-12 06:43:01]Add LG [Store_data]
[06-12 06:43:01]Add LG [Connect]
[06-12 06:43:01]Add LG [GameServerLog]
[06-12 06:43:01]Add LG [EntityNum]
[06-12 06:43:01]Add LG [the map entrance flow ]
[06-12 06:43:01]Add LG [GameRunTime]
[06-12 06:43:01]Add LG [GameLogin]
[06-12 06:43:02]Add LG [map entry flow]
[06-12 06:43:04]Add LG [WorldNotice]
[06-12 06:43:04]Add LG [map_entrance_flow]
[06-12 06:43:31]Add LG [map_time]
[06-12 06:55:49]Add LG [enter_map]
[06-12 07:08:35]Add LG [util_db_error]
[06-12 07:08:37]Add LG [iteminfoerror]
[06-12 07:08:40]Add LG [npcinfo]
[06-12 07:08:40]Add LG [boat_init]
[06-12 07:08:40]Add LG [packbag_init]
[06-12 07:08:40]Add LG [boatlevel_init]
[06-12 07:08:40]Add LG [PfTable]
[06-12 07:08:41]Add LG [randmission_prize_error]
[06-12 07:08:42]Add LG [npcinit]
[06-12 07:08:42]Add LG [initmap]
[06-12 07:08:44]Add LG [Common]
[06-12 07:08:45]Add LG [birth place error]
[06-12 07:08:45]Add LG [Monster Number garner]
[06-12 07:08:45]Add LG [missioninit]
[06-12 07:08:45]Add LG [npcinit_trade]
[06-12 07:08:45]Add LG [entity_init]
[06-12 07:08:45]Add LG [create_cha]
[06-12 07:08:45]Add LG [help]
[06-12 07:08:46]Add LG [Monster Number eastgoaf]
[06-12 07:08:49]Add LG [lua_ai]
[06-12 07:08:50]Add LG [NpcInit]
[06-12 07:08:50]Add LG [lua_err]
[06-12 07:08:51]Add LG [Monster Number mjing1]
[06-12 07:08:51]Add LG [Monster Number mjing2]
[06-12 07:08:51]Add LG [Monster Number mjing3]
[06-12 07:08:51]Add LG [Monster Number mjing4]
[06-12 07:08:52]Add LG [Monster Number winterland]
[06-12 07:08:52]Add LG [EntityAlloc]
[06-12 07:11:23]Add LG [util_db_error]
[06-12 07:11:25]Add LG [iteminfoerror]
[06-12 07:11:29]Add LG [npcinfo]
[06-12 07:11:29]Add LG [boat_init]
[06-12 07:11:29]Add LG [packbag_init]
[06-12 07:11:29]Add LG [boatlevel_init]
[06-12 07:11:29]Add LG [PfTable]
[06-12 07:11:30]Add LG [randmission_prize_error]
[06-12 07:11:30]Add LG [npcinit]
[06-12 07:11:30]Add LG [initmap]
[06-12 07:11:33]Add LG [Common]
[06-12 07:11:33]Add LG [birth place error]
[06-12 07:11:33]Add LG [Monster Number garner]
[06-12 07:11:33]Add LG [missioninit]
[06-12 07:11:33]Add LG [npcinit_trade]
[06-12 07:11:34]Add LG [entity_init]
[06-12 07:11:34]Add LG [create_cha]
[06-12 07:11:34]Add LG [help]
[06-12 07:11:34]Add LG [Monster Number eastgoaf]
[06-12 07:11:36]Add LG [lua_ai]
[06-12 07:11:37]Add LG [NpcInit]
[06-12 07:11:37]Add LG [lua_err]
[06-12 07:11:38]Add LG [Monster Number mjing1]
[06-12 07:11:38]Add LG [Monster Number mjing2]
[06-12 07:11:38]Add LG [Monster Number mjing3]
[06-12 07:11:39]Add LG [Monster Number mjing4]
[06-12 07:11:39]Add LG [Monster Number winterland]
[06-12 07:11:40]Add LG [EntityAlloc]
[06-12 07:11:51]Add LG [util_db_error]
[06-12 07:11:53]Add LG [iteminfoerror]
[06-12 07:11:56]Add LG [npcinfo]
[06-12 07:11:56]Add LG [boat_init]
[06-12 07:11:56]Add LG [packbag_init]
[06-12 07:11:56]Add LG [boatlevel_init]
[06-12 07:11:56]Add LG [PfTable]
[06-12 07:11:57]Add LG [randmission_prize_error]
[06-12 07:11:58]Add LG [npcinit]
[06-12 07:11:58]Add LG [initmap]
[06-12 07:11:59]Add LG [Common]
[06-12 07:12:00]Add LG [birth place error]
[06-12 07:12:00]Add LG [Monster Number garner]
[06-12 07:12:00]Add LG [missioninit]
[06-12 07:12:00]Add LG [npcinit_trade]
[06-12 07:12:00]Add LG [entity_init]
[06-12 07:12:00]Add LG [create_cha]
[06-12 07:12:00]Add LG [help]
[06-12 07:12:01]Add LG [Monster Number eastgoaf]
[06-12 07:12:03]Add LG [lua_ai]
[06-12 07:12:04]Add LG [NpcInit]
[06-12 07:12:04]Add LG [lua_err]
[06-12 07:12:04]Add LG [Monster Number mjing1]
[06-12 07:12:04]Add LG [Monster Number mjing2]
[06-12 07:12:04]Add LG [Monster Number mjing3]
[06-12 07:12:04]Add LG [Monster Number mjing4]
[06-12 07:12:05]Add LG [Monster Number winterland]
[06-12 07:12:06]Add LG [npcinit_error]
[06-12 07:12:08]Add LG [size]
[06-12 07:12:08]Add LG [Store_data]
[06-12 07:12:08]Add LG [GameServerLog]
[06-12 07:12:08]Add LG [Connect]
[06-12 07:12:08]Add LG [EntityNum]
[06-12 07:12:08]Add LG [MapEntry flow]
[06-12 07:12:08]Add LG [GameRunTime]
[06-12 07:12:08]Add LG [GameLogin]
[06-12 07:12:09]Add LG [WorldNotice]
[06-12 07:12:25]Add LG [enter_map]
[06-12 07:12:25]Add LG [trade2012-6-12-7]
[06-12 07:12:38]Add LG [map_time]
[06-12 07:12:54]Add LG [Save cosumed data]
[06-12 07:13:32]Add LG [ServerRunLog]
[06-12 07:13:32]Add LG [DoCommand]
[06-12 07:13:55]Add LG [lvup12_06_12]
[06-12 07:13:55]Add LG [script_time]
[06-13 17:04:24]Add LG [util_db_error]
[06-13 17:04:26]Add LG [iteminfoerror]
[06-13 17:04:29]Add LG [npcinfo]
[06-13 17:04:30]Add LG [boat_init]
[06-13 17:04:30]Add LG [packbag_init]
[06-13 17:04:30]Add LG [boatlevel_init]
[06-13 17:04:30]Add LG [PfTable]
[06-13 17:04:30]Add LG [randmission_prize_error]
[06-13 17:04:31]Add LG [npcinit]
[06-13 17:04:31]Add LG [initmap]
[06-13 17:04:33]Add LG [Common]
[06-13 17:04:34]Add LG [birth place error]
[06-13 17:04:34]Add LG [Monster Number garner]
[06-13 17:04:34]Add LG [missioninit]
[06-13 17:04:34]Add LG [npcinit_trade]
[06-13 17:04:35]Add LG [entity_init]
[06-13 17:04:35]Add LG [create_cha]
[06-13 17:04:35]Add LG [help]
[06-13 17:04:35]Add LG [Monster Number eastgoaf]
[06-13 17:04:40]Add LG [lua_ai]
[06-13 17:04:42]Add LG [NpcInit]
[06-13 17:04:42]Add LG [lua_err]
[06-13 17:04:42]Add LG [Monster Number mjing1]
[06-13 17:04:42]Add LG [Monster Number mjing2]
[06-13 17:04:42]Add LG [Monster Number mjing3]
[06-13 17:04:42]Add LG [Monster Number mjing4]
[06-13 17:04:44]Add LG [Monster Number winterland]
[06-13 17:04:44]Add LG [npcinit_error]
[06-13 17:04:44]Add LG [size]
[06-13 17:04:44]Add LG [Store_data]
[06-13 17:04:44]Add LG [GameServerLog]
[06-13 17:04:44]Add LG [Connect]
[06-13 17:04:45]Add LG [EntityNum]
[06-13 17:04:45]Add LG [GameLogin]
[06-13 17:04:46]Add LG [lua return value error]
[06-13 17:04:46]Add LG [MapEntry flow]
[06-13 17:04:47]Add LG [WorldNotice]
[06-13 17:05:15]Add LG [map_time]
[06-13 17:05:15]Add LG [GameRunTime]
[06-13 17:05:41]Add LG [script_time]
[06-13 17:06:02]Add LG [enter_map]
[06-13 17:06:03]Add LG [trade2012-6-13-17]
[06-13 17:12:13]Add LG [ServerRunLog]
[06-13 17:12:13]Add LG [GMmakeLog]
[06-13 17:12:13]Add LG [DoCommand]
[06-13 17:17:31]Add LG [Save cosumed data]
[06-18 06:14:00]Add LG [util_db_error]
[06-18 06:14:08]Add LG [iteminfoerror]
[06-18 06:14:16]Add LG [npcinfo]
[06-18 06:14:17]Add LG [boat_init]
[06-18 06:14:17]Add LG [packbag_init]
[06-18 06:14:17]Add LG [boatlevel_init]
[06-18 06:14:17]Add LG [PfTable]
