[06-08 13:38:16]...hell2(1)expend = 0 ms, WeatherRun = 0, CharacterRun = 0, StateRun = 0, ActiveMgrUnitNum = 0
[06-08 13:38:16]...hell4(1)expend = 0 ms, WeatherRun = 0, CharacterRun = 0, StateRun = 0, ActiveMgrUnitNum = 0
[06-08 13:38:46]...hell2(1)expend = 0 ms, WeatherRun = 0, CharacterRun = 0, StateRun = 0, ActiveMgrUnitNum = 0
[06-08 13:38:46]...hell4(1)expend = 0 ms, WeatherRun = 0, CharacterRun = 0, StateRun = 0, ActiveMgrUnitNum = 0
[06-08 13:39:16]...hell2(1)expend = 0 ms, WeatherRun = 0, CharacterRun = 0, StateRun = 0, ActiveMgrUnitNum = 0
[06-08 13:39:16]...hell4(1)expend = 0 ms, WeatherRun = 0, CharacterRun = 0, StateRun = 0, ActiveMgrUnitNum = 0
[06-08 13:39:46]...hell2(1)expend = 0 ms, WeatherRun = 0, CharacterRun = 0, StateRun = 0, ActiveMgrUnitNum = 0
[06-08 13:39:46]...hell4(1)expend = 0 ms, WeatherRun = 0, CharacterRun = 0, StateRun = 0, ActiveMgrUnitNum = 0
[06-08 13:40:16]...hell2(1)expend = 0 ms, WeatherRun = 0, CharacterRun = 0, StateRun = 0, ActiveMgrUnitNum = 0
[06-08 13:40:16]...hell4(1)expend = 0 ms, WeatherRun = 0, CharacterRun = 0, StateRun = 0, ActiveMgrUnitNum = 0
[06-08 13:40:46]...hell2(1)expend = 0 ms, WeatherRun = 0, CharacterRun = 0, StateRun = 0, ActiveMgrUnitNum = 0
[06-08 13:40:46]...hell4(1)expend = 0 ms, WeatherRun = 0, CharacterRun = 0, StateRun = 0, ActiveMgrUnitNum = 0
[06-08 13:41:16]...hell2(1)expend = 0 ms, WeatherRun = 0, CharacterRun = 0, StateRun = 0, ActiveMgrUnitNum = 0
[06-08 13:41:16]...hell4(1)expend = 0 ms, WeatherRun = 0, CharacterRun = 0, StateRun = 0, ActiveMgrUnitNum = 0
[06-12 06:43:31]...hell4(1)expend = 0 ms, WeatherRun = 0, CharacterRun = 0, StateRun = 0, ActiveMgrUnitNum = 0
[06-12 06:44:01]...hell4(1)expend = 0 ms, WeatherRun = 0, CharacterRun = 0, StateRun = 0, ActiveMgrUnitNum = 0
[06-12 06:44:31]...hell4(1)expend = 0 ms, WeatherRun = 0, CharacterRun = 0, StateRun = 0, ActiveMgrUnitNum = 0
[06-12 06:45:01]...hell4(1)expend = 0 ms, WeatherRun = 0, CharacterRun = 0, StateRun = 0, ActiveMgrUnitNum = 0
[06-12 06:45:31]...hell4(1)expend = 0 ms, WeatherRun = 0, CharacterRun = 0, StateRun = 0, ActiveMgrUnitNum = 0
[06-12 06:46:01]...hell4(1)expend = 0 ms, WeatherRun = 0, CharacterRun = 0, StateRun = 0, ActiveMgrUnitNum = 0
[06-12 06:46:31]...hell4(1)expend = 0 ms, WeatherRun = 0, CharacterRun = 0, StateRun = 0, ActiveMgrUnitNum = 0
[06-12 06:47:01]...hell4(1)expend = 0 ms, WeatherRun = 0, CharacterRun = 0, StateRun = 0, ActiveMgrUnitNum = 0
[06-12 06:47:31]...hell4(1)expend = 0 ms, WeatherRun = 0, CharacterRun = 0, StateRun = 0, ActiveMgrUnitNum = 0
[06-12 06:48:01]...hell4(1)expend = 0 ms, WeatherRun = 0, CharacterRun = 0, StateRun = 0, ActiveMgrUnitNum = 0
[06-12 06:48:31]...hell4(1)expend = 0 ms, WeatherRun = 0, CharacterRun = 0, StateRun = 0, ActiveMgrUnitNum = 0
[06-12 06:49:01]...hell4(1)expend = 0 ms, WeatherRun = 0, CharacterRun = 0, StateRun = 0, ActiveMgrUnitNum = 0
[06-12 06:49:31]...hell4(1)expend = 0 ms, WeatherRun = 0, CharacterRun = 0, StateRun = 0, ActiveMgrUnitNum = 0
[06-12 06:50:01]...hell4(1)expend = 0 ms, WeatherRun = 0, CharacterRun = 0, StateRun = 0, ActiveMgrUnitNum = 0
[06-12 06:50:31]...hell4(1)expend = 0 ms, WeatherRun = 0, CharacterRun = 0, StateRun = 0, ActiveMgrUnitNum = 0
[06-12 06:51:01]...hell4(1)expend = 0 ms, WeatherRun = 0, CharacterRun = 0, StateRun = 0, ActiveMgrUnitNum = 0
[06-12 06:51:31]...hell4(1)expend = 0 ms, WeatherRun = 0, CharacterRun = 0, StateRun = 0, ActiveMgrUnitNum = 0
[06-12 06:52:01]...hell4(1)expend = 0 ms, WeatherRun = 0, CharacterRun = 0, StateRun = 0, ActiveMgrUnitNum = 0
[06-12 06:52:31]...hell4(1)expend = 0 ms, WeatherRun = 0, CharacterRun = 0, StateRun = 0, ActiveMgrUnitNum = 0
[06-12 06:53:01]...hell4(1)expend = 0 ms, WeatherRun = 0, CharacterRun = 0, StateRun = 0, ActiveMgrUnitNum = 0
[06-12 06:53:31]...hell4(1)expend = 0 ms, WeatherRun = 0, CharacterRun = 0, StateRun = 0, ActiveMgrUnitNum = 0
[06-12 06:54:01]...hell4(1)expend = 0 ms, WeatherRun = 0, CharacterRun = 0, StateRun = 0, ActiveMgrUnitNum = 0
[06-12 06:54:32]...hell4(1)expend = 0 ms, WeatherRun = 0, CharacterRun = 0, StateRun = 0, ActiveMgrUnitNum = 0
[06-12 06:55:02]...hell4(1)expend = 0 ms, WeatherRun = 0, CharacterRun = 0, StateRun = 0, ActiveMgrUnitNum = 0
[06-12 06:55:32]...hell4(1)expend = 0 ms, WeatherRun = 0, CharacterRun = 0, StateRun = 0, ActiveMgrUnitNum = 0
[06-12 06:56:02]...hell4(1)expend = 0 ms, WeatherRun = 0, CharacterRun = 0, StateRun = 0, ActiveMgrUnitNum = 0
[06-12 06:56:32]...hell4(1)expend = 0 ms, WeatherRun = 0, CharacterRun = 0, StateRun = 0, ActiveMgrUnitNum = 0
[06-12 06:57:02]...hell4(1)expend = 0 ms, WeatherRun = 0, CharacterRun = 0, StateRun = 0, ActiveMgrUnitNum = 0
[06-12 06:57:32]...hell4(1)expend = 0 ms, WeatherRun = 0, CharacterRun = 0, StateRun = 0, ActiveMgrUnitNum = 0
[06-12 06:58:02]...hell4(1)expend = 0 ms, WeatherRun = 0, CharacterRun = 0, StateRun = 0, ActiveMgrUnitNum = 0
[06-12 06:58:32]...hell4(1)expend = 0 ms, WeatherRun = 0, CharacterRun = 0, StateRun = 0, ActiveMgrUnitNum = 0
[06-12 06:59:02]...hell4(1)expend = 0 ms, WeatherRun = 0, CharacterRun = 0, StateRun = 0, ActiveMgrUnitNum = 0
[06-12 06:59:32]...hell4(1)expend = 0 ms, WeatherRun = 0, CharacterRun = 0, StateRun = 0, ActiveMgrUnitNum = 0
[06-12 07:00:02]...hell4(1)expend = 0 ms, WeatherRun = 0, CharacterRun = 0, StateRun = 0, ActiveMgrUnitNum = 0
[06-12 07:00:32]...hell4(1)expend = 0 ms, WeatherRun = 0, CharacterRun = 0, StateRun = 0, ActiveMgrUnitNum = 0
[06-12 07:01:02]...hell4(1)expend = 0 ms, WeatherRun = 0, CharacterRun = 0, StateRun = 0, ActiveMgrUnitNum = 0
[06-12 07:01:32]...hell4(1)expend = 0 ms, WeatherRun = 0, CharacterRun = 0, StateRun = 0, ActiveMgrUnitNum = 0
[06-12 07:02:02]...hell4(1)expend = 0 ms, WeatherRun = 0, CharacterRun = 0, StateRun = 0, ActiveMgrUnitNum = 0
[06-12 07:02:32]...hell4(1)expend = 0 ms, WeatherRun = 0, CharacterRun = 0, StateRun = 0, ActiveMgrUnitNum = 0
[06-12 07:03:02]...hell4(1)expend = 0 ms, WeatherRun = 0, CharacterRun = 0, StateRun = 0, ActiveMgrUnitNum = 0
[06-12 07:03:32]...hell4(1)expend = 0 ms, WeatherRun = 0, CharacterRun = 0, StateRun = 0, ActiveMgrUnitNum = 0
[06-12 07:04:02]...hell4(1)expend = 0 ms, WeatherRun = 0, CharacterRun = 0, StateRun = 0, ActiveMgrUnitNum = 0
[06-12 07:04:32]...hell4(1)expend = 0 ms, WeatherRun = 0, CharacterRun = 0, StateRun = 0, ActiveMgrUnitNum = 0
[06-12 07:05:02]...hell4(1)expend = 0 ms, WeatherRun = 0, CharacterRun = 0, StateRun = 0, ActiveMgrUnitNum = 0
[06-12 07:05:32]...hell4(1)expend = 0 ms, WeatherRun = 0, CharacterRun = 0, StateRun = 0, ActiveMgrUnitNum = 0
[06-12 07:06:02]...hell4(1)expend = 0 ms, WeatherRun = 0, CharacterRun = 0, StateRun = 0, ActiveMgrUnitNum = 0
[06-12 07:12:38]...hell4(1) used =0 ms, WeatherRun =0, CharacterRun =0, StateRun =0, ActiveMgrUnitNum =0
[06-12 07:12:38]...winterland(1) used =0 ms, WeatherRun =0, CharacterRun =0, StateRun =0, ActiveMgrUnitNum =25
[06-12 07:13:08]...garner(1) used =0 ms, WeatherRun =0, CharacterRun =0, StateRun =0, ActiveMgrUnitNum =125
[06-12 07:13:08]...hell4(1) used =0 ms, WeatherRun =0, CharacterRun =0, StateRun =0, ActiveMgrUnitNum =0
[06-12 07:13:08]...winterland(1) used =0 ms, WeatherRun =0, CharacterRun =0, StateRun =0, ActiveMgrUnitNum =0
[06-12 07:13:38]...garner(1) used =0 ms, WeatherRun =0, CharacterRun =0, StateRun =0, ActiveMgrUnitNum =125
[06-12 07:13:38]...hell4(1) used =0 ms, WeatherRun =0, CharacterRun =0, StateRun =0, ActiveMgrUnitNum =0
[06-12 07:13:38]...winterland(1) used =0 ms, WeatherRun =0, CharacterRun =0, StateRun =0, ActiveMgrUnitNum =0
[06-12 07:14:08]...garner(1) used =1 ms, WeatherRun =0, CharacterRun =1, StateRun =0, ActiveMgrUnitNum =125
[06-12 07:14:08]...hell4(1) used =0 ms, WeatherRun =0, CharacterRun =0, StateRun =0, ActiveMgrUnitNum =0
[06-12 07:14:08]...winterland(1) used =0 ms, WeatherRun =0, CharacterRun =0, StateRun =0, ActiveMgrUnitNum =0
[06-12 07:14:38]...garner(1) used =0 ms, WeatherRun =0, CharacterRun =0, StateRun =0, ActiveMgrUnitNum =125
[06-12 07:14:38]...hell4(1) used =0 ms, WeatherRun =0, CharacterRun =0, StateRun =0, ActiveMgrUnitNum =0
[06-12 07:14:38]...winterland(1) used =0 ms, WeatherRun =0, CharacterRun =0, StateRun =0, ActiveMgrUnitNum =0
[06-12 07:15:08]...garner(1) used =0 ms, WeatherRun =0, CharacterRun =0, StateRun =0, ActiveMgrUnitNum =125
[06-12 07:15:08]...hell4(1) used =0 ms, WeatherRun =0, CharacterRun =0, StateRun =0, ActiveMgrUnitNum =0
[06-12 07:15:08]...winterland(1) used =0 ms, WeatherRun =0, CharacterRun =0, StateRun =0, ActiveMgrUnitNum =0
[06-12 07:15:38]...garner(1) used =0 ms, WeatherRun =0, CharacterRun =0, StateRun =0, ActiveMgrUnitNum =125
[06-12 07:15:38]...hell4(1) used =0 ms, WeatherRun =0, CharacterRun =0, StateRun =0, ActiveMgrUnitNum =0
[06-12 07:15:38]...winterland(1) used =0 ms, WeatherRun =0, CharacterRun =0, StateRun =0, ActiveMgrUnitNum =0
[06-12 07:16:08]...garner(1) used =2 ms, WeatherRun =0, CharacterRun =2, StateRun =0, ActiveMgrUnitNum =125
[06-12 07:16:08]...hell4(1) used =0 ms, WeatherRun =0, CharacterRun =0, StateRun =0, ActiveMgrUnitNum =0
[06-12 07:16:08]...winterland(1) used =0 ms, WeatherRun =0, CharacterRun =0, StateRun =0, ActiveMgrUnitNum =0
[06-12 07:16:38]...garner(1) used =1 ms, WeatherRun =0, CharacterRun =1, StateRun =0, ActiveMgrUnitNum =125
[06-12 07:16:38]...hell4(1) used =0 ms, WeatherRun =0, CharacterRun =0, StateRun =0, ActiveMgrUnitNum =0
[06-12 07:16:38]...winterland(1) used =0 ms, WeatherRun =0, CharacterRun =0, StateRun =0, ActiveMgrUnitNum =0
[06-12 07:17:08]...garner(1) used =0 ms, WeatherRun =0, CharacterRun =0, StateRun =0, ActiveMgrUnitNum =125
[06-12 07:17:08]...hell4(1) used =0 ms, WeatherRun =0, CharacterRun =0, StateRun =0, ActiveMgrUnitNum =0
[06-12 07:17:08]...winterland(1) used =0 ms, WeatherRun =0, CharacterRun =0, StateRun =0, ActiveMgrUnitNum =0
[06-12 07:17:38]...garner(1) used =2 ms, WeatherRun =0, CharacterRun =2, StateRun =0, ActiveMgrUnitNum =125
[06-12 07:17:38]...hell4(1) used =0 ms, WeatherRun =0, CharacterRun =0, StateRun =0, ActiveMgrUnitNum =0
[06-12 07:17:38]...winterland(1) used =0 ms, WeatherRun =0, CharacterRun =0, StateRun =0, ActiveMgrUnitNum =0
[06-12 07:18:08]...garner(1) used =1 ms, WeatherRun =0, CharacterRun =1, StateRun =0, ActiveMgrUnitNum =125
[06-12 07:18:08]...hell4(1) used =0 ms, WeatherRun =0, CharacterRun =0, StateRun =0, ActiveMgrUnitNum =0
[06-12 07:18:08]...winterland(1) used =0 ms, WeatherRun =0, CharacterRun =0, StateRun =0, ActiveMgrUnitNum =0
[06-12 07:18:38]...garner(1) used =1 ms, WeatherRun =0, CharacterRun =1, StateRun =0, ActiveMgrUnitNum =125
[06-12 07:18:38]...hell4(1) used =0 ms, WeatherRun =0, CharacterRun =0, StateRun =0, ActiveMgrUnitNum =0
[06-12 07:18:38]...winterland(1) used =0 ms, WeatherRun =0, CharacterRun =0, StateRun =0, ActiveMgrUnitNum =0
[06-12 07:19:08]...garner(1) used =2 ms, WeatherRun =0, CharacterRun =2, StateRun =0, ActiveMgrUnitNum =125
[06-12 07:19:08]...hell4(1) used =0 ms, WeatherRun =0, CharacterRun =0, StateRun =0, ActiveMgrUnitNum =0
[06-12 07:19:08]...winterland(1) used =0 ms, WeatherRun =0, CharacterRun =0, StateRun =0, ActiveMgrUnitNum =0
[06-12 07:19:38]...garner(1) used =1 ms, WeatherRun =0, CharacterRun =1, StateRun =0, ActiveMgrUnitNum =125
[06-12 07:19:38]...hell4(1) used =0 ms, WeatherRun =0, CharacterRun =0, StateRun =0, ActiveMgrUnitNum =0
[06-12 07:19:38]...winterland(1) used =0 ms, WeatherRun =0, CharacterRun =0, StateRun =0, ActiveMgrUnitNum =0
[06-12 07:20:08]...garner(1) used =1 ms, WeatherRun =0, CharacterRun =1, StateRun =0, ActiveMgrUnitNum =125
[06-12 07:20:08]...hell4(1) used =0 ms, WeatherRun =0, CharacterRun =0, StateRun =0, ActiveMgrUnitNum =0
[06-12 07:20:08]...winterland(1) used =0 ms, WeatherRun =0, CharacterRun =0, StateRun =0, ActiveMgrUnitNum =0
[06-12 07:20:38]...garner(1) used =0 ms, WeatherRun =0, CharacterRun =0, StateRun =0, ActiveMgrUnitNum =125
[06-12 07:20:38]...hell4(1) used =0 ms, WeatherRun =0, CharacterRun =0, StateRun =0, ActiveMgrUnitNum =0
[06-12 07:20:38]...winterland(1) used =0 ms, WeatherRun =0, CharacterRun =0, StateRun =0, ActiveMgrUnitNum =0
[06-13 17:05:15]...hell3(1) used =0 ms, WeatherRun =0, CharacterRun =0, StateRun =0, ActiveMgrUnitNum =0
[06-13 17:05:15]...hell4(1) used =0 ms, WeatherRun =0, CharacterRun =0, StateRun =0, ActiveMgrUnitNum =0
[06-13 17:05:15]...hell5(1) used =0 ms, WeatherRun =0, CharacterRun =0, StateRun =0, ActiveMgrUnitNum =0
[06-13 17:05:45]...hell3(1) used =0 ms, WeatherRun =0, CharacterRun =0, StateRun =0, ActiveMgrUnitNum =0
[06-13 17:05:45]...hell4(1) used =0 ms, WeatherRun =0, CharacterRun =0, StateRun =0, ActiveMgrUnitNum =0
[06-13 17:05:45]...hell5(1) used =0 ms, WeatherRun =0, CharacterRun =0, StateRun =0, ActiveMgrUnitNum =0
[06-13 17:06:06]!!!garner(1)Consumes =72 ms, WeatherRun =0, CharacterRun =72, StateRun =0, ActiveMgrUnitNum =125
[06-13 17:06:06]	"Cha-Купец - Дилади+2952800567" Check = 0, ActCache = 0, Resume = 71, Player = 0, AI = 0, Area = 0, Die = 0, Mission = 0, Team = 0, SkillState = 0, Move = 0, Fight = 0, DB = 0, Ping = 0
[06-13 17:06:15]...hell3(1) used =0 ms, WeatherRun =0, CharacterRun =0, StateRun =0, ActiveMgrUnitNum =0
[06-13 17:06:15]...hell4(1) used =0 ms, WeatherRun =0, CharacterRun =0, StateRun =0, ActiveMgrUnitNum =0
[06-13 17:06:15]...hell5(1) used =0 ms, WeatherRun =0, CharacterRun =0, StateRun =0, ActiveMgrUnitNum =0
[06-13 17:06:36]...garner(1) used =0 ms, WeatherRun =0, CharacterRun =0, StateRun =0, ActiveMgrUnitNum =125
[06-13 17:06:45]...hell3(1) used =0 ms, WeatherRun =0, CharacterRun =0, StateRun =0, ActiveMgrUnitNum =0
[06-13 17:06:45]...hell4(1) used =0 ms, WeatherRun =0, CharacterRun =0, StateRun =0, ActiveMgrUnitNum =0
[06-13 17:06:45]...hell5(1) used =0 ms, WeatherRun =0, CharacterRun =0, StateRun =0, ActiveMgrUnitNum =0
[06-13 17:07:06]...garner(1) used =0 ms, WeatherRun =0, CharacterRun =0, StateRun =0, ActiveMgrUnitNum =125
[06-13 17:07:15]...hell3(1) used =0 ms, WeatherRun =0, CharacterRun =0, StateRun =0, ActiveMgrUnitNum =0
[06-13 17:07:15]...hell4(1) used =0 ms, WeatherRun =0, CharacterRun =0, StateRun =0, ActiveMgrUnitNum =0
[06-13 17:07:15]...hell5(1) used =0 ms, WeatherRun =0, CharacterRun =0, StateRun =0, ActiveMgrUnitNum =0
[06-13 17:07:37]...garner(1) used =0 ms, WeatherRun =0, CharacterRun =0, StateRun =0, ActiveMgrUnitNum =125
[06-13 17:07:45]...hell3(1) used =0 ms, WeatherRun =0, CharacterRun =0, StateRun =0, ActiveMgrUnitNum =0
[06-13 17:07:45]...hell4(1) used =0 ms, WeatherRun =0, CharacterRun =0, StateRun =0, ActiveMgrUnitNum =0
[06-13 17:07:45]...hell5(1) used =0 ms, WeatherRun =0, CharacterRun =0, StateRun =0, ActiveMgrUnitNum =0
[06-13 17:08:07]...garner(1) used =0 ms, WeatherRun =0, CharacterRun =0, StateRun =0, ActiveMgrUnitNum =125
[06-13 17:08:15]...hell3(1) used =0 ms, WeatherRun =0, CharacterRun =0, StateRun =0, ActiveMgrUnitNum =0
[06-13 17:08:15]...hell4(1) used =0 ms, WeatherRun =0, CharacterRun =0, StateRun =0, ActiveMgrUnitNum =0
[06-13 17:08:15]...hell5(1) used =0 ms, WeatherRun =0, CharacterRun =0, StateRun =0, ActiveMgrUnitNum =0
[06-13 17:08:37]...garner(1) used =1 ms, WeatherRun =0, CharacterRun =1, StateRun =0, ActiveMgrUnitNum =125
[06-13 17:08:45]...hell3(1) used =0 ms, WeatherRun =0, CharacterRun =0, StateRun =0, ActiveMgrUnitNum =0
[06-13 17:08:45]...hell4(1) used =0 ms, WeatherRun =0, CharacterRun =0, StateRun =0, ActiveMgrUnitNum =0
[06-13 17:08:45]...hell5(1) used =0 ms, WeatherRun =0, CharacterRun =0, StateRun =0, ActiveMgrUnitNum =0
[06-13 17:09:07]...garner(1) used =1 ms, WeatherRun =0, CharacterRun =1, StateRun =0, ActiveMgrUnitNum =125
[06-13 17:09:15]...hell3(1) used =0 ms, WeatherRun =0, CharacterRun =0, StateRun =0, ActiveMgrUnitNum =0
[06-13 17:09:15]...hell4(1) used =0 ms, WeatherRun =0, CharacterRun =0, StateRun =0, ActiveMgrUnitNum =0
[06-13 17:09:15]...hell5(1) used =0 ms, WeatherRun =0, CharacterRun =0, StateRun =0, ActiveMgrUnitNum =0
[06-13 17:09:37]...garner(1) used =1 ms, WeatherRun =0, CharacterRun =1, StateRun =0, ActiveMgrUnitNum =125
[06-13 17:09:45]...hell3(1) used =0 ms, WeatherRun =0, CharacterRun =0, StateRun =0, ActiveMgrUnitNum =0
[06-13 17:09:45]...hell4(1) used =0 ms, WeatherRun =0, CharacterRun =0, StateRun =0, ActiveMgrUnitNum =0
[06-13 17:09:45]...hell5(1) used =0 ms, WeatherRun =0, CharacterRun =0, StateRun =0, ActiveMgrUnitNum =0
[06-13 17:10:07]...garner(1) used =0 ms, WeatherRun =0, CharacterRun =0, StateRun =0, ActiveMgrUnitNum =125
[06-13 17:10:15]...hell3(1) used =0 ms, WeatherRun =0, CharacterRun =0, StateRun =0, ActiveMgrUnitNum =0
[06-13 17:10:15]...hell4(1) used =0 ms, WeatherRun =0, CharacterRun =0, StateRun =0, ActiveMgrUnitNum =0
[06-13 17:10:15]...hell5(1) used =0 ms, WeatherRun =0, CharacterRun =0, StateRun =0, ActiveMgrUnitNum =0
[06-13 17:10:37]...garner(1) used =0 ms, WeatherRun =0, CharacterRun =0, StateRun =0, ActiveMgrUnitNum =125
[06-13 17:10:45]...hell3(1) used =0 ms, WeatherRun =0, CharacterRun =0, StateRun =0, ActiveMgrUnitNum =0
[06-13 17:10:45]...hell4(1) used =0 ms, WeatherRun =0, CharacterRun =0, StateRun =0, ActiveMgrUnitNum =0
[06-13 17:10:45]...hell5(1) used =0 ms, WeatherRun =0, CharacterRun =0, StateRun =0, ActiveMgrUnitNum =0
[06-13 17:11:07]...garner(1) used =0 ms, WeatherRun =0, CharacterRun =0, StateRun =0, ActiveMgrUnitNum =125
[06-13 17:11:15]...hell3(1) used =0 ms, WeatherRun =0, CharacterRun =0, StateRun =0, ActiveMgrUnitNum =0
[06-13 17:11:15]...hell4(1) used =0 ms, WeatherRun =0, CharacterRun =0, StateRun =0, ActiveMgrUnitNum =0
[06-13 17:11:15]...hell5(1) used =0 ms, WeatherRun =0, CharacterRun =0, StateRun =0, ActiveMgrUnitNum =0
[06-13 17:11:37]...garner(1) used =0 ms, WeatherRun =0, CharacterRun =0, StateRun =0, ActiveMgrUnitNum =125
[06-13 17:11:45]...hell3(1) used =0 ms, WeatherRun =0, CharacterRun =0, StateRun =0, ActiveMgrUnitNum =0
[06-13 17:11:45]...hell4(1) used =0 ms, WeatherRun =0, CharacterRun =0, StateRun =0, ActiveMgrUnitNum =0
[06-13 17:11:45]...hell5(1) used =0 ms, WeatherRun =0, CharacterRun =0, StateRun =0, ActiveMgrUnitNum =0
[06-13 17:12:07]...garner(1) used =0 ms, WeatherRun =0, CharacterRun =0, StateRun =0, ActiveMgrUnitNum =125
[06-13 17:12:15]...hell3(1) used =0 ms, WeatherRun =0, CharacterRun =0, StateRun =0, ActiveMgrUnitNum =0
[06-13 17:12:15]...hell4(1) used =0 ms, WeatherRun =0, CharacterRun =0, StateRun =0, ActiveMgrUnitNum =0
[06-13 17:12:15]...hell5(1) used =0 ms, WeatherRun =0, CharacterRun =0, StateRun =0, ActiveMgrUnitNum =0
[06-13 17:12:37]...garner(1) used =0 ms, WeatherRun =0, CharacterRun =0, StateRun =0, ActiveMgrUnitNum =125
[06-13 17:12:45]...hell3(1) used =0 ms, WeatherRun =0, CharacterRun =0, StateRun =0, ActiveMgrUnitNum =0
[06-13 17:12:45]...hell4(1) used =0 ms, WeatherRun =0, CharacterRun =0, StateRun =0, ActiveMgrUnitNum =0
[06-13 17:12:45]...hell5(1) used =0 ms, WeatherRun =0, CharacterRun =0, StateRun =0, ActiveMgrUnitNum =0
[06-13 17:13:02]		Character[Cha-Абордажник Сакуры+2952801492]movement time is excessive time =174 (position174, field of view0) 
[06-13 17:13:02]!!!garner(1)Consumes =755 ms, WeatherRun =0, CharacterRun =755, StateRun =0, ActiveMgrUnitNum =125
[06-13 17:13:02]	"Cha-Островной портальщик - Арсен+2952800578" Check = 0, ActCache = 0, Resume = 341, Player = 0, AI = 0, Area = 0, Die = 0, Mission = 0, Team = 0, SkillState = 0, Move = 0, Fight = 0, DB = 0, Ping = 0
[06-13 17:13:03]!!!garner(1)Consumes =146 ms, WeatherRun =0, CharacterRun =146, StateRun =0, ActiveMgrUnitNum =125
[06-13 17:13:03]	"Cha-BopoHange1+872" Check = 0, ActCache = 0, Resume = 0, Player = 0, AI = 0, Area = 0, Die = 0, Mission = 144, Team = 0, SkillState = 0, Move = 0, Fight = 0, DB = 0, Ping = 0
[06-13 17:14:06]		character [Cha-Абордажник Сакуры+2952801492] local movement time usage over limit time =369 (partial status took 369, exploration took 0, local took 0, region took 0) 
[06-13 17:14:06]		Character[Cha-Абордажник Сакуры+2952801492]movement time is excessive time =1259 (position421, field of view838) 
[06-13 17:14:06]!!!garner(1)Consumes =15013 ms, WeatherRun =654, CharacterRun =13824, StateRun =0, ActiveMgrUnitNum =125
[06-13 17:14:06]	"Cha-BopoHange1+872" Check = 1142, ActCache = 0, Resume = 6235, Player = 622, AI = 0, Area = 0, Die = 0, Mission = 0, Team = 0, SkillState = 0, Move = 0, Fight = 0, DB = 0, Ping = 462
[06-13 17:14:06]...hell3(1) used =0 ms, WeatherRun =0, CharacterRun =0, StateRun =0, ActiveMgrUnitNum =0
[06-13 17:14:06]...hell4(1) used =0 ms, WeatherRun =0, CharacterRun =0, StateRun =0, ActiveMgrUnitNum =0
[06-13 17:14:06]...hell5(1) used =0 ms, WeatherRun =0, CharacterRun =0, StateRun =0, ActiveMgrUnitNum =0
[06-13 17:14:08]!!!garner(1)Consumes =363 ms, WeatherRun =0, CharacterRun =363, StateRun =0, ActiveMgrUnitNum =125
[06-13 17:14:08]	"Cha-BopoHange1+872" Check = 0, ActCache = 0, Resume = 0, Player = 0, AI = 0, Area = 0, Die = 0, Mission = 356, Team = 0, SkillState = 0, Move = 0, Fight = 0, DB = 0, Ping = 0
[06-13 17:14:09]!!!garner(1)Consumes =201 ms, WeatherRun =0, CharacterRun =201, StateRun =0, ActiveMgrUnitNum =125
[06-13 17:14:10]	"Cha-Купец - Сэнджей+2952800485" Check = 0, ActCache = 0, Resume = 200, Player = 0, AI = 0, Area = 0, Die = 0, Mission = 0, Team = 0, SkillState = 0, Move = 0, Fight = 0, DB = 0, Ping = 0
[06-13 17:14:11]!!!garner(1)Consumes =352 ms, WeatherRun =0, CharacterRun =352, StateRun =0, ActiveMgrUnitNum =125
[06-13 17:14:11]	"Cha-Tusk Softwood+2952801493" Check = 0, ActCache = 0, Resume = 349, Player = 0, AI = 0, Area = 0, Die = 0, Mission = 0, Team = 0, SkillState = 0, Move = 0, Fight = 0, DB = 0, Ping = 0
[06-13 17:14:11]!!!garner(1)Consumes =174 ms, WeatherRun =0, CharacterRun =174, StateRun =0, ActiveMgrUnitNum =125
[06-13 17:14:11]	"Cha-Купец - Сэнджей+2952800485" Check = 0, ActCache = 0, Resume = 172, Player = 0, AI = 0, Area = 0, Die = 0, Mission = 0, Team = 0, SkillState = 0, Move = 0, Fight = 0, DB = 0, Ping = 0
[06-13 17:14:15]!!!garner(1)Consumes =193 ms, WeatherRun =0, CharacterRun =193, StateRun =0, ActiveMgrUnitNum =125
[06-13 17:14:15]	"Cha-Купец - Сэнджей+2952800485" Check = 0, ActCache = 0, Resume = 192, Player = 0, AI = 0, Area = 0, Die = 0, Mission = 0, Team = 0, SkillState = 0, Move = 0, Fight = 0, DB = 0, Ping = 0
[06-13 17:14:17]!!!garner(1)Consumes =103 ms, WeatherRun =0, CharacterRun =103, StateRun =0, ActiveMgrUnitNum =125
[06-13 17:14:18]	"Cha-Купец - Сэнджей+2952800485" Check = 0, ActCache = 0, Resume = 102, Player = 0, AI = 0, Area = 0, Die = 0, Mission = 0, Team = 0, SkillState = 0, Move = 0, Fight = 0, DB = 0, Ping = 0
[06-13 17:14:21]...hell3(1) used =0 ms, WeatherRun =0, CharacterRun =0, StateRun =0, ActiveMgrUnitNum =0
[06-13 17:14:21]...hell4(1) used =0 ms, WeatherRun =0, CharacterRun =0, StateRun =0, ActiveMgrUnitNum =0
[06-13 17:14:21]...hell5(1) used =0 ms, WeatherRun =0, CharacterRun =0, StateRun =0, ActiveMgrUnitNum =0
[06-13 17:14:21]!!!garner(1)Consumes =203 ms, WeatherRun =0, CharacterRun =203, StateRun =0, ActiveMgrUnitNum =125
[06-13 17:14:22]	"Cha-Купец - Сэнджей+2952800485" Check = 0, ActCache = 0, Resume = 203, Player = 0, AI = 0, Area = 0, Die = 0, Mission = 0, Team = 0, SkillState = 0, Move = 0, Fight = 0, DB = 0, Ping = 0
[06-13 17:14:25]!!!garner(1)Consumes =175 ms, WeatherRun =0, CharacterRun =175, StateRun =0, ActiveMgrUnitNum =125
[06-13 17:14:25]	"Cha-Купец - Сэнджей+2952800485" Check = 0, ActCache = 0, Resume = 174, Player = 0, AI = 0, Area = 0, Die = 0, Mission = 0, Team = 0, SkillState = 0, Move = 0, Fight = 0, DB = 0, Ping = 0
[06-13 17:14:28]!!!garner(1)Consumes =284 ms, WeatherRun =0, CharacterRun =284, StateRun =0, ActiveMgrUnitNum =125
[06-13 17:14:28]	"Cha-Островной портальщик - Арсен+2952800578" Check = 0, ActCache = 0, Resume = 281, Player = 0, AI = 0, Area = 0, Die = 0, Mission = 0, Team = 0, SkillState = 0, Move = 0, Fight = 0, DB = 0, Ping = 0
[06-13 17:14:32]!!!garner(1)Consumes =246 ms, WeatherRun =0, CharacterRun =246, StateRun =0, ActiveMgrUnitNum =125
[06-13 17:14:32]	"Cha-Купец - Баргес+2952800565" Check = 0, ActCache = 0, Resume = 246, Player = 0, AI = 0, Area = 0, Die = 0, Mission = 0, Team = 0, SkillState = 0, Move = 0, Fight = 0, DB = 0, Ping = 0
[06-13 17:14:35]!!!garner(1)Consumes =101 ms, WeatherRun =0, CharacterRun =101, StateRun =0, ActiveMgrUnitNum =125
[06-13 17:14:35]	"Cha-Купец - Сэнджей+2952800485" Check = 0, ActCache = 0, Resume = 100, Player = 0, AI = 0, Area = 0, Die = 0, Mission = 0, Team = 0, SkillState = 0, Move = 0, Fight = 0, DB = 0, Ping = 0
[06-13 17:14:44]!!!garner(1)Consumes =228 ms, WeatherRun =0, CharacterRun =228, StateRun =0, ActiveMgrUnitNum =125
[06-13 17:14:44]	"Cha-Купец - Саценис+2952800566" Check = 0, ActCache = 0, Resume = 215, Player = 0, AI = 0, Area = 0, Die = 0, Mission = 0, Team = 0, SkillState = 0, Move = 0, Fight = 0, DB = 0, Ping = 0
[06-13 17:14:46]!!!garner(1)Consumes =103 ms, WeatherRun =0, CharacterRun =103, StateRun =0, ActiveMgrUnitNum =125
[06-13 17:14:46]	"Cha-BopoHange1+872" Check = 0, ActCache = 0, Resume = 102, Player = 0, AI = 0, Area = 0, Die = 0, Mission = 0, Team = 0, SkillState = 0, Move = 0, Fight = 0, DB = 0, Ping = 0
[06-13 17:14:49]!!!garner(1)Consumes =62 ms, WeatherRun =0, CharacterRun =62, StateRun =0, ActiveMgrUnitNum =125
[06-13 17:14:49]	"Cha-Купец - Сэнджей+2952800485" Check = 0, ActCache = 0, Resume = 62, Player = 0, AI = 0, Area = 0, Die = 0, Mission = 0, Team = 0, SkillState = 0, Move = 0, Fight = 0, DB = 0, Ping = 0
[06-13 17:14:51]...hell3(1) used =0 ms, WeatherRun =0, CharacterRun =0, StateRun =0, ActiveMgrUnitNum =0
[06-13 17:14:51]...hell4(1) used =0 ms, WeatherRun =0, CharacterRun =0, StateRun =0, ActiveMgrUnitNum =0
[06-13 17:14:51]...hell5(1) used =0 ms, WeatherRun =0, CharacterRun =0, StateRun =0, ActiveMgrUnitNum =0
[06-13 17:14:52]!!!garner(1)Consumes =114 ms, WeatherRun =0, CharacterRun =113, StateRun =0, ActiveMgrUnitNum =125
[06-13 17:14:52]	"Cha-Купец - Дилади+2952800567" Check = 0, ActCache = 0, Resume = 112, Player = 0, AI = 0, Area = 0, Die = 0, Mission = 0, Team = 0, SkillState = 0, Move = 0, Fight = 0, DB = 0, Ping = 0
[06-13 17:14:53]!!!garner(1)Consumes =110 ms, WeatherRun =0, CharacterRun =110, StateRun =0, ActiveMgrUnitNum =125
[06-13 17:14:53]	"Cha-Купец - Сэнджей+2952800485" Check = 0, ActCache = 0, Resume = 109, Player = 0, AI = 0, Area = 0, Die = 0, Mission = 0, Team = 0, SkillState = 0, Move = 0, Fight = 0, DB = 0, Ping = 0
[06-13 17:15:01]!!!garner(1)Consumes =131 ms, WeatherRun =0, CharacterRun =131, StateRun =0, ActiveMgrUnitNum =125
[06-13 17:15:01]	"Cha-Купец - Сэнджей+2952800485" Check = 0, ActCache = 0, Resume = 131, Player = 0, AI = 0, Area = 0, Die = 0, Mission = 0, Team = 0, SkillState = 0, Move = 0, Fight = 0, DB = 0, Ping = 0
[06-13 17:15:15]!!!garner(1)Consumes =75 ms, WeatherRun =0, CharacterRun =75, StateRun =0, ActiveMgrUnitNum =125
[06-13 17:15:15]	"Cha-Купец - Сэнджей+2952800485" Check = 0, ActCache = 0, Resume = 75, Player = 0, AI = 0, Area = 0, Die = 0, Mission = 0, Team = 0, SkillState = 0, Move = 0, Fight = 0, DB = 0, Ping = 0
[06-13 17:15:17]!!!garner(1)Consumes =72 ms, WeatherRun =0, CharacterRun =72, StateRun =0, ActiveMgrUnitNum =125
[06-13 17:15:17]	"Cha-Купец - Сэнджей+2952800485" Check = 0, ActCache = 0, Resume = 71, Player = 0, AI = 0, Area = 0, Die = 0, Mission = 0, Team = 0, SkillState = 0, Move = 0, Fight = 0, DB = 0, Ping = 0
[06-13 17:15:21]...hell3(1) used =0 ms, WeatherRun =0, CharacterRun =0, StateRun =0, ActiveMgrUnitNum =0
[06-13 17:15:21]...hell4(1) used =0 ms, WeatherRun =0, CharacterRun =0, StateRun =0, ActiveMgrUnitNum =0
[06-13 17:15:21]...hell5(1) used =0 ms, WeatherRun =0, CharacterRun =0, StateRun =0, ActiveMgrUnitNum =0
[06-13 17:15:21]!!!garner(1)Consumes =151 ms, WeatherRun =0, CharacterRun =151, StateRun =0, ActiveMgrUnitNum =125
[06-13 17:15:21]	"Cha-Купец - Сэнджей+2952800485" Check = 0, ActCache = 0, Resume = 150, Player = 0, AI = 0, Area = 0, Die = 0, Mission = 0, Team = 0, SkillState = 0, Move = 0, Fight = 0, DB = 0, Ping = 0
[06-13 17:15:26]!!!garner(1)Consumes =150 ms, WeatherRun =0, CharacterRun =150, StateRun =0, ActiveMgrUnitNum =125
[06-13 17:15:26]	"Cha-Купец - Баргес+2952800565" Check = 0, ActCache = 0, Resume = 149, Player = 0, AI = 0, Area = 0, Die = 0, Mission = 0, Team = 0, SkillState = 0, Move = 0, Fight = 0, DB = 0, Ping = 0
[06-13 17:15:31]!!!garner(1)Consumes =86 ms, WeatherRun =0, CharacterRun =86, StateRun =0, ActiveMgrUnitNum =125
[06-13 17:15:31]	"Cha-Купец - Сэнджей+2952800485" Check = 0, ActCache = 0, Resume = 85, Player = 0, AI = 0, Area = 0, Die = 0, Mission = 0, Team = 0, SkillState = 0, Move = 0, Fight = 0, DB = 0, Ping = 0
[06-13 17:15:35]!!!garner(1)Consumes =97 ms, WeatherRun =0, CharacterRun =97, StateRun =0, ActiveMgrUnitNum =125
[06-13 17:15:35]	"Cha-Купец - Сэнджей+2952800485" Check = 0, ActCache = 0, Resume = 96, Player = 0, AI = 0, Area = 0, Die = 0, Mission = 0, Team = 0, SkillState = 0, Move = 0, Fight = 0, DB = 0, Ping = 0
[06-13 17:15:51]...hell3(1) used =0 ms, WeatherRun =0, CharacterRun =0, StateRun =0, ActiveMgrUnitNum =0
[06-13 17:15:51]...hell4(1) used =0 ms, WeatherRun =0, CharacterRun =0, StateRun =0, ActiveMgrUnitNum =0
[06-13 17:15:51]...hell5(1) used =0 ms, WeatherRun =0, CharacterRun =0, StateRun =0, ActiveMgrUnitNum =0
[06-13 17:16:05]...garner(1) used =0 ms, WeatherRun =0, CharacterRun =0, StateRun =0, ActiveMgrUnitNum =125
[06-13 17:16:09]!!!garner(1)Consumes =60 ms, WeatherRun =0, CharacterRun =60, StateRun =0, ActiveMgrUnitNum =125
[06-13 17:16:09]	"Cha-Купец - Сэнджей+2952800485" Check = 0, ActCache = 0, Resume = 59, Player = 0, AI = 0, Area = 0, Die = 0, Mission = 0, Team = 0, SkillState = 0, Move = 0, Fight = 0, DB = 0, Ping = 0
[06-13 17:16:19]!!!garner(1)Consumes =164 ms, WeatherRun =0, CharacterRun =164, StateRun =0, ActiveMgrUnitNum =125
[06-13 17:16:19]	"Cha-Купец - Сэнджей+2952800485" Check = 0, ActCache = 0, Resume = 163, Player = 0, AI = 0, Area = 0, Die = 0, Mission = 0, Team = 0, SkillState = 0, Move = 0, Fight = 0, DB = 0, Ping = 0
[06-13 17:16:21]...hell3(1) used =0 ms, WeatherRun =0, CharacterRun =0, StateRun =0, ActiveMgrUnitNum =0
[06-13 17:16:21]...hell4(1) used =0 ms, WeatherRun =0, CharacterRun =0, StateRun =0, ActiveMgrUnitNum =0
[06-13 17:16:21]...hell5(1) used =0 ms, WeatherRun =0, CharacterRun =0, StateRun =0, ActiveMgrUnitNum =0
[06-13 17:16:31]!!!garner(1)Consumes =60 ms, WeatherRun =0, CharacterRun =60, StateRun =0, ActiveMgrUnitNum =125
[06-13 17:16:31]	"Cha-Купец - Сэнджей+2952800485" Check = 0, ActCache = 0, Resume = 59, Player = 0, AI = 0, Area = 0, Die = 0, Mission = 0, Team = 0, SkillState = 0, Move = 0, Fight = 0, DB = 0, Ping = 0
[06-13 17:16:51]...hell3(1) used =0 ms, WeatherRun =0, CharacterRun =0, StateRun =0, ActiveMgrUnitNum =0
[06-13 17:16:51]...hell4(1) used =0 ms, WeatherRun =0, CharacterRun =0, StateRun =0, ActiveMgrUnitNum =0
[06-13 17:16:51]...hell5(1) used =0 ms, WeatherRun =0, CharacterRun =0, StateRun =0, ActiveMgrUnitNum =0
[06-13 17:17:00]		character [Cha-BopoHange1+872] local movement time usage over limit time =1304 (partial status took 0, exploration took 21, local took 1283, region took 0) 
[06-13 17:17:00]		Character[Cha-BopoHange1+872]movement time is excessive time =1305 (position0, field of view1305) 
[06-13 17:17:00]!!!garner(1)Consumes =1305 ms, WeatherRun =0, CharacterRun =1305, StateRun =0, ActiveMgrUnitNum =125
[06-13 17:17:00]	"Cha-BopoHange1+872" Check = 0, ActCache = 0, Resume = 0, Player = 0, AI = 0, Area = 0, Die = 0, Mission = 0, Team = 0, SkillState = 0, Move = 1305, Fight = 0, DB = 0, Ping = 0
[06-13 17:17:10]		character [Cha-BopoHange1+872] local movement time usage over limit time =240 (partial status took 0, exploration took 0, local took 240, region took 0) 
[06-13 17:17:10]		Character[Cha-BopoHange1+872]movement time is excessive time =240 (position0, field of view240) 
[06-13 17:17:10]!!!garner(1)Consumes =241 ms, WeatherRun =0, CharacterRun =241, StateRun =0, ActiveMgrUnitNum =125
[06-13 17:17:10]	"Cha-BopoHange1+872" Check = 0, ActCache = 0, Resume = 0, Player = 0, AI = 0, Area = 0, Die = 0, Mission = 0, Team = 0, SkillState = 0, Move = 240, Fight = 0, DB = 0, Ping = 0
[06-13 17:17:21]...hell3(1) used =0 ms, WeatherRun =0, CharacterRun =0, StateRun =0, ActiveMgrUnitNum =0
[06-13 17:17:21]...hell4(1) used =0 ms, WeatherRun =0, CharacterRun =0, StateRun =0, ActiveMgrUnitNum =0
[06-13 17:17:21]...hell5(1) used =0 ms, WeatherRun =0, CharacterRun =0, StateRun =0, ActiveMgrUnitNum =0
[06-13 17:17:40]...garner(1) used =0 ms, WeatherRun =0, CharacterRun =0, StateRun =0, ActiveMgrUnitNum =100
[06-13 17:17:51]...hell3(1) used =0 ms, WeatherRun =0, CharacterRun =0, StateRun =0, ActiveMgrUnitNum =0
[06-13 17:17:51]...hell4(1) used =0 ms, WeatherRun =0, CharacterRun =0, StateRun =0, ActiveMgrUnitNum =0
[06-13 17:17:51]...hell5(1) used =0 ms, WeatherRun =0, CharacterRun =0, StateRun =0, ActiveMgrUnitNum =0
[06-13 17:18:10]...garner(1) used =0 ms, WeatherRun =0, CharacterRun =0, StateRun =0, ActiveMgrUnitNum =100
[06-13 17:18:13]!!!garner(1)Consumes =149 ms, WeatherRun =0, CharacterRun =149, StateRun =0, ActiveMgrUnitNum =100
[06-13 17:18:13]	"Cha-Купец - Сэнджей+2952800485" Check = 0, ActCache = 0, Resume = 148, Player = 0, AI = 0, Area = 0, Die = 0, Mission = 0, Team = 0, SkillState = 0, Move = 0, Fight = 0, DB = 0, Ping = 0
[06-13 17:18:21]...hell3(1) used =0 ms, WeatherRun =0, CharacterRun =0, StateRun =0, ActiveMgrUnitNum =0
[06-13 17:18:21]...hell4(1) used =0 ms, WeatherRun =0, CharacterRun =0, StateRun =0, ActiveMgrUnitNum =0
[06-13 17:18:21]...hell5(1) used =0 ms, WeatherRun =0, CharacterRun =0, StateRun =0, ActiveMgrUnitNum =0
[06-13 17:18:25]!!!garner(1)Consumes =141 ms, WeatherRun =0, CharacterRun =141, StateRun =0, ActiveMgrUnitNum =100
[06-13 17:18:25]	"Cha-Купец - Сэнджей+2952800485" Check = 0, ActCache = 0, Resume = 140, Player = 0, AI = 0, Area = 0, Die = 0, Mission = 0, Team = 0, SkillState = 0, Move = 0, Fight = 0, DB = 0, Ping = 0
[06-13 17:18:29]!!!garner(1)Consumes =154 ms, WeatherRun =0, CharacterRun =154, StateRun =0, ActiveMgrUnitNum =100
[06-13 17:18:29]	"Cha-Купец - Сэнджей+2952800485" Check = 0, ActCache = 0, Resume = 154, Player = 0, AI = 0, Area = 0, Die = 0, Mission = 0, Team = 0, SkillState = 0, Move = 0, Fight = 0, DB = 0, Ping = 0
[06-13 17:18:51]...hell3(1) used =0 ms, WeatherRun =0, CharacterRun =0, StateRun =0, ActiveMgrUnitNum =0
[06-13 17:18:51]...hell4(1) used =0 ms, WeatherRun =0, CharacterRun =0, StateRun =0, ActiveMgrUnitNum =0
[06-13 17:18:51]...hell5(1) used =0 ms, WeatherRun =0, CharacterRun =0, StateRun =0, ActiveMgrUnitNum =0
[06-13 17:18:59]...garner(1) used =0 ms, WeatherRun =0, CharacterRun =0, StateRun =0, ActiveMgrUnitNum =100
[06-13 17:19:21]...hell3(1) used =0 ms, WeatherRun =0, CharacterRun =0, StateRun =0, ActiveMgrUnitNum =0
[06-13 17:19:21]...hell4(1) used =0 ms, WeatherRun =0, CharacterRun =0, StateRun =0, ActiveMgrUnitNum =0
[06-13 17:19:21]...hell5(1) used =0 ms, WeatherRun =0, CharacterRun =0, StateRun =0, ActiveMgrUnitNum =0
[06-13 17:19:29]...garner(1) used =0 ms, WeatherRun =0, CharacterRun =0, StateRun =0, ActiveMgrUnitNum =100
[06-13 17:19:51]...hell3(1) used =0 ms, WeatherRun =0, CharacterRun =0, StateRun =0, ActiveMgrUnitNum =0
[06-13 17:19:51]...hell4(1) used =0 ms, WeatherRun =0, CharacterRun =0, StateRun =0, ActiveMgrUnitNum =0
[06-13 17:19:51]...hell5(1) used =0 ms, WeatherRun =0, CharacterRun =0, StateRun =0, ActiveMgrUnitNum =0
[06-13 17:19:59]...garner(1) used =7 ms, WeatherRun =0, CharacterRun =7, StateRun =0, ActiveMgrUnitNum =100
[06-13 17:19:59]	"Cha-Абордажник Сакуры+2952801492" Check = 4, ActCache = 0, Resume = 0, Player = 0, AI = 0, Area = 0, Die = 0, Mission = 0, Team = 0, SkillState = 0, Move = 0, Fight = 0, DB = 0, Ping = 0
[06-13 17:20:21]...hell3(1) used =0 ms, WeatherRun =0, CharacterRun =0, StateRun =0, ActiveMgrUnitNum =0
[06-13 17:20:21]...hell4(1) used =0 ms, WeatherRun =0, CharacterRun =0, StateRun =0, ActiveMgrUnitNum =0
[06-13 17:20:21]...hell5(1) used =0 ms, WeatherRun =0, CharacterRun =0, StateRun =0, ActiveMgrUnitNum =0
[06-13 17:20:29]...garner(1) used =0 ms, WeatherRun =0, CharacterRun =0, StateRun =0, ActiveMgrUnitNum =100
[06-13 17:20:51]...hell3(1) used =0 ms, WeatherRun =0, CharacterRun =0, StateRun =0, ActiveMgrUnitNum =0
[06-13 17:20:51]...hell4(1) used =0 ms, WeatherRun =0, CharacterRun =0, StateRun =0, ActiveMgrUnitNum =0
[06-13 17:20:51]...hell5(1) used =0 ms, WeatherRun =0, CharacterRun =0, StateRun =0, ActiveMgrUnitNum =0
[06-13 17:20:59]...garner(1) used =1 ms, WeatherRun =0, CharacterRun =1, StateRun =0, ActiveMgrUnitNum =100
[06-13 17:21:21]...hell3(1) used =0 ms, WeatherRun =0, CharacterRun =0, StateRun =0, ActiveMgrUnitNum =0
[06-13 17:21:21]...hell4(1) used =0 ms, WeatherRun =0, CharacterRun =0, StateRun =0, ActiveMgrUnitNum =0
[06-13 17:21:21]...hell5(1) used =0 ms, WeatherRun =0, CharacterRun =0, StateRun =0, ActiveMgrUnitNum =0
[06-13 17:21:29]...garner(1) used =0 ms, WeatherRun =0, CharacterRun =0, StateRun =0, ActiveMgrUnitNum =100
[06-13 17:21:51]...hell3(1) used =0 ms, WeatherRun =0, CharacterRun =0, StateRun =0, ActiveMgrUnitNum =0
[06-13 17:21:51]...hell4(1) used =0 ms, WeatherRun =0, CharacterRun =0, StateRun =0, ActiveMgrUnitNum =0
[06-13 17:21:51]...hell5(1) used =0 ms, WeatherRun =0, CharacterRun =0, StateRun =0, ActiveMgrUnitNum =0
[06-13 17:21:59]...garner(1) used =0 ms, WeatherRun =0, CharacterRun =0, StateRun =0, ActiveMgrUnitNum =100
[06-13 17:22:21]...hell3(1) used =0 ms, WeatherRun =0, CharacterRun =0, StateRun =0, ActiveMgrUnitNum =0
[06-13 17:22:21]...hell4(1) used =0 ms, WeatherRun =0, CharacterRun =0, StateRun =0, ActiveMgrUnitNum =0
[06-13 17:22:21]...hell5(1) used =0 ms, WeatherRun =0, CharacterRun =0, StateRun =0, ActiveMgrUnitNum =0
[06-13 17:22:30]...garner(1) used =0 ms, WeatherRun =0, CharacterRun =0, StateRun =0, ActiveMgrUnitNum =100
[06-13 17:22:51]...hell3(1) used =0 ms, WeatherRun =0, CharacterRun =0, StateRun =0, ActiveMgrUnitNum =0
[06-13 17:22:51]...hell4(1) used =0 ms, WeatherRun =0, CharacterRun =0, StateRun =0, ActiveMgrUnitNum =0
[06-13 17:22:51]...hell5(1) used =0 ms, WeatherRun =0, CharacterRun =0, StateRun =0, ActiveMgrUnitNum =0
[06-13 17:23:00]...garner(1) used =0 ms, WeatherRun =0, CharacterRun =0, StateRun =0, ActiveMgrUnitNum =100
[06-13 17:23:21]...hell3(1) used =0 ms, WeatherRun =0, CharacterRun =0, StateRun =0, ActiveMgrUnitNum =0
[06-13 17:23:21]...hell4(1) used =0 ms, WeatherRun =0, CharacterRun =0, StateRun =0, ActiveMgrUnitNum =0
[06-13 17:23:21]...hell5(1) used =0 ms, WeatherRun =0, CharacterRun =0, StateRun =0, ActiveMgrUnitNum =0
[06-13 17:23:30]...garner(1) used =1 ms, WeatherRun =0, CharacterRun =1, StateRun =0, ActiveMgrUnitNum =100
[06-13 17:23:52]...hell3(1) used =0 ms, WeatherRun =0, CharacterRun =0, StateRun =0, ActiveMgrUnitNum =0
[06-13 17:23:52]...hell4(1) used =0 ms, WeatherRun =0, CharacterRun =0, StateRun =0, ActiveMgrUnitNum =0
[06-13 17:23:52]...hell5(1) used =0 ms, WeatherRun =0, CharacterRun =0, StateRun =0, ActiveMgrUnitNum =0
[06-13 17:24:00]...garner(1) used =0 ms, WeatherRun =0, CharacterRun =0, StateRun =0, ActiveMgrUnitNum =100
[06-13 17:24:22]...hell3(1) used =0 ms, WeatherRun =0, CharacterRun =0, StateRun =0, ActiveMgrUnitNum =0
[06-13 17:24:22]...hell4(1) used =0 ms, WeatherRun =0, CharacterRun =0, StateRun =0, ActiveMgrUnitNum =0
[06-13 17:24:22]...hell5(1) used =0 ms, WeatherRun =0, CharacterRun =0, StateRun =0, ActiveMgrUnitNum =0
[06-13 17:24:30]...garner(1) used =0 ms, WeatherRun =0, CharacterRun =0, StateRun =0, ActiveMgrUnitNum =100
[06-13 17:24:52]...hell3(1) used =0 ms, WeatherRun =0, CharacterRun =0, StateRun =0, ActiveMgrUnitNum =0
[06-13 17:24:52]...hell4(1) used =0 ms, WeatherRun =0, CharacterRun =0, StateRun =0, ActiveMgrUnitNum =0
[06-13 17:24:52]...hell5(1) used =0 ms, WeatherRun =0, CharacterRun =0, StateRun =0, ActiveMgrUnitNum =0
[06-13 17:25:00]...garner(1) used =1 ms, WeatherRun =0, CharacterRun =1, StateRun =0, ActiveMgrUnitNum =100
[06-13 17:25:22]...hell3(1) used =0 ms, WeatherRun =0, CharacterRun =0, StateRun =0, ActiveMgrUnitNum =0
[06-13 17:25:22]...hell4(1) used =0 ms, WeatherRun =0, CharacterRun =0, StateRun =0, ActiveMgrUnitNum =0
[06-13 17:25:22]...hell5(1) used =0 ms, WeatherRun =0, CharacterRun =0, StateRun =0, ActiveMgrUnitNum =0
[06-13 17:25:30]...garner(1) used =0 ms, WeatherRun =0, CharacterRun =0, StateRun =0, ActiveMgrUnitNum =100
[06-13 17:25:52]...hell3(1) used =0 ms, WeatherRun =0, CharacterRun =0, StateRun =0, ActiveMgrUnitNum =0
[06-13 17:25:52]...hell4(1) used =0 ms, WeatherRun =0, CharacterRun =0, StateRun =0, ActiveMgrUnitNum =0
[06-13 17:25:52]...hell5(1) used =0 ms, WeatherRun =0, CharacterRun =0, StateRun =0, ActiveMgrUnitNum =0
[06-13 17:26:00]...garner(1) used =0 ms, WeatherRun =0, CharacterRun =0, StateRun =0, ActiveMgrUnitNum =100
[06-13 17:26:22]...hell3(1) used =0 ms, WeatherRun =0, CharacterRun =0, StateRun =0, ActiveMgrUnitNum =0
[06-13 17:26:22]...hell4(1) used =0 ms, WeatherRun =0, CharacterRun =0, StateRun =0, ActiveMgrUnitNum =0
[06-13 17:26:22]...hell5(1) used =0 ms, WeatherRun =0, CharacterRun =0, StateRun =0, ActiveMgrUnitNum =0
[06-13 17:26:30]...garner(1) used =0 ms, WeatherRun =0, CharacterRun =0, StateRun =0, ActiveMgrUnitNum =100
[06-13 17:26:52]...hell3(1) used =0 ms, WeatherRun =0, CharacterRun =0, StateRun =0, ActiveMgrUnitNum =0
[06-13 17:26:52]...hell4(1) used =0 ms, WeatherRun =0, CharacterRun =0, StateRun =0, ActiveMgrUnitNum =0
[06-13 17:26:52]...hell5(1) used =0 ms, WeatherRun =0, CharacterRun =0, StateRun =0, ActiveMgrUnitNum =0
[06-13 17:27:00]...garner(1) used =0 ms, WeatherRun =0, CharacterRun =0, StateRun =0, ActiveMgrUnitNum =100
[06-13 17:27:22]...hell3(1) used =0 ms, WeatherRun =0, CharacterRun =0, StateRun =0, ActiveMgrUnitNum =0
[06-13 17:27:22]...hell4(1) used =0 ms, WeatherRun =0, CharacterRun =0, StateRun =0, ActiveMgrUnitNum =0
[06-13 17:27:22]...hell5(1) used =0 ms, WeatherRun =0, CharacterRun =0, StateRun =0, ActiveMgrUnitNum =0
[06-13 17:27:30]...garner(1) used =0 ms, WeatherRun =0, CharacterRun =0, StateRun =0, ActiveMgrUnitNum =100
[06-13 17:27:52]...hell3(1) used =0 ms, WeatherRun =0, CharacterRun =0, StateRun =0, ActiveMgrUnitNum =0
[06-13 17:27:52]...hell4(1) used =0 ms, WeatherRun =0, CharacterRun =0, StateRun =0, ActiveMgrUnitNum =0
[06-13 17:27:52]...hell5(1) used =0 ms, WeatherRun =0, CharacterRun =0, StateRun =0, ActiveMgrUnitNum =0
[06-13 17:28:00]...garner(1) used =0 ms, WeatherRun =0, CharacterRun =0, StateRun =0, ActiveMgrUnitNum =100
[06-13 17:28:22]...hell3(1) used =0 ms, WeatherRun =0, CharacterRun =0, StateRun =0, ActiveMgrUnitNum =0
[06-13 17:28:22]...hell4(1) used =0 ms, WeatherRun =0, CharacterRun =0, StateRun =0, ActiveMgrUnitNum =0
[06-13 17:28:22]...hell5(1) used =0 ms, WeatherRun =0, CharacterRun =0, StateRun =0, ActiveMgrUnitNum =0
[06-13 17:28:30]...garner(1) used =0 ms, WeatherRun =0, CharacterRun =0, StateRun =0, ActiveMgrUnitNum =100
[06-13 17:28:52]...hell3(1) used =0 ms, WeatherRun =0, CharacterRun =0, StateRun =0, ActiveMgrUnitNum =0
[06-13 17:28:52]...hell4(1) used =0 ms, WeatherRun =0, CharacterRun =0, StateRun =0, ActiveMgrUnitNum =0
[06-13 17:28:52]...hell5(1) used =0 ms, WeatherRun =0, CharacterRun =0, StateRun =0, ActiveMgrUnitNum =0
[06-13 17:29:00]...garner(1) used =0 ms, WeatherRun =0, CharacterRun =0, StateRun =0, ActiveMgrUnitNum =100
[06-13 17:29:22]...hell3(1) used =0 ms, WeatherRun =0, CharacterRun =0, StateRun =0, ActiveMgrUnitNum =0
[06-13 17:29:22]...hell4(1) used =0 ms, WeatherRun =0, CharacterRun =0, StateRun =0, ActiveMgrUnitNum =0
[06-13 17:29:22]...hell5(1) used =0 ms, WeatherRun =0, CharacterRun =0, StateRun =0, ActiveMgrUnitNum =0
[06-13 17:29:30]...garner(1) used =0 ms, WeatherRun =0, CharacterRun =0, StateRun =0, ActiveMgrUnitNum =100
[06-13 17:29:37]!!!garner(1)Consumes =85 ms, WeatherRun =0, CharacterRun =85, StateRun =0, ActiveMgrUnitNum =100
[06-13 17:29:37]	"Cha-Купец - Сэнджей+2952800485" Check = 0, ActCache = 0, Resume = 83, Player = 0, AI = 0, Area = 0, Die = 0, Mission = 0, Team = 0, SkillState = 0, Move = 0, Fight = 0, DB = 0, Ping = 0
