[06-12 07:12:08]
[06-12 07:12:08]Request to SetEntry: position abandonedcity3 --> abandonedcity2[24900, 22500]
[06-12 07:12:08]
[06-12 07:12:08]Request to SetEntry: position hell4 --> hell3[19100, 18000]
[06-12 07:12:08]Received create entry request: position hell4 --> hell3[19100, 18000], script line count 53
[06-12 07:12:08]create entrance successful: position hell4 --> hell3[19100, 18000] 
[06-12 07:12:08]Received entry has been successfully built: Position hell3 -- > hell4
[06-12 07:12:09]
[06-12 07:12:09]Request to SetEntry: position mjing1 --> winterland[0, 0]
[06-12 07:12:09]Received create entry request: position mjing1 --> winterland[0, 0], script line count 24
[06-12 07:12:09]create entrance successful: position mjing1 --> winterland[0, 0] 
[06-12 07:12:09]Received entry has been successfully built: Position winterland -- > mjing1
[06-12 07:12:09]
[06-12 07:12:09]Request to SetEntry: position mjing2 --> winterland[0, 0]
[06-12 07:12:09]Received create entry request: position mjing2 --> winterland[0, 0], script line count 25
[06-12 07:12:09]create entrance successful: position mjing2 --> winterland[0, 0] 
[06-12 07:12:09]Received entry has been successfully built: Position winterland -- > mjing2
[06-12 07:12:09]
[06-12 07:12:09]Request to SetEntry: position mjing3 --> winterland[0, 0]
[06-12 07:12:09]Received create entry request: position mjing3 --> winterland[0, 0], script line count 23
[06-12 07:12:09]create entrance successful: position mjing3 --> winterland[0, 0] 
[06-12 07:12:09]Received entry has been successfully built: Position winterland -- > mjing3
[06-12 07:12:09]
[06-12 07:12:09]Request to SetEntry: position puzzleworld2 --> puzzleworld[36500, 38100]
[06-12 07:12:09]Received create entry request: position puzzleworld2 --> puzzleworld[36500, 38100], script line count 23
[06-12 07:12:09]create entrance successful: position puzzleworld2 --> puzzleworld[36500, 38100] 
[06-12 07:12:09]Received entry has been successfully built: Position puzzleworld -- > puzzleworld2
[06-12 07:12:09]
[06-12 07:12:09]Request to SetEntry: position teampk --> garner[0, 0]
[06-12 07:12:10]Received create entry request: position teampk --> garner[0, 0], script line count 103
[06-12 07:12:10]create entrance successful: position teampk --> garner[0, 0] 
[06-12 07:12:10]Received entry has been successfully built: Position garner -- > teampk
[06-12 07:12:11]
[06-12 07:12:11]Request to SetEntry: position abandonedcity3 --> abandonedcity2[24900, 22500]
[06-12 07:12:11]Received create entry request: position abandonedcity3 --> abandonedcity2[24900, 22500], script line count 25
[06-12 07:12:11]create entrance successful: position abandonedcity3 --> abandonedcity2[24900, 22500] 
[06-12 07:12:11]Received entry has been successfully built: Position abandonedcity2 -- > abandonedcity3
[06-12 07:20:01]Close entry: position abandonedcity3 --> abandonedcity2
[06-12 07:20:01]Received destroy entry request: Position abandonedcity3 -- > abandonedcity2
[06-12 07:20:01]Successfully destroyed the entrance: Position abandonedcity3 --> abandonedcity2
[06-12 07:20:01]Received entrance is successfully destroyed: Position abandonedcity2 --> abandonedcity3
[06-12 07:20:04]Close entry: position puzzleworld2 --> puzzleworld
[06-12 07:20:04]Received destroy entry request: Position puzzleworld2 -- > puzzleworld
[06-12 07:20:04]Successfully destroyed the entrance: Position puzzleworld2 --> puzzleworld
[06-12 07:20:04]Received entrance is successfully destroyed: Position puzzleworld --> puzzleworld2
[06-13 17:04:46]
[06-13 17:04:46]Request to SetEntry: position hell3 --> hell2[24500, 7500]
[06-13 17:04:46]Received create entry request: position hell3 --> hell2[24500, 7500], script line count 45
[06-13 17:04:46]create entrance successful: position hell3 --> hell2[24500, 7500] 
[06-13 17:04:46]Received entry has been successfully built: Position hell2 -- > hell3
[06-13 17:04:46]
[06-13 17:04:46]Request to SetEntry: position hell4 --> hell3[19100, 18000]
[06-13 17:04:46]
[06-13 17:04:46]Request to SetEntry: position hell5 --> hell4[5500, 3300]
[06-13 17:04:46]Received create entry request: position hell4 --> hell3[19100, 18000], script line count 53
[06-13 17:04:46]create entrance successful: position hell4 --> hell3[19100, 18000] 
[06-13 17:04:46]Received create entry request: position hell5 --> hell4[5500, 3300], script line count 49
[06-13 17:04:46]create entrance successful: position hell5 --> hell4[5500, 3300] 
[06-13 17:04:46]Received entry has been successfully built: Position hell3 -- > hell4
[06-13 17:04:46]Received entry has been successfully built: Position hell4 -- > hell5
[06-13 17:04:47]
[06-13 17:04:47]Request to SetEntry: position mjing1 --> winterland[0, 0]
[06-13 17:04:47]Received create entry request: position mjing1 --> winterland[0, 0], script line count 24
[06-13 17:04:47]create entrance successful: position mjing1 --> winterland[0, 0] 
[06-13 17:04:47]Received entry has been successfully built: Position winterland -- > mjing1
[06-13 17:04:47]
[06-13 17:04:47]Request to SetEntry: position mjing2 --> winterland[0, 0]
[06-13 17:04:47]Received create entry request: position mjing2 --> winterland[0, 0], script line count 25
[06-13 17:04:47]create entrance successful: position mjing2 --> winterland[0, 0] 
[06-13 17:04:47]Received entry has been successfully built: Position winterland -- > mjing2
[06-13 17:04:47]
[06-13 17:04:47]Request to SetEntry: position mjing3 --> winterland[0, 0]
[06-13 17:04:47]Received create entry request: position mjing3 --> winterland[0, 0], script line count 23
[06-13 17:04:47]create entrance successful: position mjing3 --> winterland[0, 0] 
[06-13 17:04:47]Received entry has been successfully built: Position winterland -- > mjing3
[06-13 17:04:48]
[06-13 17:04:48]Request to SetEntry: position starena33 --> garner[223200, 278100]
[06-13 17:04:48]Received create entry request: position starena33 --> garner[223200, 278100], script line count 31
[06-13 17:04:48]create entrance successful: position starena33 --> garner[223200, 278100] 
[06-13 17:04:48]Received entry has been successfully built: Position garner -- > starena33
[06-13 17:04:48]
[06-13 17:04:48]Request to SetEntry: position teampk --> garner[0, 0]
[06-13 17:04:48]Received create entry request: position teampk --> garner[0, 0], script line count 103
[06-13 17:04:48]create entrance successful: position teampk --> garner[0, 0] 
[06-13 17:04:48]Received entry has been successfully built: Position garner -- > teampk
[06-13 17:20:03]Close entry: position starena33 --> garner
[06-13 17:20:03]Received destroy entry request: Position starena33 -- > garner
[06-13 17:20:03]Successfully destroyed the entrance: Position starena33 --> garner
[06-13 17:20:03]Received entrance is successfully destroyed: Position garner --> starena33
