[06-08 13:35:24]
[06-08 13:35:24]ask for found entrance : position hell2 --> hell[7200, 17900]
[06-08 13:35:24]
[06-08 13:35:24]ask for found entrance : position hell4 --> hell3[19100, 18000]
[06-08 13:35:27]
[06-08 13:35:27]ask for found entrance : position hell2 --> hell[7200, 17900]
[06-08 13:35:27]
[06-08 13:35:27]ask for found entrance : position teampk --> garner[0, 0]
[06-08 13:35:28]
[06-08 13:35:28]ask for found entrance : position hell4 --> hell3[19100, 18000]
[06-08 13:35:32]
[06-08 13:35:32]ask for found entrance : position hell2 --> hell[7200, 17900]
[06-08 13:35:32]
[06-08 13:35:32]ask for found entrance : position teampk --> garner[0, 0]
[06-08 13:35:33]
[06-08 13:35:33]ask for found entrance : position hell4 --> hell3[19100, 18000]
[06-08 13:35:37]
[06-08 13:35:37]ask for found entrance : position hell2 --> hell[7200, 17900]
[06-08 13:35:37]
[06-08 13:35:37]ask for found entrance : position teampk --> garner[0, 0]
[06-08 13:35:38]
[06-08 13:35:38]ask for found entrance : position hell4 --> hell3[19100, 18000]
[06-08 13:35:42]
[06-08 13:35:42]ask for found entrance : position hell2 --> hell[7200, 17900]
[06-08 13:35:42]
[06-08 13:35:42]ask for found entrance : position teampk --> garner[0, 0]
[06-08 13:35:43]
[06-08 13:35:43]ask for found entrance : position hell4 --> hell3[19100, 18000]
[06-08 13:35:47]
[06-08 13:35:47]ask for found entrance : position hell2 --> hell[7200, 17900]
[06-08 13:35:47]
[06-08 13:35:47]ask for found entrance : position teampk --> garner[0, 0]
[06-08 13:35:48]
[06-08 13:35:48]ask for found entrance : position hell4 --> hell3[19100, 18000]
[06-08 13:35:52]
[06-08 13:35:52]ask for found entrance : position hell2 --> hell[7200, 17900]
[06-08 13:35:52]
[06-08 13:35:52]ask for found entrance : position teampk --> garner[0, 0]
[06-08 13:35:53]
[06-08 13:35:53]ask for found entrance : position hell4 --> hell3[19100, 18000]
[06-08 13:35:57]
[06-08 13:35:57]ask for found entrance : position hell2 --> hell[7200, 17900]
[06-08 13:35:57]
[06-08 13:35:57]ask for found entrance : position teampk --> garner[0, 0]
[06-08 13:35:58]
[06-08 13:35:58]ask for found entrance : position hell4 --> hell3[19100, 18000]
[06-08 13:36:02]
[06-08 13:36:02]ask for found entrance : position hell2 --> hell[7200, 17900]
[06-08 13:36:02]
[06-08 13:36:02]ask for found entrance : position teampk --> garner[0, 0]
[06-08 13:36:03]
[06-08 13:36:03]ask for found entrance : position hell4 --> hell3[19100, 18000]
[06-08 13:36:07]
[06-08 13:36:07]ask for found entrance : position hell2 --> hell[7200, 17900]
[06-08 13:36:07]
[06-08 13:36:07]ask for found entrance : position teampk --> garner[0, 0]
[06-08 13:36:08]
[06-08 13:36:08]ask for found entrance : position hell4 --> hell3[19100, 18000]
[06-08 13:36:12]
[06-08 13:36:12]ask for found entrance : position hell2 --> hell[7200, 17900]
[06-08 13:36:12]
[06-08 13:36:12]ask for found entrance : position teampk --> garner[0, 0]
[06-08 13:36:13]
[06-08 13:36:13]ask for found entrance : position hell4 --> hell3[19100, 18000]
[06-08 13:36:17]
[06-08 13:36:17]ask for found entrance : position hell2 --> hell[7200, 17900]
[06-08 13:36:17]
[06-08 13:36:17]ask for found entrance : position teampk --> garner[0, 0]
[06-08 13:36:18]
[06-08 13:36:18]ask for found entrance : position hell4 --> hell3[19100, 18000]
[06-08 13:36:22]
[06-08 13:36:22]ask for found entrance : position hell2 --> hell[7200, 17900]
[06-08 13:36:22]
[06-08 13:36:22]ask for found entrance : position teampk --> garner[0, 0]
[06-08 13:36:23]
[06-08 13:36:23]ask for found entrance : position hell4 --> hell3[19100, 18000]
[06-08 13:36:27]
[06-08 13:36:27]ask for found entrance : position hell2 --> hell[7200, 17900]
[06-08 13:36:27]
[06-08 13:36:27]ask for found entrance : position teampk --> garner[0, 0]
[06-08 13:36:28]
[06-08 13:36:28]ask for found entrance : position hell4 --> hell3[19100, 18000]
[06-08 13:36:32]
[06-08 13:36:32]ask for found entrance : position hell2 --> hell[7200, 17900]
[06-08 13:36:32]
[06-08 13:36:32]ask for found entrance : position teampk --> garner[0, 0]
[06-08 13:36:33]
[06-08 13:36:33]ask for found entrance : position hell4 --> hell3[19100, 18000]
[06-08 13:36:37]
[06-08 13:36:37]ask for found entrance : position hell2 --> hell[7200, 17900]
[06-08 13:36:37]
[06-08 13:36:37]ask for found entrance : position teampk --> garner[0, 0]
[06-08 13:36:38]
[06-08 13:36:38]ask for found entrance : position hell4 --> hell3[19100, 18000]
[06-08 13:36:42]
[06-08 13:36:42]ask for found entrance : position hell2 --> hell[7200, 17900]
[06-08 13:36:42]
[06-08 13:36:42]ask for found entrance : position teampk --> garner[0, 0]
[06-08 13:36:43]
[06-08 13:36:43]ask for found entrance : position hell4 --> hell3[19100, 18000]
[06-08 13:36:47]
[06-08 13:36:47]ask for found entrance : position hell2 --> hell[7200, 17900]
[06-08 13:36:47]
[06-08 13:36:47]ask for found entrance : position teampk --> garner[0, 0]
[06-08 13:36:48]
[06-08 13:36:48]ask for found entrance : position hell4 --> hell3[19100, 18000]
[06-08 13:36:52]
[06-08 13:36:52]ask for found entrance : position hell2 --> hell[7200, 17900]
[06-08 13:36:52]
[06-08 13:36:52]ask for found entrance : position teampk --> garner[0, 0]
[06-08 13:36:53]
[06-08 13:36:53]ask for found entrance : position hell4 --> hell3[19100, 18000]
[06-08 13:37:17]
[06-08 13:37:17]ask for found entrance : position hell2 --> hell[7200, 17900]
[06-08 13:37:17]
[06-08 13:37:17]ask for found entrance : position hell4 --> hell3[19100, 18000]
[06-08 13:37:19]
[06-08 13:37:19]ask for found entrance : position teampk --> garner[0, 0]
[06-08 13:37:22]
[06-08 13:37:22]ask for found entrance : position hell2 --> hell[7200, 17900]
[06-08 13:37:22]
[06-08 13:37:22]ask for found entrance : position hell4 --> hell3[19100, 18000]
[06-08 13:37:24]
[06-08 13:37:24]ask for found entrance : position teampk --> garner[0, 0]
[06-08 13:37:27]
[06-08 13:37:27]ask for found entrance : position hell2 --> hell[7200, 17900]
[06-08 13:37:27]
[06-08 13:37:27]ask for found entrance : position hell4 --> hell3[19100, 18000]
[06-08 13:37:29]
[06-08 13:37:29]ask for found entrance : position teampk --> garner[0, 0]
[06-08 13:37:32]
[06-08 13:37:32]ask for found entrance : position hell2 --> hell[7200, 17900]
[06-08 13:37:32]
[06-08 13:37:32]ask for found entrance : position hell4 --> hell3[19100, 18000]
[06-08 13:37:34]
[06-08 13:37:34]ask for found entrance : position teampk --> garner[0, 0]
[06-08 13:37:37]
[06-08 13:37:37]ask for found entrance : position hell2 --> hell[7200, 17900]
[06-08 13:37:37]
[06-08 13:37:37]ask for found entrance : position hell4 --> hell3[19100, 18000]
[06-08 13:37:39]
[06-08 13:37:39]ask for found entrance : position teampk --> garner[0, 0]
[06-08 13:37:42]
[06-08 13:37:42]ask for found entrance : position hell2 --> hell[7200, 17900]
[06-08 13:37:42]
[06-08 13:37:42]ask for found entrance : position hell4 --> hell3[19100, 18000]
[06-08 13:37:44]
[06-08 13:37:44]ask for found entrance : position teampk --> garner[0, 0]
[06-08 13:37:47]
[06-08 13:37:47]ask for found entrance : position hell2 --> hell[7200, 17900]
[06-08 13:37:47]
[06-08 13:37:47]ask for found entrance : position hell4 --> hell3[19100, 18000]
[06-08 13:37:49]
[06-08 13:37:49]ask for found entrance : position teampk --> garner[0, 0]
[06-08 13:37:52]
[06-08 13:37:52]ask for found entrance : position hell2 --> hell[7200, 17900]
[06-08 13:37:52]
[06-08 13:37:52]ask for found entrance : position hell4 --> hell3[19100, 18000]
[06-08 13:37:54]
[06-08 13:37:54]ask for found entrance : position teampk --> garner[0, 0]
[06-12 06:43:01]
[06-12 06:43:01]ask for found entrance : position abandonedcity --> magicsea[150900, 366600]
[06-12 06:43:01]
[06-12 06:43:01]ask for found entrance : position abandonedcity3 --> abandonedcity2[24900, 22500]
[06-12 06:43:01]
[06-12 06:43:01]ask for found entrance : position darkswamp --> magicsea[203700, 277900]
[06-12 06:43:02]
[06-12 06:43:02]ask for found entrance : position abandonedcity3 --> abandonedcity2[24900, 22500]
[06-12 06:43:02]
[06-12 06:43:02]ask for found entrance : position hell4 --> hell3[19100, 18000]
[06-12 06:43:04]
[06-12 06:43:04]ask for found entrance : position puzzleworld2 --> puzzleworld[17200, 16500]
[06-12 06:43:04]
[06-12 06:43:04]ask for found entrance : position teampk --> garner[0, 0]
[06-12 06:43:05]
[06-12 06:43:05]ask for found entrance : position abandonedcity --> magicsea[150900, 366600]
[06-12 06:43:06]
[06-12 06:43:06]ask for found entrance : position darkswamp --> magicsea[203700, 277900]
[06-12 06:43:10]
[06-12 06:43:10]ask for found entrance : position abandonedcity --> magicsea[150900, 366600]
[06-12 06:43:11]
[06-12 06:43:11]ask for found entrance : position darkswamp --> magicsea[203700, 277900]
[06-12 06:43:15]
[06-12 06:43:15]ask for found entrance : position abandonedcity --> magicsea[150900, 366600]
[06-12 06:43:16]
[06-12 06:43:16]ask for found entrance : position darkswamp --> magicsea[203700, 277900]
[06-12 06:43:20]
[06-12 06:43:20]ask for found entrance : position abandonedcity --> magicsea[150900, 366600]
[06-12 06:43:21]
[06-12 06:43:21]ask for found entrance : position darkswamp --> magicsea[203700, 277900]
[06-12 06:43:25]
[06-12 06:43:25]ask for found entrance : position abandonedcity --> magicsea[150900, 366600]
[06-12 06:43:26]
[06-12 06:43:26]ask for found entrance : position darkswamp --> magicsea[203700, 277900]
[06-12 06:43:30]
[06-12 06:43:30]ask for found entrance : position abandonedcity --> magicsea[150900, 366600]
[06-12 06:43:31]
[06-12 06:43:31]ask for found entrance : position darkswamp --> magicsea[203700, 277900]
[06-12 06:43:35]
[06-12 06:43:35]ask for found entrance : position abandonedcity --> magicsea[150900, 366600]
[06-12 06:43:36]
[06-12 06:43:36]ask for found entrance : position darkswamp --> magicsea[203700, 277900]
[06-12 06:43:40]
[06-12 06:43:40]ask for found entrance : position abandonedcity --> magicsea[150900, 366600]
[06-12 06:43:41]
[06-12 06:43:41]ask for found entrance : position darkswamp --> magicsea[203700, 277900]
[06-12 06:43:45]
[06-12 06:43:45]ask for found entrance : position abandonedcity --> magicsea[150900, 366600]
[06-12 06:43:46]
[06-12 06:43:46]ask for found entrance : position darkswamp --> magicsea[203700, 277900]
[06-12 06:43:50]
[06-12 06:43:50]ask for found entrance : position abandonedcity --> magicsea[150900, 366600]
[06-12 06:43:51]
[06-12 06:43:51]ask for found entrance : position darkswamp --> magicsea[203700, 277900]
[06-12 06:43:55]
[06-12 06:43:55]ask for found entrance : position abandonedcity --> magicsea[150900, 366600]
[06-12 06:43:56]
[06-12 06:43:56]ask for found entrance : position darkswamp --> magicsea[203700, 277900]
[06-12 06:44:00]
[06-12 06:44:00]ask for found entrance : position abandonedcity --> magicsea[150900, 366600]
[06-12 06:44:01]
[06-12 06:44:01]ask for found entrance : position darkswamp --> magicsea[203700, 277900]
[06-12 06:44:06]
[06-12 06:44:06]ask for found entrance : position abandonedcity --> magicsea[150900, 366600]
[06-12 06:44:06]
[06-12 06:44:06]ask for found entrance : position darkswamp --> magicsea[203700, 277900]
[06-12 06:44:10]
[06-12 06:44:10]ask for found entrance : position abandonedcity --> magicsea[150900, 366600]
[06-12 06:44:11]
[06-12 06:44:11]ask for found entrance : position darkswamp --> magicsea[203700, 277900]
[06-12 06:44:15]
[06-12 06:44:15]ask for found entrance : position abandonedcity --> magicsea[150900, 366600]
[06-12 06:44:16]
[06-12 06:44:16]ask for found entrance : position darkswamp --> magicsea[203700, 277900]
[06-12 06:44:21]
[06-12 06:44:21]ask for found entrance : position abandonedcity --> magicsea[150900, 366600]
[06-12 06:44:21]
[06-12 06:44:21]ask for found entrance : position darkswamp --> magicsea[203700, 277900]
[06-12 06:44:25]
[06-12 06:44:25]ask for found entrance : position abandonedcity --> magicsea[150900, 366600]
[06-12 06:44:26]
[06-12 06:44:26]ask for found entrance : position darkswamp --> magicsea[203700, 277900]
[06-12 06:44:31]
[06-12 06:44:31]ask for found entrance : position abandonedcity --> magicsea[150900, 366600]
[06-12 06:44:31]
[06-12 06:44:31]ask for found entrance : position darkswamp --> magicsea[203700, 277900]
[06-12 06:44:35]
[06-12 06:44:35]ask for found entrance : position abandonedcity --> magicsea[150900, 366600]
[06-12 06:44:36]
[06-12 06:44:36]ask for found entrance : position darkswamp --> magicsea[203700, 277900]
[06-12 06:44:40]
[06-12 06:44:40]ask for found entrance : position abandonedcity --> magicsea[150900, 366600]
[06-12 06:44:41]
[06-12 06:44:41]ask for found entrance : position darkswamp --> magicsea[203700, 277900]
[06-12 06:44:45]
[06-12 06:44:45]ask for found entrance : position abandonedcity --> magicsea[150900, 366600]
[06-12 06:44:46]
[06-12 06:44:46]ask for found entrance : position darkswamp --> magicsea[203700, 277900]
[06-12 06:44:50]
[06-12 06:44:50]ask for found entrance : position abandonedcity --> magicsea[150900, 366600]
[06-12 06:44:51]
[06-12 06:44:51]ask for found entrance : position darkswamp --> magicsea[203700, 277900]
[06-12 06:44:55]
[06-12 06:44:55]ask for found entrance : position abandonedcity --> magicsea[150900, 366600]
[06-12 06:44:56]
[06-12 06:44:56]ask for found entrance : position darkswamp --> magicsea[203700, 277900]
[06-12 06:45:00]
[06-12 06:45:00]ask for found entrance : position abandonedcity --> magicsea[150900, 366600]
[06-12 06:45:01]
[06-12 06:45:01]ask for found entrance : position darkswamp --> magicsea[203700, 277900]
[06-12 06:45:05]
[06-12 06:45:05]ask for found entrance : position abandonedcity --> magicsea[150900, 366600]
[06-12 06:45:06]
[06-12 06:45:06]ask for found entrance : position darkswamp --> magicsea[203700, 277900]
[06-12 06:45:10]
[06-12 06:45:10]ask for found entrance : position abandonedcity --> magicsea[150900, 366600]
[06-12 06:45:11]
[06-12 06:45:11]ask for found entrance : position darkswamp --> magicsea[203700, 277900]
[06-12 06:45:15]
[06-12 06:45:15]ask for found entrance : position abandonedcity --> magicsea[150900, 366600]
[06-12 06:45:16]
[06-12 06:45:16]ask for found entrance : position darkswamp --> magicsea[203700, 277900]
[06-12 06:45:20]
[06-12 06:45:20]ask for found entrance : position abandonedcity --> magicsea[150900, 366600]
[06-12 06:45:21]
[06-12 06:45:21]ask for found entrance : position darkswamp --> magicsea[203700, 277900]
[06-12 06:45:25]
[06-12 06:45:25]ask for found entrance : position abandonedcity --> magicsea[150900, 366600]
[06-12 06:45:26]
[06-12 06:45:26]ask for found entrance : position darkswamp --> magicsea[203700, 277900]
[06-12 06:45:31]
[06-12 06:45:31]ask for found entrance : position abandonedcity --> magicsea[150900, 366600]
[06-12 06:45:31]
[06-12 06:45:31]ask for found entrance : position darkswamp --> magicsea[203700, 277900]
[06-12 06:45:35]
[06-12 06:45:35]ask for found entrance : position abandonedcity --> magicsea[150900, 366600]
[06-12 06:45:36]
[06-12 06:45:36]ask for found entrance : position darkswamp --> magicsea[203700, 277900]
[06-12 06:45:40]
[06-12 06:45:40]ask for found entrance : position abandonedcity --> magicsea[150900, 366600]
[06-12 06:45:41]
[06-12 06:45:41]ask for found entrance : position darkswamp --> magicsea[203700, 277900]
[06-12 06:45:45]
[06-12 06:45:45]ask for found entrance : position abandonedcity --> magicsea[150900, 366600]
[06-12 06:45:46]
[06-12 06:45:46]ask for found entrance : position darkswamp --> magicsea[203700, 277900]
[06-12 06:45:50]
[06-12 06:45:50]ask for found entrance : position abandonedcity --> magicsea[150900, 366600]
[06-12 06:45:51]
[06-12 06:45:51]ask for found entrance : position darkswamp --> magicsea[203700, 277900]
[06-12 06:45:55]
[06-12 06:45:55]ask for found entrance : position abandonedcity --> magicsea[150900, 366600]
[06-12 06:45:56]
[06-12 06:45:56]ask for found entrance : position darkswamp --> magicsea[203700, 277900]
[06-12 06:46:00]
[06-12 06:46:00]ask for found entrance : position abandonedcity --> magicsea[150900, 366600]
[06-12 06:46:01]
[06-12 06:46:01]ask for found entrance : position darkswamp --> magicsea[203700, 277900]
[06-12 06:46:05]
[06-12 06:46:05]ask for found entrance : position abandonedcity --> magicsea[150900, 366600]
[06-12 06:46:06]
[06-12 06:46:06]ask for found entrance : position darkswamp --> magicsea[203700, 277900]
[06-12 06:46:10]
[06-12 06:46:10]ask for found entrance : position abandonedcity --> magicsea[150900, 366600]
[06-12 06:46:11]
[06-12 06:46:11]ask for found entrance : position darkswamp --> magicsea[203700, 277900]
[06-12 06:46:15]
[06-12 06:46:15]ask for found entrance : position abandonedcity --> magicsea[150900, 366600]
[06-12 06:46:16]
[06-12 06:46:16]ask for found entrance : position darkswamp --> magicsea[203700, 277900]
[06-12 06:46:20]
[06-12 06:46:20]ask for found entrance : position abandonedcity --> magicsea[150900, 366600]
[06-12 06:46:21]
[06-12 06:46:21]ask for found entrance : position darkswamp --> magicsea[203700, 277900]
[06-12 06:46:25]
[06-12 06:46:25]ask for found entrance : position abandonedcity --> magicsea[150900, 366600]
[06-12 06:46:26]
[06-12 06:46:26]ask for found entrance : position darkswamp --> magicsea[203700, 277900]
[06-12 06:46:30]
[06-12 06:46:30]ask for found entrance : position abandonedcity --> magicsea[150900, 366600]
[06-12 06:46:31]
[06-12 06:46:31]ask for found entrance : position darkswamp --> magicsea[203700, 277900]
[06-12 06:46:35]
[06-12 06:46:35]ask for found entrance : position abandonedcity --> magicsea[150900, 366600]
[06-12 06:46:36]
[06-12 06:46:36]ask for found entrance : position darkswamp --> magicsea[203700, 277900]
[06-12 06:46:40]
[06-12 06:46:40]ask for found entrance : position abandonedcity --> magicsea[150900, 366600]
[06-12 06:46:41]
[06-12 06:46:41]ask for found entrance : position darkswamp --> magicsea[203700, 277900]
[06-12 06:46:45]
[06-12 06:46:45]ask for found entrance : position abandonedcity --> magicsea[150900, 366600]
[06-12 06:46:46]
[06-12 06:46:46]ask for found entrance : position darkswamp --> magicsea[203700, 277900]
[06-12 06:46:50]
[06-12 06:46:50]ask for found entrance : position abandonedcity --> magicsea[150900, 366600]
[06-12 06:46:51]
[06-12 06:46:51]ask for found entrance : position darkswamp --> magicsea[203700, 277900]
[06-12 06:46:55]
[06-12 06:46:55]ask for found entrance : position abandonedcity --> magicsea[150900, 366600]
[06-12 06:46:56]
[06-12 06:46:56]ask for found entrance : position darkswamp --> magicsea[203700, 277900]
[06-12 06:47:00]
[06-12 06:47:00]ask for found entrance : position abandonedcity --> magicsea[150900, 366600]
[06-12 06:47:01]
[06-12 06:47:01]ask for found entrance : position darkswamp --> magicsea[203700, 277900]
[06-12 06:47:05]
[06-12 06:47:05]ask for found entrance : position abandonedcity --> magicsea[150900, 366600]
[06-12 06:47:06]
[06-12 06:47:06]ask for found entrance : position darkswamp --> magicsea[203700, 277900]
[06-12 06:47:10]
[06-12 06:47:10]ask for found entrance : position abandonedcity --> magicsea[150900, 366600]
[06-12 06:47:11]
[06-12 06:47:11]ask for found entrance : position darkswamp --> magicsea[203700, 277900]
[06-12 06:47:15]
[06-12 06:47:15]ask for found entrance : position abandonedcity --> magicsea[150900, 366600]
[06-12 06:47:16]
[06-12 06:47:16]ask for found entrance : position darkswamp --> magicsea[203700, 277900]
[06-12 06:47:20]
[06-12 06:47:20]ask for found entrance : position abandonedcity --> magicsea[150900, 366600]
[06-12 06:47:21]
[06-12 06:47:21]ask for found entrance : position darkswamp --> magicsea[203700, 277900]
[06-12 06:47:25]
[06-12 06:47:25]ask for found entrance : position abandonedcity --> magicsea[150900, 366600]
[06-12 06:47:26]
[06-12 06:47:26]ask for found entrance : position darkswamp --> magicsea[203700, 277900]
[06-12 06:47:30]
[06-12 06:47:30]ask for found entrance : position abandonedcity --> magicsea[150900, 366600]
[06-12 06:47:31]
[06-12 06:47:31]ask for found entrance : position darkswamp --> magicsea[203700, 277900]
[06-12 06:47:35]
[06-12 06:47:35]ask for found entrance : position abandonedcity --> magicsea[150900, 366600]
[06-12 06:47:36]
[06-12 06:47:36]ask for found entrance : position darkswamp --> magicsea[203700, 277900]
[06-12 06:47:40]
[06-12 06:47:40]ask for found entrance : position abandonedcity --> magicsea[150900, 366600]
[06-12 06:47:41]
[06-12 06:47:41]ask for found entrance : position darkswamp --> magicsea[203700, 277900]
[06-12 06:47:45]
[06-12 06:47:45]ask for found entrance : position abandonedcity --> magicsea[150900, 366600]
[06-12 06:47:46]
[06-12 06:47:46]ask for found entrance : position darkswamp --> magicsea[203700, 277900]
[06-12 06:47:50]
[06-12 06:47:50]ask for found entrance : position abandonedcity --> magicsea[150900, 366600]
[06-12 06:47:51]
[06-12 06:47:51]ask for found entrance : position darkswamp --> magicsea[203700, 277900]
[06-12 06:47:55]
[06-12 06:47:55]ask for found entrance : position abandonedcity --> magicsea[150900, 366600]
[06-12 06:47:56]
[06-12 06:47:56]ask for found entrance : position darkswamp --> magicsea[203700, 277900]
[06-12 06:48:00]
[06-12 06:48:00]ask for found entrance : position abandonedcity --> magicsea[150900, 366600]
[06-12 06:48:01]
[06-12 06:48:01]ask for found entrance : position darkswamp --> magicsea[203700, 277900]
[06-12 06:48:06]
[06-12 06:48:06]ask for found entrance : position abandonedcity --> magicsea[150900, 366600]
[06-12 06:48:06]
[06-12 06:48:06]ask for found entrance : position darkswamp --> magicsea[203700, 277900]
[06-12 06:48:10]
[06-12 06:48:10]ask for found entrance : position abandonedcity --> magicsea[150900, 366600]
[06-12 06:48:11]
[06-12 06:48:11]ask for found entrance : position darkswamp --> magicsea[203700, 277900]
[06-12 06:48:15]
[06-12 06:48:15]ask for found entrance : position abandonedcity --> magicsea[150900, 366600]
[06-12 06:48:16]
[06-12 06:48:16]ask for found entrance : position darkswamp --> magicsea[203700, 277900]
[06-12 06:48:20]
[06-12 06:48:20]ask for found entrance : position abandonedcity --> magicsea[150900, 366600]
[06-12 06:48:21]
[06-12 06:48:21]ask for found entrance : position darkswamp --> magicsea[203700, 277900]
[06-12 06:48:25]
[06-12 06:48:25]ask for found entrance : position abandonedcity --> magicsea[150900, 366600]
[06-12 06:48:26]
[06-12 06:48:26]ask for found entrance : position darkswamp --> magicsea[203700, 277900]
[06-12 06:48:30]
[06-12 06:48:30]ask for found entrance : position abandonedcity --> magicsea[150900, 366600]
[06-12 06:48:31]
[06-12 06:48:31]ask for found entrance : position darkswamp --> magicsea[203700, 277900]
[06-12 06:48:35]
[06-12 06:48:35]ask for found entrance : position abandonedcity --> magicsea[150900, 366600]
[06-12 06:48:36]
[06-12 06:48:36]ask for found entrance : position darkswamp --> magicsea[203700, 277900]
[06-12 06:48:40]
[06-12 06:48:40]ask for found entrance : position abandonedcity --> magicsea[150900, 366600]
[06-12 06:48:41]
[06-12 06:48:41]ask for found entrance : position darkswamp --> magicsea[203700, 277900]
[06-12 06:48:45]
[06-12 06:48:45]ask for found entrance : position abandonedcity --> magicsea[150900, 366600]
[06-12 06:48:46]
[06-12 06:48:46]ask for found entrance : position darkswamp --> magicsea[203700, 277900]
[06-12 06:48:50]
[06-12 06:48:50]ask for found entrance : position abandonedcity --> magicsea[150900, 366600]
[06-12 06:48:51]
[06-12 06:48:51]ask for found entrance : position darkswamp --> magicsea[203700, 277900]
[06-12 06:48:55]
[06-12 06:48:55]ask for found entrance : position abandonedcity --> magicsea[150900, 366600]
[06-12 06:48:56]
[06-12 06:48:56]ask for found entrance : position darkswamp --> magicsea[203700, 277900]
[06-12 06:49:00]
[06-12 06:49:00]ask for found entrance : position abandonedcity --> magicsea[150900, 366600]
[06-12 06:49:01]
[06-12 06:49:01]ask for found entrance : position darkswamp --> magicsea[203700, 277900]
[06-12 06:49:05]
[06-12 06:49:05]ask for found entrance : position abandonedcity --> magicsea[150900, 366600]
[06-12 06:49:06]
[06-12 06:49:06]ask for found entrance : position darkswamp --> magicsea[203700, 277900]
[06-12 06:49:10]
[06-12 06:49:10]ask for found entrance : position abandonedcity --> magicsea[150900, 366600]
[06-12 06:49:11]
[06-12 06:49:11]ask for found entrance : position darkswamp --> magicsea[203700, 277900]
[06-12 06:49:15]
[06-12 06:49:15]ask for found entrance : position abandonedcity --> magicsea[150900, 366600]
[06-12 06:49:16]
[06-12 06:49:16]ask for found entrance : position darkswamp --> magicsea[203700, 277900]
[06-12 06:49:20]
[06-12 06:49:20]ask for found entrance : position abandonedcity --> magicsea[150900, 366600]
[06-12 06:49:21]
[06-12 06:49:21]ask for found entrance : position darkswamp --> magicsea[203700, 277900]
[06-12 06:49:25]
[06-12 06:49:25]ask for found entrance : position abandonedcity --> magicsea[150900, 366600]
[06-12 06:49:26]
[06-12 06:49:26]ask for found entrance : position darkswamp --> magicsea[203700, 277900]
[06-12 06:49:30]
[06-12 06:49:30]ask for found entrance : position abandonedcity --> magicsea[150900, 366600]
[06-12 06:49:31]
[06-12 06:49:31]ask for found entrance : position darkswamp --> magicsea[203700, 277900]
[06-12 06:49:35]
[06-12 06:49:35]ask for found entrance : position abandonedcity --> magicsea[150900, 366600]
[06-12 06:49:36]
[06-12 06:49:36]ask for found entrance : position darkswamp --> magicsea[203700, 277900]
[06-12 06:49:40]
[06-12 06:49:40]ask for found entrance : position abandonedcity --> magicsea[150900, 366600]
[06-12 06:49:41]
[06-12 06:49:41]ask for found entrance : position darkswamp --> magicsea[203700, 277900]
[06-12 06:49:45]
[06-12 06:49:45]ask for found entrance : position abandonedcity --> magicsea[150900, 366600]
[06-12 06:49:46]
[06-12 06:49:46]ask for found entrance : position darkswamp --> magicsea[203700, 277900]
[06-12 06:49:50]
[06-12 06:49:50]ask for found entrance : position abandonedcity --> magicsea[150900, 366600]
[06-12 06:49:51]
[06-12 06:49:51]ask for found entrance : position darkswamp --> magicsea[203700, 277900]
[06-12 06:49:55]
[06-12 06:49:55]ask for found entrance : position abandonedcity --> magicsea[150900, 366600]
[06-12 06:49:56]
[06-12 06:49:56]ask for found entrance : position darkswamp --> magicsea[203700, 277900]
[06-12 06:50:00]
[06-12 06:50:00]ask for found entrance : position abandonedcity --> magicsea[150900, 366600]
[06-12 06:50:01]
[06-12 06:50:01]ask for found entrance : position darkswamp --> magicsea[203700, 277900]
[06-12 06:50:05]
[06-12 06:50:05]ask for found entrance : position abandonedcity --> magicsea[150900, 366600]
[06-12 06:50:06]
[06-12 06:50:06]ask for found entrance : position darkswamp --> magicsea[203700, 277900]
[06-12 06:50:10]
[06-12 06:50:10]ask for found entrance : position abandonedcity --> magicsea[150900, 366600]
[06-12 06:50:11]
[06-12 06:50:11]ask for found entrance : position darkswamp --> magicsea[203700, 277900]
[06-12 06:50:15]
[06-12 06:50:15]ask for found entrance : position abandonedcity --> magicsea[150900, 366600]
[06-12 06:50:16]
[06-12 06:50:16]ask for found entrance : position darkswamp --> magicsea[203700, 277900]
[06-12 06:50:20]
[06-12 06:50:20]ask for found entrance : position abandonedcity --> magicsea[150900, 366600]
[06-12 06:50:21]
[06-12 06:50:21]ask for found entrance : position darkswamp --> magicsea[203700, 277900]
[06-12 06:50:25]
[06-12 06:50:25]ask for found entrance : position abandonedcity --> magicsea[150900, 366600]
[06-12 06:50:26]
[06-12 06:50:26]ask for found entrance : position darkswamp --> magicsea[203700, 277900]
[06-12 06:50:30]
[06-12 06:50:30]ask for found entrance : position abandonedcity --> magicsea[150900, 366600]
[06-12 06:50:31]
[06-12 06:50:31]ask for found entrance : position darkswamp --> magicsea[203700, 277900]
[06-12 06:50:35]
[06-12 06:50:35]ask for found entrance : position abandonedcity --> magicsea[150900, 366600]
[06-12 06:50:36]
[06-12 06:50:36]ask for found entrance : position darkswamp --> magicsea[203700, 277900]
[06-12 06:50:40]
[06-12 06:50:40]ask for found entrance : position abandonedcity --> magicsea[150900, 366600]
[06-12 06:50:41]
[06-12 06:50:41]ask for found entrance : position darkswamp --> magicsea[203700, 277900]
[06-12 06:50:45]
[06-12 06:50:45]ask for found entrance : position abandonedcity --> magicsea[150900, 366600]
[06-12 06:50:46]
[06-12 06:50:46]ask for found entrance : position darkswamp --> magicsea[203700, 277900]
[06-12 06:50:50]
[06-12 06:50:50]ask for found entrance : position abandonedcity --> magicsea[150900, 366600]
[06-12 06:50:51]
[06-12 06:50:51]ask for found entrance : position darkswamp --> magicsea[203700, 277900]
[06-12 06:50:56]
[06-12 06:50:56]ask for found entrance : position abandonedcity --> magicsea[150900, 366600]
[06-12 06:50:56]
[06-12 06:50:56]ask for found entrance : position darkswamp --> magicsea[203700, 277900]
[06-12 06:51:00]
[06-12 06:51:00]ask for found entrance : position abandonedcity --> magicsea[150900, 366600]
[06-12 06:51:01]
[06-12 06:51:01]ask for found entrance : position darkswamp --> magicsea[203700, 277900]
[06-12 06:51:05]
[06-12 06:51:05]ask for found entrance : position abandonedcity --> magicsea[150900, 366600]
[06-12 06:51:06]
[06-12 06:51:06]ask for found entrance : position darkswamp --> magicsea[203700, 277900]
[06-12 06:51:10]
[06-12 06:51:10]ask for found entrance : position abandonedcity --> magicsea[150900, 366600]
[06-12 06:51:11]
[06-12 06:51:11]ask for found entrance : position darkswamp --> magicsea[203700, 277900]
[06-12 06:51:15]
[06-12 06:51:15]ask for found entrance : position abandonedcity --> magicsea[150900, 366600]
[06-12 06:51:16]
[06-12 06:51:16]ask for found entrance : position darkswamp --> magicsea[203700, 277900]
[06-12 06:51:20]
[06-12 06:51:20]ask for found entrance : position abandonedcity --> magicsea[150900, 366600]
[06-12 06:51:21]
[06-12 06:51:21]ask for found entrance : position darkswamp --> magicsea[203700, 277900]
[06-12 06:51:25]
[06-12 06:51:25]ask for found entrance : position abandonedcity --> magicsea[150900, 366600]
[06-12 06:51:26]
[06-12 06:51:26]ask for found entrance : position darkswamp --> magicsea[203700, 277900]
[06-12 06:51:31]
[06-12 06:51:31]ask for found entrance : position abandonedcity --> magicsea[150900, 366600]
[06-12 06:51:31]
[06-12 06:51:31]ask for found entrance : position darkswamp --> magicsea[203700, 277900]
[06-12 06:51:35]
[06-12 06:51:35]ask for found entrance : position abandonedcity --> magicsea[150900, 366600]
[06-12 06:51:36]
[06-12 06:51:36]ask for found entrance : position darkswamp --> magicsea[203700, 277900]
[06-12 06:51:40]
[06-12 06:51:40]ask for found entrance : position abandonedcity --> magicsea[150900, 366600]
[06-12 06:51:41]
[06-12 06:51:41]ask for found entrance : position darkswamp --> magicsea[203700, 277900]
[06-12 06:51:45]
[06-12 06:51:45]ask for found entrance : position abandonedcity --> magicsea[150900, 366600]
[06-12 06:51:46]
[06-12 06:51:46]ask for found entrance : position darkswamp --> magicsea[203700, 277900]
[06-12 06:51:50]
[06-12 06:51:50]ask for found entrance : position abandonedcity --> magicsea[150900, 366600]
[06-12 06:51:51]
[06-12 06:51:51]ask for found entrance : position darkswamp --> magicsea[203700, 277900]
[06-12 06:51:55]
[06-12 06:51:55]ask for found entrance : position abandonedcity --> magicsea[150900, 366600]
[06-12 06:51:56]
[06-12 06:51:56]ask for found entrance : position darkswamp --> magicsea[203700, 277900]
[06-12 06:52:01]
[06-12 06:52:01]ask for found entrance : position abandonedcity --> magicsea[150900, 366600]
[06-12 06:52:01]
[06-12 06:52:01]ask for found entrance : position darkswamp --> magicsea[203700, 277900]
[06-12 06:52:06]
[06-12 06:52:06]ask for found entrance : position abandonedcity --> magicsea[150900, 366600]
[06-12 06:52:06]
[06-12 06:52:06]ask for found entrance : position darkswamp --> magicsea[203700, 277900]
[06-12 06:52:10]
[06-12 06:52:10]ask for found entrance : position abandonedcity --> magicsea[150900, 366600]
[06-12 06:52:11]
[06-12 06:52:11]ask for found entrance : position darkswamp --> magicsea[203700, 277900]
[06-12 06:52:15]
[06-12 06:52:15]ask for found entrance : position abandonedcity --> magicsea[150900, 366600]
[06-12 06:52:16]
[06-12 06:52:16]ask for found entrance : position darkswamp --> magicsea[203700, 277900]
[06-12 06:52:20]
[06-12 06:52:20]ask for found entrance : position abandonedcity --> magicsea[150900, 366600]
[06-12 06:52:21]
[06-12 06:52:21]ask for found entrance : position darkswamp --> magicsea[203700, 277900]
[06-12 06:52:25]
[06-12 06:52:25]ask for found entrance : position abandonedcity --> magicsea[150900, 366600]
[06-12 06:52:26]
[06-12 06:52:26]ask for found entrance : position darkswamp --> magicsea[203700, 277900]
[06-12 06:52:30]
[06-12 06:52:30]ask for found entrance : position abandonedcity --> magicsea[150900, 366600]
[06-12 06:52:31]
[06-12 06:52:31]ask for found entrance : position darkswamp --> magicsea[203700, 277900]
[06-12 06:52:35]
[06-12 06:52:35]ask for found entrance : position abandonedcity --> magicsea[150900, 366600]
[06-12 06:52:36]
[06-12 06:52:36]ask for found entrance : position darkswamp --> magicsea[203700, 277900]
[06-12 06:52:40]
[06-12 06:52:40]ask for found entrance : position abandonedcity --> magicsea[150900, 366600]
[06-12 06:52:41]
[06-12 06:52:41]ask for found entrance : position darkswamp --> magicsea[203700, 277900]
[06-12 06:52:45]
[06-12 06:52:45]ask for found entrance : position abandonedcity --> magicsea[150900, 366600]
[06-12 06:52:46]
[06-12 06:52:46]ask for found entrance : position darkswamp --> magicsea[203700, 277900]
[06-12 06:52:50]
[06-12 06:52:50]ask for found entrance : position abandonedcity --> magicsea[150900, 366600]
[06-12 06:52:51]
[06-12 06:52:51]ask for found entrance : position darkswamp --> magicsea[203700, 277900]
[06-12 06:52:55]
[06-12 06:52:55]ask for found entrance : position abandonedcity --> magicsea[150900, 366600]
[06-12 06:52:56]
[06-12 06:52:56]ask for found entrance : position darkswamp --> magicsea[203700, 277900]
[06-12 06:53:00]
[06-12 06:53:00]ask for found entrance : position abandonedcity --> magicsea[150900, 366600]
[06-12 06:53:01]
[06-12 06:53:01]ask for found entrance : position darkswamp --> magicsea[203700, 277900]
[06-12 06:53:05]
[06-12 06:53:05]ask for found entrance : position abandonedcity --> magicsea[150900, 366600]
[06-12 06:53:06]
[06-12 06:53:06]ask for found entrance : position darkswamp --> magicsea[203700, 277900]
[06-12 06:53:10]
[06-12 06:53:10]ask for found entrance : position abandonedcity --> magicsea[150900, 366600]
[06-12 06:53:11]
[06-12 06:53:11]ask for found entrance : position darkswamp --> magicsea[203700, 277900]
[06-12 06:53:15]
[06-12 06:53:15]ask for found entrance : position abandonedcity --> magicsea[150900, 366600]
[06-12 06:53:16]
[06-12 06:53:16]ask for found entrance : position darkswamp --> magicsea[203700, 277900]
[06-12 06:53:20]
[06-12 06:53:20]ask for found entrance : position abandonedcity --> magicsea[150900, 366600]
[06-12 06:53:21]
[06-12 06:53:21]ask for found entrance : position darkswamp --> magicsea[203700, 277900]
[06-12 06:53:25]
[06-12 06:53:25]ask for found entrance : position abandonedcity --> magicsea[150900, 366600]
[06-12 06:53:26]
[06-12 06:53:26]ask for found entrance : position darkswamp --> magicsea[203700, 277900]
[06-12 06:53:30]
[06-12 06:53:30]ask for found entrance : position abandonedcity --> magicsea[150900, 366600]
[06-12 06:53:31]
[06-12 06:53:31]ask for found entrance : position darkswamp --> magicsea[203700, 277900]
[06-12 06:53:35]
[06-12 06:53:35]ask for found entrance : position abandonedcity --> magicsea[150900, 366600]
[06-12 06:53:36]
[06-12 06:53:36]ask for found entrance : position darkswamp --> magicsea[203700, 277900]
[06-12 06:53:40]
[06-12 06:53:40]ask for found entrance : position abandonedcity --> magicsea[150900, 366600]
[06-12 06:53:41]
[06-12 06:53:41]ask for found entrance : position darkswamp --> magicsea[203700, 277900]
[06-12 06:53:45]
[06-12 06:53:45]ask for found entrance : position abandonedcity --> magicsea[150900, 366600]
[06-12 06:53:46]
[06-12 06:53:46]ask for found entrance : position darkswamp --> magicsea[203700, 277900]
[06-12 06:53:50]
[06-12 06:53:50]ask for found entrance : position abandonedcity --> magicsea[150900, 366600]
[06-12 06:53:51]
[06-12 06:53:51]ask for found entrance : position darkswamp --> magicsea[203700, 277900]
[06-12 06:53:55]
[06-12 06:53:55]ask for found entrance : position abandonedcity --> magicsea[150900, 366600]
[06-12 06:53:56]
[06-12 06:53:56]ask for found entrance : position darkswamp --> magicsea[203700, 277900]
[06-12 06:54:00]
[06-12 06:54:00]ask for found entrance : position abandonedcity --> magicsea[150900, 366600]
[06-12 06:54:01]
[06-12 06:54:01]ask for found entrance : position darkswamp --> magicsea[203700, 277900]
[06-12 06:54:05]
[06-12 06:54:05]ask for found entrance : position abandonedcity --> magicsea[150900, 366600]
[06-12 06:54:06]
[06-12 06:54:06]ask for found entrance : position darkswamp --> magicsea[203700, 277900]
[06-12 06:54:10]
[06-12 06:54:10]ask for found entrance : position abandonedcity --> magicsea[150900, 366600]
[06-12 06:54:11]
[06-12 06:54:11]ask for found entrance : position darkswamp --> magicsea[203700, 277900]
[06-12 06:54:15]
[06-12 06:54:15]ask for found entrance : position abandonedcity --> magicsea[150900, 366600]
[06-12 06:54:16]
[06-12 06:54:16]ask for found entrance : position darkswamp --> magicsea[203700, 277900]
[06-12 06:54:20]
[06-12 06:54:20]ask for found entrance : position abandonedcity --> magicsea[150900, 366600]
[06-12 06:54:21]
[06-12 06:54:21]ask for found entrance : position darkswamp --> magicsea[203700, 277900]
[06-12 06:54:25]
[06-12 06:54:25]ask for found entrance : position abandonedcity --> magicsea[150900, 366600]
[06-12 06:54:26]
[06-12 06:54:26]ask for found entrance : position darkswamp --> magicsea[203700, 277900]
[06-12 06:54:30]
[06-12 06:54:30]ask for found entrance : position abandonedcity --> magicsea[150900, 366600]
[06-12 06:54:31]
[06-12 06:54:31]ask for found entrance : position darkswamp --> magicsea[203700, 277900]
[06-12 06:54:35]
[06-12 06:54:35]ask for found entrance : position abandonedcity --> magicsea[150900, 366600]
[06-12 06:54:36]
[06-12 06:54:36]ask for found entrance : position darkswamp --> magicsea[203700, 277900]
[06-12 06:54:40]
[06-12 06:54:40]ask for found entrance : position abandonedcity --> magicsea[150900, 366600]
[06-12 06:54:41]
[06-12 06:54:41]ask for found entrance : position darkswamp --> magicsea[203700, 277900]
[06-12 06:54:46]
[06-12 06:54:46]ask for found entrance : position abandonedcity --> magicsea[150900, 366600]
[06-12 06:54:46]
[06-12 06:54:46]ask for found entrance : position darkswamp --> magicsea[203700, 277900]
[06-12 06:54:50]
[06-12 06:54:50]ask for found entrance : position abandonedcity --> magicsea[150900, 366600]
[06-12 06:54:51]
[06-12 06:54:51]ask for found entrance : position darkswamp --> magicsea[203700, 277900]
[06-12 06:54:55]
[06-12 06:54:55]ask for found entrance : position abandonedcity --> magicsea[150900, 366600]
[06-12 06:54:56]
[06-12 06:54:56]ask for found entrance : position darkswamp --> magicsea[203700, 277900]
[06-12 06:55:00]
[06-12 06:55:00]ask for found entrance : position abandonedcity --> magicsea[150900, 366600]
[06-12 06:55:01]
[06-12 06:55:01]ask for found entrance : position darkswamp --> magicsea[203700, 277900]
[06-12 06:55:05]
[06-12 06:55:05]ask for found entrance : position abandonedcity --> magicsea[150900, 366600]
[06-12 06:55:06]
[06-12 06:55:06]ask for found entrance : position darkswamp --> magicsea[203700, 277900]
[06-12 06:55:10]
[06-12 06:55:10]ask for found entrance : position abandonedcity --> magicsea[150900, 366600]
[06-12 06:55:11]
[06-12 06:55:11]ask for found entrance : position darkswamp --> magicsea[203700, 277900]
[06-12 06:55:15]
[06-12 06:55:15]ask for found entrance : position abandonedcity --> magicsea[150900, 366600]
[06-12 06:55:16]
[06-12 06:55:16]ask for found entrance : position darkswamp --> magicsea[203700, 277900]
[06-12 06:55:21]
[06-12 06:55:21]ask for found entrance : position abandonedcity --> magicsea[150900, 366600]
[06-12 06:55:21]
[06-12 06:55:21]ask for found entrance : position darkswamp --> magicsea[203700, 277900]
[06-12 06:55:25]
[06-12 06:55:25]ask for found entrance : position abandonedcity --> magicsea[150900, 366600]
[06-12 06:55:26]
[06-12 06:55:26]ask for found entrance : position darkswamp --> magicsea[203700, 277900]
[06-12 06:55:30]
[06-12 06:55:30]ask for found entrance : position abandonedcity --> magicsea[150900, 366600]
[06-12 06:55:31]
[06-12 06:55:31]ask for found entrance : position darkswamp --> magicsea[203700, 277900]
[06-12 06:55:36]
[06-12 06:55:36]ask for found entrance : position abandonedcity --> magicsea[150900, 366600]
[06-12 06:55:36]
[06-12 06:55:36]ask for found entrance : position darkswamp --> magicsea[203700, 277900]
[06-12 06:55:40]
[06-12 06:55:40]ask for found entrance : position abandonedcity --> magicsea[150900, 366600]
[06-12 06:55:41]
[06-12 06:55:41]ask for found entrance : position darkswamp --> magicsea[203700, 277900]
[06-12 06:55:45]
[06-12 06:55:45]ask for found entrance : position abandonedcity --> magicsea[150900, 366600]
[06-12 06:55:46]
[06-12 06:55:46]ask for found entrance : position darkswamp --> magicsea[203700, 277900]
[06-12 06:55:50]
[06-12 06:55:50]ask for found entrance : position abandonedcity --> magicsea[150900, 366600]
[06-12 06:55:51]
[06-12 06:55:51]ask for found entrance : position darkswamp --> magicsea[203700, 277900]
[06-12 06:55:56]
[06-12 06:55:56]ask for found entrance : position abandonedcity --> magicsea[150900, 366600]
[06-12 06:55:56]
[06-12 06:55:56]ask for found entrance : position darkswamp --> magicsea[203700, 277900]
[06-12 06:56:00]
[06-12 06:56:00]ask for found entrance : position abandonedcity --> magicsea[150900, 366600]
[06-12 06:56:01]
[06-12 06:56:01]ask for found entrance : position darkswamp --> magicsea[203700, 277900]
[06-12 06:56:05]
[06-12 06:56:05]ask for found entrance : position abandonedcity --> magicsea[150900, 366600]
[06-12 06:56:06]
[06-12 06:56:06]ask for found entrance : position darkswamp --> magicsea[203700, 277900]
[06-12 06:56:10]
[06-12 06:56:10]ask for found entrance : position abandonedcity --> magicsea[150900, 366600]
[06-12 06:56:11]
[06-12 06:56:11]ask for found entrance : position darkswamp --> magicsea[203700, 277900]
[06-12 06:56:15]
[06-12 06:56:15]ask for found entrance : position abandonedcity --> magicsea[150900, 366600]
[06-12 06:56:16]
[06-12 06:56:16]ask for found entrance : position darkswamp --> magicsea[203700, 277900]
[06-12 06:56:20]
[06-12 06:56:20]ask for found entrance : position abandonedcity --> magicsea[150900, 366600]
[06-12 06:56:21]
[06-12 06:56:21]ask for found entrance : position darkswamp --> magicsea[203700, 277900]
[06-12 06:56:26]
[06-12 06:56:26]ask for found entrance : position abandonedcity --> magicsea[150900, 366600]
[06-12 06:56:26]
[06-12 06:56:26]ask for found entrance : position darkswamp --> magicsea[203700, 277900]
[06-12 06:56:30]
[06-12 06:56:30]ask for found entrance : position abandonedcity --> magicsea[150900, 366600]
[06-12 06:56:31]
[06-12 06:56:31]ask for found entrance : position darkswamp --> magicsea[203700, 277900]
[06-12 06:56:35]
[06-12 06:56:35]ask for found entrance : position abandonedcity --> magicsea[150900, 366600]
[06-12 06:56:36]
[06-12 06:56:36]ask for found entrance : position darkswamp --> magicsea[203700, 277900]
[06-12 06:56:40]
[06-12 06:56:40]ask for found entrance : position abandonedcity --> magicsea[150900, 366600]
[06-12 06:56:41]
[06-12 06:56:41]ask for found entrance : position darkswamp --> magicsea[203700, 277900]
[06-12 06:56:45]
[06-12 06:56:45]ask for found entrance : position abandonedcity --> magicsea[150900, 366600]
[06-12 06:56:46]
[06-12 06:56:46]ask for found entrance : position darkswamp --> magicsea[203700, 277900]
[06-12 06:56:50]
[06-12 06:56:50]ask for found entrance : position abandonedcity --> magicsea[150900, 366600]
[06-12 06:56:51]
[06-12 06:56:51]ask for found entrance : position darkswamp --> magicsea[203700, 277900]
[06-12 06:56:55]
[06-12 06:56:55]ask for found entrance : position abandonedcity --> magicsea[150900, 366600]
[06-12 06:56:56]
[06-12 06:56:56]ask for found entrance : position darkswamp --> magicsea[203700, 277900]
[06-12 06:57:00]
[06-12 06:57:00]ask for found entrance : position abandonedcity --> magicsea[150900, 366600]
[06-12 06:57:01]
[06-12 06:57:01]ask for found entrance : position darkswamp --> magicsea[203700, 277900]
[06-12 06:57:05]
[06-12 06:57:05]ask for found entrance : position abandonedcity --> magicsea[150900, 366600]
[06-12 06:57:06]
[06-12 06:57:06]ask for found entrance : position darkswamp --> magicsea[203700, 277900]
[06-12 06:57:10]
[06-12 06:57:10]ask for found entrance : position abandonedcity --> magicsea[150900, 366600]
[06-12 06:57:11]
[06-12 06:57:11]ask for found entrance : position darkswamp --> magicsea[203700, 277900]
[06-12 06:57:15]
[06-12 06:57:15]ask for found entrance : position abandonedcity --> magicsea[150900, 366600]
[06-12 06:57:16]
[06-12 06:57:16]ask for found entrance : position darkswamp --> magicsea[203700, 277900]
[06-12 06:57:20]
[06-12 06:57:20]ask for found entrance : position abandonedcity --> magicsea[150900, 366600]
[06-12 06:57:21]
[06-12 06:57:21]ask for found entrance : position darkswamp --> magicsea[203700, 277900]
[06-12 06:57:25]
[06-12 06:57:25]ask for found entrance : position abandonedcity --> magicsea[150900, 366600]
[06-12 06:57:26]
[06-12 06:57:26]ask for found entrance : position darkswamp --> magicsea[203700, 277900]
[06-12 06:57:30]
[06-12 06:57:30]ask for found entrance : position abandonedcity --> magicsea[150900, 366600]
[06-12 06:57:31]
[06-12 06:57:31]ask for found entrance : position darkswamp --> magicsea[203700, 277900]
[06-12 06:57:35]
[06-12 06:57:35]ask for found entrance : position abandonedcity --> magicsea[150900, 366600]
[06-12 06:57:36]
[06-12 06:57:36]ask for found entrance : position darkswamp --> magicsea[203700, 277900]
[06-12 06:57:40]
[06-12 06:57:40]ask for found entrance : position abandonedcity --> magicsea[150900, 366600]
[06-12 06:57:41]
[06-12 06:57:41]ask for found entrance : position darkswamp --> magicsea[203700, 277900]
[06-12 06:57:46]
[06-12 06:57:46]ask for found entrance : position abandonedcity --> magicsea[150900, 366600]
[06-12 06:57:46]
[06-12 06:57:46]ask for found entrance : position darkswamp --> magicsea[203700, 277900]
[06-12 06:57:50]
[06-12 06:57:50]ask for found entrance : position abandonedcity --> magicsea[150900, 366600]
[06-12 06:57:51]
[06-12 06:57:51]ask for found entrance : position darkswamp --> magicsea[203700, 277900]
[06-12 06:57:55]
[06-12 06:57:55]ask for found entrance : position abandonedcity --> magicsea[150900, 366600]
[06-12 06:57:56]
[06-12 06:57:56]ask for found entrance : position darkswamp --> magicsea[203700, 277900]
[06-12 06:58:00]
[06-12 06:58:00]ask for found entrance : position abandonedcity --> magicsea[150900, 366600]
[06-12 06:58:01]
[06-12 06:58:01]ask for found entrance : position darkswamp --> magicsea[203700, 277900]
[06-12 06:58:05]
[06-12 06:58:05]ask for found entrance : position abandonedcity --> magicsea[150900, 366600]
[06-12 06:58:06]
[06-12 06:58:06]ask for found entrance : position darkswamp --> magicsea[203700, 277900]
[06-12 06:58:10]
[06-12 06:58:10]ask for found entrance : position abandonedcity --> magicsea[150900, 366600]
[06-12 06:58:11]
[06-12 06:58:11]ask for found entrance : position darkswamp --> magicsea[203700, 277900]
[06-12 06:58:15]
[06-12 06:58:15]ask for found entrance : position abandonedcity --> magicsea[150900, 366600]
[06-12 06:58:16]
[06-12 06:58:16]ask for found entrance : position darkswamp --> magicsea[203700, 277900]
[06-12 06:58:20]
[06-12 06:58:20]ask for found entrance : position abandonedcity --> magicsea[150900, 366600]
[06-12 06:58:21]
[06-12 06:58:21]ask for found entrance : position darkswamp --> magicsea[203700, 277900]
[06-12 06:58:25]
[06-12 06:58:25]ask for found entrance : position abandonedcity --> magicsea[150900, 366600]
[06-12 06:58:26]
[06-12 06:58:26]ask for found entrance : position darkswamp --> magicsea[203700, 277900]
[06-12 06:58:30]
[06-12 06:58:30]ask for found entrance : position abandonedcity --> magicsea[150900, 366600]
[06-12 06:58:31]
[06-12 06:58:31]ask for found entrance : position darkswamp --> magicsea[203700, 277900]
[06-12 06:58:35]
[06-12 06:58:35]ask for found entrance : position abandonedcity --> magicsea[150900, 366600]
[06-12 06:58:36]
[06-12 06:58:36]ask for found entrance : position darkswamp --> magicsea[203700, 277900]
[06-12 06:58:40]
[06-12 06:58:40]ask for found entrance : position abandonedcity --> magicsea[150900, 366600]
[06-12 06:58:41]
[06-12 06:58:41]ask for found entrance : position darkswamp --> magicsea[203700, 277900]
[06-12 06:58:45]
[06-12 06:58:45]ask for found entrance : position abandonedcity --> magicsea[150900, 366600]
[06-12 06:58:46]
[06-12 06:58:46]ask for found entrance : position darkswamp --> magicsea[203700, 277900]
[06-12 06:58:50]
[06-12 06:58:50]ask for found entrance : position abandonedcity --> magicsea[150900, 366600]
[06-12 06:58:51]
[06-12 06:58:51]ask for found entrance : position darkswamp --> magicsea[203700, 277900]
[06-12 06:58:55]
[06-12 06:58:55]ask for found entrance : position abandonedcity --> magicsea[150900, 366600]
[06-12 06:58:56]
[06-12 06:58:56]ask for found entrance : position darkswamp --> magicsea[203700, 277900]
[06-12 06:59:01]
[06-12 06:59:01]ask for found entrance : position abandonedcity --> magicsea[150900, 366600]
[06-12 06:59:01]
[06-12 06:59:01]ask for found entrance : position darkswamp --> magicsea[203700, 277900]
[06-12 06:59:06]
[06-12 06:59:06]ask for found entrance : position abandonedcity --> magicsea[150900, 366600]
[06-12 06:59:06]
[06-12 06:59:06]ask for found entrance : position darkswamp --> magicsea[203700, 277900]
[06-12 06:59:10]
[06-12 06:59:10]ask for found entrance : position abandonedcity --> magicsea[150900, 366600]
[06-12 06:59:11]
[06-12 06:59:11]ask for found entrance : position darkswamp --> magicsea[203700, 277900]
[06-12 06:59:15]
[06-12 06:59:15]ask for found entrance : position abandonedcity --> magicsea[150900, 366600]
[06-12 06:59:16]
[06-12 06:59:16]ask for found entrance : position darkswamp --> magicsea[203700, 277900]
[06-12 06:59:20]
[06-12 06:59:20]ask for found entrance : position abandonedcity --> magicsea[150900, 366600]
[06-12 06:59:21]
[06-12 06:59:21]ask for found entrance : position darkswamp --> magicsea[203700, 277900]
[06-12 06:59:25]
[06-12 06:59:25]ask for found entrance : position abandonedcity --> magicsea[150900, 366600]
[06-12 06:59:26]
[06-12 06:59:26]ask for found entrance : position darkswamp --> magicsea[203700, 277900]
[06-12 06:59:30]
[06-12 06:59:30]ask for found entrance : position abandonedcity --> magicsea[150900, 366600]
[06-12 06:59:31]
[06-12 06:59:31]ask for found entrance : position darkswamp --> magicsea[203700, 277900]
[06-12 06:59:35]
[06-12 06:59:35]ask for found entrance : position abandonedcity --> magicsea[150900, 366600]
[06-12 06:59:36]
[06-12 06:59:36]ask for found entrance : position darkswamp --> magicsea[203700, 277900]
[06-12 06:59:40]
[06-12 06:59:40]ask for found entrance : position abandonedcity --> magicsea[150900, 366600]
[06-12 06:59:41]
[06-12 06:59:41]ask for found entrance : position darkswamp --> magicsea[203700, 277900]
[06-12 06:59:45]
[06-12 06:59:45]ask for found entrance : position abandonedcity --> magicsea[150900, 366600]
[06-12 06:59:46]
[06-12 06:59:46]ask for found entrance : position darkswamp --> magicsea[203700, 277900]
[06-12 06:59:50]
[06-12 06:59:50]ask for found entrance : position abandonedcity --> magicsea[150900, 366600]
[06-12 06:59:51]
[06-12 06:59:51]ask for found entrance : position darkswamp --> magicsea[203700, 277900]
[06-12 06:59:55]
[06-12 06:59:55]ask for found entrance : position abandonedcity --> magicsea[150900, 366600]
[06-12 06:59:56]
[06-12 06:59:56]ask for found entrance : position darkswamp --> magicsea[203700, 277900]
[06-12 07:00:03]
[06-12 07:00:03]ask for found entrance : position mjing1 --> winterland[0, 0]
[06-12 07:00:03]
[06-12 07:00:03]ask for found entrance : position mjing2 --> winterland[0, 0]
[06-12 07:00:03]
[06-12 07:00:03]ask for found entrance : position mjing3 --> winterland[0, 0]
