[06-12 07:12:25]Enter game [              Who] [                 ] [Gold: 0 Item: 4@Камзол новичка[289],1;Ботинки новичка[641],1;Нож новичка[8],1;Сундук новичка[436],1;]
[06-12 07:12:25]Enter game [              Who] [                 ] [Temporary Bag: 0@]
[06-12 07:12:25]Enter game [              Who] [                 ] [Bank ID(1):[1]0@;]
[06-12 07:12:25]equipment [              Who] [                 ] [Equipment: 10@Лицо 1[2554],0;]
[06-12 07:12:25]Enter game [              Who] [                 ] [user has come online]
[06-12 07:12:25]Enter game [              Who] [                 ] [Enter map [winterland] Coordinates: x =24900, y =86600.]
[06-12 07:12:54]exit game [              Who] [                 ] [Character is offline]
[06-12 07:12:54]exit game [              Who] [                 ] [Exit map [winterland] Coordinates: x =25025, y =86775.]
[06-12 07:12:54]exit game [              Who] [                 ] [Money: 0 Inventory: 4@Камзол новичка[289],1;Ботинки новичка[641],1;Нож новичка[8],1;Сундук новичка[436],1;]
[06-12 07:12:54]exit game [              Who] [                 ] [Temporary Bag: 0@]
[06-12 07:12:54]equipment [              Who] [                 ] [Equipment: 10@Лицо 1[2554],0;]
[06-12 07:12:54]   bank [              Who] [                 ] [Bank ID(1):[1]0@;]
[06-12 07:13:06]Enter game [       BopoHange1] [                 ] [Gold: 10000 Item: 0@]
[06-12 07:13:06]Enter game [       BopoHange1] [                 ] [Temporary Bag: 0@]
[06-12 07:13:06]Enter game [       BopoHange1] [                 ] [Bank ID(1):[1]0@;]
[06-12 07:13:06]equipment [       BopoHange1] [                 ] [Equipment: 10@Лицо 1[2554],0;]
[06-12 07:13:06]Enter game [       BopoHange1] [                 ] [user has come online]
[06-12 07:13:06]Quest give [       BopoHange1] [                 ] [1 Сундук новичка]
[06-12 07:13:06]Enter game [       BopoHange1] [                 ] [Enter map [garner] Coordinates: x =224600, y =270400.]
[06-12 07:14:40]Quest give [       BopoHange1] [                 ] [1 Летучий сундук]
[06-12 07:14:40]Quest give [       BopoHange1] [                 ] [1 Меч новичка]
[06-12 07:14:40]Quest give [       BopoHange1] [                 ] [1 Рубаха начинающего]
[06-12 07:14:40]Quest give [       BopoHange1] [                 ] [1 Пособие по продвижению по службе 1 уровня]
[06-12 07:14:40]Consumes [       BopoHange1] [                 ] [Used item, name Сундук новичка[436], amount 1.]
[06-12 07:14:47]Quest give [       BopoHange1] [                 ] [1 Цветочный сундук]
[06-12 07:14:47]Quest give [       BopoHange1] [                 ] [1 Короткий железный меч]
[06-12 07:14:47]Quest give [       BopoHange1] [                 ] [1 Доспех из мягкой кожи]
[06-12 07:14:47]Quest give [       BopoHange1] [                 ] [1 Билет до Серебряного ]
[06-12 07:14:47]Quest give [       BopoHange1] [                 ] [1 Билет до Шайтана]
[06-12 07:14:47]Quest give [       BopoHange1] [                 ] [1 Билет до Ледыни]
[06-12 07:14:47]Quest give [       BopoHange1] [                 ] [1 Руководство по билетам]
[06-12 07:14:47]Consumes [       BopoHange1] [                 ] [Used item, name Летучий сундук[437], amount 1.]
[06-12 07:14:48]Quest give [       BopoHange1] [                 ] [1 Длинный меч]
[06-12 07:14:48]Quest give [       BopoHange1] [                 ] [1 Толстый доспех]
[06-12 07:14:48]Quest give [       BopoHange1] [                 ] [1 Солнце]
[06-12 07:14:48]Quest give [       BopoHange1] [                 ] [1 Королевский салют A]
[06-12 07:14:48]Quest give [       BopoHange1] [                 ] [1 Руководство по эмозначкам]
[06-12 07:14:48]Quest give [       BopoHange1] [                 ] [1 Исследовательский сундук]
[06-12 07:14:48]Quest give [       BopoHange1] [                 ] [5 Небесная ягода]
[06-12 07:14:48]Quest give [       BopoHange1] [                 ] [5 Фрукт опыта отряда]
[06-12 07:14:48]Quest give [       BopoHange1] [                 ] [10 Светильник]
[06-12 07:14:48]Consumes [       BopoHange1] [                 ] [Used item, name Цветочный сундук[438], amount 1.]
[06-12 07:14:53]  throw [       BopoHange1] [                 ] [Throw equipment, name Руководство по билетам[445], amount 1.]
[06-12 07:14:54]  throw [       BopoHange1] [                 ] [Throw equipment, name Пособие по продвижению по службе 1 уровня[444], amount 1.]
[06-12 07:14:56]  throw [       BopoHange1] [                 ] [Throw equipment, name Руководство по эмозначкам[446], amount 1.]
[06-12 07:14:57]Quest give [       BopoHange1] [                 ] [1 Меч воина]
[06-12 07:14:57]Quest give [       BopoHange1] [                 ] [1 Тяжелый кожаный доспех]
[06-12 07:14:57]Quest give [       BopoHange1] [                 ] [1 Небесная ягода]
[06-12 07:14:57]Quest give [       BopoHange1] [                 ] [1 Справочник по небесным ягодам]
[06-12 07:14:57]Quest give [       BopoHange1] [                 ] [1 Плавка сундука]
[06-12 07:14:57]Consumes [       BopoHange1] [                 ] [Used item, name Исследовательский сундук[439], amount 1.]
[06-12 07:14:59]  throw [       BopoHange1] [                 ] [Throw equipment, name Справочник по небесным ягодам[447], amount 1.]
[06-12 07:14:59]Quest give [       BopoHange1] [                 ] [1 Шпага]
[06-12 07:14:59]Quest give [       BopoHange1] [                 ] [1 Доспех из носорожьей шкуры]
[06-12 07:14:59]Quest give [       BopoHange1] [                 ] [1 Учебник по ковке]
[06-12 07:14:59]Quest give [       BopoHange1] [                 ] [1 Сундук исследований]
[06-12 07:14:59]Consumes [       BopoHange1] [                 ] [Used item, name Плавка сундука[440], amount 1.]
[06-12 07:15:00]  throw [       BopoHange1] [                 ] [Throw equipment, name Ботинки новичка[641], amount 1.]
[06-12 07:15:01]  throw [       BopoHange1] [                 ] [Throw equipment, name Камзол новичка[289], amount 1.]
[06-12 07:15:02]  throw [       BopoHange1] [                 ] [Throw equipment, name Рубаха начинающего[4308], amount 1.]
[06-12 07:15:02]Quest give [       BopoHange1] [                 ] [1 Разящий клинок]
[06-12 07:15:02]Quest give [       BopoHange1] [                 ] [1 Прочный кожаный доспех]
[06-12 07:15:02]Quest give [       BopoHange1] [                 ] [1 Заметки о Затерянном городе]
[06-12 07:15:02]Quest give [       BopoHange1] [                 ] [1 Сундук руководства]
[06-12 07:15:02]Quest give [       BopoHange1] [                 ] [1 Меч печали]
[06-12 07:15:02]Quest give [       BopoHange1] [                 ] [1 Доспех возвращенного]
[06-12 07:15:02]Consumes [       BopoHange1] [                 ] [Used item, name Сундук исследований[441], amount 1.]
[06-12 07:15:03]  throw [       BopoHange1] [                 ] [Throw equipment, name Учебник по ковке[448], amount 1.]
[06-12 07:15:04]Quest give [       BopoHange1] [                 ] [1 Сундук развития]
[06-12 07:15:04]Quest give [       BopoHange1] [                 ] [1 Пособие по продвижению по службе 2 уровня]
[06-12 07:15:04]Consumes [       BopoHange1] [                 ] [Used item, name Сундук руководства[442], amount 1.]
[06-12 07:15:06]  throw [       BopoHange1] [                 ] [Throw equipment, name Пособие по продвижению по службе 2 уровня[451], amount 1.]
[06-12 07:15:12]  throw [       BopoHange1] [                 ] [Throw equipment, name Королевский салют A[3351], amount 1.]
[06-12 07:15:13]  throw [       BopoHange1] [                 ] [Throw equipment, name Солнце[4264], amount 1.]
[06-12 07:15:16]  throw [       BopoHange1] [                 ] [Throw equipment, name Меч новичка[9], amount 1.]
[06-12 07:15:17]Quest give [       BopoHange1] [                 ] [1 Путеводитель по Темной топи]
[06-12 07:15:17]Quest give [       BopoHange1] [                 ] [2 Чек на миллион долларов]
[06-12 07:15:17]Quest give [       BopoHange1] [                 ] [1 Нагрудная броня]
[06-12 07:15:17]Quest give [       BopoHange1] [                 ] [1 Змеиный меч]
[06-12 07:15:17]Quest give [       BopoHange1] [                 ] [1 Легкий пластинчатый доспех]
[06-12 07:15:17]Consumes [       BopoHange1] [                 ] [Used item, name Сундук развития[443], amount 1.]
[06-12 07:15:19]  throw [       BopoHange1] [                 ] [Throw equipment, name Путеводитель по Темной топи[450], amount 1.]
[06-12 07:15:28]  throw [       BopoHange1] [                 ] [Throw equipment, name Заметки о Затерянном городе[449], amount 1.]
[06-12 07:15:39]  throw [       BopoHange1] [                 ] [Throw equipment, name Легкий пластинчатый доспех[302], amount 1.]
[06-12 07:15:40]  throw [       BopoHange1] [                 ] [Throw equipment, name Змеиный меч[4], amount 1.]
[06-12 07:15:40]  throw [       BopoHange1] [                 ] [Throw equipment, name Нагрудная броня[295], amount 1.]
[06-12 07:15:45]  throw [       BopoHange1] [                 ] [Throw equipment, name Толстый доспех[291], amount 1.]
[06-12 07:15:48]  throw [       BopoHange1] [                 ] [Throw equipment, name Светильник[3342], amount 10.]
[06-12 07:15:50]  throw [       BopoHange1] [                 ] [Throw equipment, name Фрукт опыта отряда[849], amount 5.]
[06-12 07:15:51]  throw [       BopoHange1] [                 ] [Throw equipment, name Небесная ягода[3844], amount 6.]
[06-12 07:15:51]  throw [       BopoHange1] [                 ] [Throw equipment, name Доспех из носорожьей шкуры[293], amount 1.]
[06-12 07:15:52]  throw [       BopoHange1] [                 ] [Throw equipment, name Билет до Ледыни[4604], amount 1.]
[06-12 07:15:52]  throw [       BopoHange1] [                 ] [Throw equipment, name Шпага[3], amount 1.]
[06-12 07:15:53]  throw [       BopoHange1] [                 ] [Throw equipment, name Короткий железный меч[10], amount 1.]
[06-12 07:15:54]  throw [       BopoHange1] [                 ] [Throw equipment, name Тяжелый кожаный доспех[297], amount 1.]
[06-12 07:15:54]  throw [       BopoHange1] [                 ] [Throw equipment, name Доспех из мягкой кожи[296], amount 1.]
[06-12 07:15:54]  throw [       BopoHange1] [                 ] [Throw equipment, name Билет до Серебряного [4602], amount 1.]
[06-12 07:15:55]  throw [       BopoHange1] [                 ] [Throw equipment, name Билет до Шайтана[4603], amount 1.]
[06-12 07:15:55]  throw [       BopoHange1] [                 ] [Throw equipment, name Длинный меч[2], amount 1.]
[06-12 07:15:56]  throw [       BopoHange1] [                 ] [Throw equipment, name Нож новичка[8], amount 1.]
[06-12 07:15:57]  throw [       BopoHange1] [                 ] [Throw equipment, name Меч воина[14], amount 1.]
[06-12 07:15:57]  throw [       BopoHange1] [                 ] [Throw equipment, name Прочный кожаный доспех[298], amount 1.]
[06-12 07:15:58]  throw [       BopoHange1] [                 ] [Throw equipment, name Разящий клинок[12], amount 1.]
[06-12 07:16:00]  throw [       BopoHange1] [                 ] [Throw equipment, name Чек на миллион долларов[854], amount 2.]
[06-12 07:18:51]ShopBuy [       BopoHange1] [                 ] [1 Рюкзак с 28 ячейками]
[06-12 07:18:51]ShopBuy [       BopoHange1] [                 ] [1 Рюкзак с 32 ячейками]
[06-12 07:18:52]ShopBuy [       BopoHange1] [                 ] [1 Рюкзак с 36 ячейками]
[06-12 07:18:53]ShopBuy [       BopoHange1] [                 ] [1 Рюкзак с 40 ячейками]
[06-12 07:18:53]ShopBuy [       BopoHange1] [                 ] [1 Рюкзак с 44 ячейками]
[06-12 07:18:54]ShopBuy [       BopoHange1] [                 ] [1 Рюкзак с 48 ячейками]
[06-12 07:18:55]Consumes [       BopoHange1] [                 ] [Used item, name Рюкзак с 28 ячейками[3088], amount 1.]
[06-12 07:18:56]Consumes [       BopoHange1] [                 ] [Used item, name Рюкзак с 32 ячейками[3089], amount 1.]
[06-12 07:18:57]Consumes [       BopoHange1] [                 ] [Used item, name Рюкзак с 36 ячейками[3090], amount 1.]
[06-12 07:18:58]Consumes [       BopoHange1] [                 ] [Used item, name Рюкзак с 40 ячейками[3091], amount 1.]
[06-12 07:19:00]Consumes [       BopoHange1] [                 ] [Used item, name Рюкзак с 44 ячейками[3092], amount 1.]
[06-12 07:19:01]Consumes [       BopoHange1] [                 ] [Used item, name Рюкзак с 48 ячейками[3093], amount 1.]
[06-12 07:19:02]ShopBuy [       BopoHange1] [                 ] [99 Светильник]
[06-12 07:19:26]ShopBuy [       BopoHange1] [                 ] [1 Мантия брутального шефа]
[06-12 07:19:32]ShopBuy [       BopoHange1] [                 ] [1 Ботинки кровавой луны (Ланс)]
[06-12 07:19:41]ShopBuy [       BopoHange1] [                 ] [1 Перчатки для романтических танцев Ланса (белые)]
[06-12 07:19:52]ShopBuy [       BopoHange1] [                 ] [1 Соломенная шляпа]
[06-12 07:20:09]ShopBuy [       BopoHange1] [                 ] [1 Меч лазурного грома]
[06-12 07:20:11]ShopBuy [       BopoHange1] [                 ] [1 Меч лазурного грома]
[06-12 07:20:42]exit game [       BopoHange1] [                 ] [Character is offline]
[06-12 07:20:42]exit game [       BopoHange1] [                 ] [Exit map [garner] Coordinates: x =219775, y =272475.]
[06-12 07:20:42]exit game [       BopoHange1] [                 ] [Money: 1408913408 Inventory: 1@Светильник[3342],99;]
[06-12 07:20:42]exit game [       BopoHange1] [                 ] [Temporary Bag: 0@]
[06-12 07:20:42]equipment [       BopoHange1] [                 ] [Equipment: 10@Соломенная шляпа[5118],1;Лицо 1[2554],0;Мантия брутального шефа[5127],1;Перчатки для романтических танцев Ланса (белые)[5436],1;Ботинки кровавой луны (Ланс)[5664],1;Меч лазурного грома[5008],1;Меч лазурного грома[5008],1;]
[06-12 07:20:42]   bank [       BopoHange1] [                 ] [Bank ID(1):[1]0@;]
