[06-08 13:37:54]WorldNotice: len = 63
[06-08 13:37:54]WorldNotice: contend = Объявление: Карта для сражений между отрядоми сейчас откроется.
[06-12 06:43:04]WorldNotice: len = 63
[06-12 06:43:04]WorldNotice: contend = Объявление: Карта для сражений между отрядоми сейчас откроется.
[06-12 07:00:03]WorldNotice: len = 71
[06-12 07:00:03]WorldNotice: contend = Gate to Aurora Word is now open, ask North Villie for more information!
[06-12 07:00:03]WorldNotice: len = 50
[06-12 07:00:03]WorldNotice: contend = Gate to Aurora World 2 opened at [359,180], enjoy!
[06-12 07:00:03]WorldNotice: len = 54
[06-12 07:00:03]WorldNotice: contend = Portal to Dark Area arrived, what are you waiting for?
[06-12 07:12:09]WorldNotice: len = 71
[06-12 07:12:09]WorldNotice: contend = Gate to Aurora Word is now open, ask North Villie for more information!
[06-12 07:12:09]WorldNotice: len = 50
[06-12 07:12:09]WorldNotice: contend = Gate to Aurora World 2 opened at [359,180], enjoy!
[06-12 07:12:09]WorldNotice: len = 54
[06-12 07:12:09]WorldNotice: contend = Portal to Dark Area arrived, what are you waiting for?
[06-12 07:12:10]WorldNotice: len = 63
[06-12 07:12:10]WorldNotice: contend = Объявление: Карта для сражений между отрядоми сейчас откроется.
[06-13 17:04:47]WorldNotice: len = 71
[06-13 17:04:47]WorldNotice: contend = Gate to Aurora Word is now open, ask North Villie for more information!
[06-13 17:04:47]WorldNotice: len = 50
[06-13 17:04:47]WorldNotice: contend = Gate to Aurora World 2 opened at [359,180], enjoy!
[06-13 17:04:47]WorldNotice: len = 54
[06-13 17:04:47]WorldNotice: contend = Portal to Dark Area arrived, what are you waiting for?
[06-13 17:04:48]WorldNotice: len = 77
[06-13 17:04:48]WorldNotice: contend = Внимание: В Аскароне [2232,2781] появился портал в [Захват флага Барбороссы].
[06-13 17:04:48]WorldNotice: len = 63
[06-13 17:04:48]WorldNotice: contend = Объявление: Карта для сражений между отрядоми сейчас откроется.
[06-13 17:20:03]WorldNotice: len = 68
[06-13 17:20:03]WorldNotice: contend = Внимание: Портал в [Захват флага Барбороссы] закрылся! Возрадуйтесь!
