[06-13 17:12:58]Add LG [util_db_error]
[06-13 17:14:57]Add LG [iteminfoerror]
[06-13 17:15:06]Add LG [npcinfo]
[06-13 17:15:06]Add LG [boat_init]
[06-13 17:15:06]Add LG [packbag_init]
[06-13 17:15:06]Add LG [boatlevel_init]
[06-13 17:15:06]Add LG [PfTable]
[06-13 17:15:16]Add LG [randmission_prize_error]
[06-13 17:15:22]Add LG [npcinit]
[06-13 17:15:22]Add LG [initmap]
[06-13 17:15:25]Add LG [Common]
[06-13 17:15:27]Add LG [birth place error]
[06-13 17:15:28]Add LG [Monster Number magicsea]
[06-13 17:16:33]Add LG [missioninit]
[06-13 17:16:33]Add LG [npcinit_trade]
[06-13 17:16:34]Add LG [entity_init]
[06-13 17:16:34]Add LG [create_cha]
[06-13 17:16:34]Add LG [help]
[06-13 17:16:35]Add LG [lua_ai]
[06-13 17:16:36]Add LG [size]
[06-13 17:16:36]Add LG [Store_data]
[06-13 17:16:36]Add LG [GameServerLog]
[06-13 17:16:36]Add LG [EntityNum]
[06-13 17:16:36]Add LG [lua_err]
[06-13 17:16:37]Add LG [Connect]
[06-13 17:16:37]Add LG [GameLogin]
[06-13 17:17:06]Add LG [GameRunTime]
[06-13 17:17:31]Add LG [enter_map]
[06-13 17:17:31]Add LG [trade2012-6-13-17]
[06-13 17:17:32]Add LG [script_time]
[06-13 17:17:34]Add LG [map_time]
[06-13 17:18:53]Add LG [Save cosumed data]
[06-13 17:20:46]Add LG [ServerRunLog]
[06-13 17:20:46]Add LG [GMmakeLog]
[06-13 17:20:46]Add LG [DoCommand]
[06-13 17:29:38]Add LG [checksum error ]
