[06-13 17:17:34]!!!magicsea(1)Consumes =270 ms, WeatherRun =0, CharacterRun =270, StateRun =0, ActiveMgrUnitNum =165
[06-13 17:17:34]	"Cha-Бабушка Спичка+2952796589" Check = 0, ActCache = 0, Resume = 267, Player = 0, AI = 0, Area = 0, Die = 0, Mission = 0, Team = 0, SkillState = 0, Move = 0, Fight = 0, DB = 0, Ping = 0
[06-13 17:18:04]...magicsea(1) used =2 ms, WeatherRun =0, CharacterRun =2, StateRun =0, ActiveMgrUnitNum =165
[06-13 17:18:34]...magicsea(1) used =2 ms, WeatherRun =0, CharacterRun =2, StateRun =0, ActiveMgrUnitNum =165
[06-13 17:19:04]...magicsea(1) used =2 ms, WeatherRun =0, CharacterRun =2, StateRun =0, ActiveMgrUnitNum =165
[06-13 17:19:34]...magicsea(1) used =1 ms, WeatherRun =0, CharacterRun =1, StateRun =0, ActiveMgrUnitNum =165
[06-13 17:20:04]...magicsea(1) used =1 ms, WeatherRun =0, CharacterRun =1, StateRun =0, ActiveMgrUnitNum =165
[06-13 17:20:34]...magicsea(1) used =1 ms, WeatherRun =0, CharacterRun =1, StateRun =0, ActiveMgrUnitNum =165
[06-13 17:21:04]...magicsea(1) used =1 ms, WeatherRun =0, CharacterRun =1, StateRun =0, ActiveMgrUnitNum =165
[06-13 17:21:34]...magicsea(1) used =2 ms, WeatherRun =0, CharacterRun =2, StateRun =0, ActiveMgrUnitNum =165
[06-13 17:21:34]	"Cha-Диспетчер порта - Пол+2952796551" Check = 0, ActCache = 0, Resume = 0, Player = 0, AI = 0, Area = 0, Die = 0, Mission = 0, Team = 1, SkillState = 0, Move = 0, Fight = 0, DB = 0, Ping = 0
[06-13 17:22:04]...magicsea(1) used =1 ms, WeatherRun =0, CharacterRun =1, StateRun =0, ActiveMgrUnitNum =165
[06-13 17:22:34]...magicsea(1) used =1 ms, WeatherRun =0, CharacterRun =1, StateRun =0, ActiveMgrUnitNum =165
[06-13 17:23:04]...magicsea(1) used =1 ms, WeatherRun =0, CharacterRun =1, StateRun =0, ActiveMgrUnitNum =165
[06-13 17:23:34]...magicsea(1) used =1 ms, WeatherRun =0, CharacterRun =1, StateRun =0, ActiveMgrUnitNum =165
[06-13 17:24:04]...magicsea(1) used =2 ms, WeatherRun =0, CharacterRun =2, StateRun =0, ActiveMgrUnitNum =165
[06-13 17:24:34]...magicsea(1) used =1 ms, WeatherRun =0, CharacterRun =1, StateRun =0, ActiveMgrUnitNum =165
[06-13 17:25:04]...magicsea(1) used =3 ms, WeatherRun =0, CharacterRun =3, StateRun =0, ActiveMgrUnitNum =165
[06-13 17:25:04]	"Cha-Купец - Микки+2952796563" Check = 0, ActCache = 0, Resume = 0, Player = 0, AI = 0, Area = 0, Die = 0, Mission = 0, Team = 0, SkillState = 0, Move = 0, Fight = 0, DB = 0, Ping = 0
[06-13 17:25:34]...magicsea(1) used =1 ms, WeatherRun =0, CharacterRun =1, StateRun =0, ActiveMgrUnitNum =165
[06-13 17:26:04]...magicsea(1) used =1 ms, WeatherRun =0, CharacterRun =1, StateRun =0, ActiveMgrUnitNum =165
[06-13 17:26:34]...magicsea(1) used =1 ms, WeatherRun =0, CharacterRun =1, StateRun =0, ActiveMgrUnitNum =140
[06-13 17:27:04]...magicsea(1) used =1 ms, WeatherRun =0, CharacterRun =1, StateRun =0, ActiveMgrUnitNum =140
[06-13 17:27:34]...magicsea(1) used =1 ms, WeatherRun =0, CharacterRun =1, StateRun =0, ActiveMgrUnitNum =165
[06-13 17:28:04]...magicsea(1) used =1 ms, WeatherRun =0, CharacterRun =1, StateRun =0, ActiveMgrUnitNum =165
[06-13 17:28:34]...magicsea(1) used =1 ms, WeatherRun =0, CharacterRun =1, StateRun =0, ActiveMgrUnitNum =165
[06-13 17:29:04]...magicsea(1) used =2 ms, WeatherRun =0, CharacterRun =2, StateRun =0, ActiveMgrUnitNum =165
[06-13 17:29:34]...magicsea(1) used =1 ms, WeatherRun =0, CharacterRun =1, StateRun =0, ActiveMgrUnitNum =140
