[06-13 17:16:33]Set quest [1]: [102]: [Жизнь знахарки] 
[06-13 17:16:33]Set quest [2]: [416]: [Последователи Аши] 
[06-13 17:16:33]Set quest [3]: [751]: [Аллея Целителя ] 
[06-13 17:16:33]Set quest [4]: [755]: [Пути Колдуньи ] 
[06-13 17:16:33]Set quest [5]: [95]: [Продвижение Знахарки ] 
[06-13 17:16:33]Set quest [6]: [96]: [Продвижение Знахарки ] 
[06-13 17:16:33]Set quest [7]: [97]: [Продвижение Знахарки ] 
[06-13 17:16:33]Set quest [8]: [151]: [Продвижение Знахарки ] 
[06-13 17:16:33]Set quest [9]: [1227]: [Низ. ур. торговля] 
[06-13 17:16:33]Set quest [10]: [342]: [ Завет ] 
[06-13 17:16:33]Set quest [11]: [343]: [ Завет ] 
[06-13 17:16:33]Set quest [12]: [344]: [ Завет ] 
[06-13 17:16:33]Set quest [13]: [345]: [ Завет ] 
[06-13 17:16:33]Set quest [14]: [346]: [ Тест Богини ] 
[06-13 17:16:33]Set quest [15]: [347]: [ Тест Богини ] 
[06-13 17:16:33]Set quest [16]: [348]: [ Тест Богини ] 
[06-13 17:16:33]Set quest [17]: [349]: [ Тест Богини ] 
[06-13 17:16:33]Set quest [18]: [350]: [ Тест Богини ] 
[06-13 17:16:33]Set quest [19]: [351]: [ Тест Богини ] 
[06-13 17:16:33]Set quest [20]: [352]: [ Тест Богини ] 
[06-13 17:16:33]Set quest [21]: [353]: [ Тест Богини ] 
[06-13 17:16:33]Set quest [22]: [354]: [ Тест Богини ] 
[06-13 17:16:33]Set quest [23]: [355]: [ Тест Богини ] 
[06-13 17:16:33]Set quest [24]: [5009]: [Memory Soup] 
[06-13 17:16:33]Set quest [25]: [5015]: [ Черная жемчужина ] 
[06-13 17:16:33]Set quest [26]: [5017]: [ Капсула Памяти ] 
[06-13 17:16:33]Set quest [27]: [5024]: [ Красивое прошлое ] 
[06-13 17:16:33]Set quest [28]: [5028]: [ Любовная часть ] 
[06-13 17:16:33]Set quest [29]: [5031]: [ Сера ] 
[06-13 17:16:33]Set quest [30]: [5059]: [ Указания Санг Ди ] 
[06-13 17:16:33]Set quest [31]: [5064]: [ Просьба Ганьона ] 
[06-13 17:16:33]Set quest [1]: [231]: [ Визит в пустыню ] 
[06-13 17:16:33]Set quest [2]: [232]: [ Перемены ] 
[06-13 17:16:33]Set quest [3]: [234]: [ Записная книжка Роланда ] 
[06-13 17:16:33]Set quest [4]: [1037]: [Жизнь мечника] 
[06-13 17:16:33]Set quest [5]: [1091]: [Жизнь охотника] 
[06-13 17:16:33]Set quest [6]: [1149]: [Жизнь знахарки] 
[06-13 17:16:33]Set quest [7]: [1200]: [Жизнь мореплавателя] 
[06-13 17:16:33]Set quest [8]: [1228]: [Низ. ур. торговля] 
[06-13 17:16:33]Set quest [9]: [327]: [ Раскаяние ] 
[06-13 17:16:33]Set quest [10]: [339]: [ Последователи Богини ] 
[06-13 17:16:33]Set quest [11]: [340]: [ Святая Жрица ] 
[06-13 17:16:33]Set quest [12]: [6017]: [Жесткий? Или раздражающий?] 
[06-13 17:16:33]Set quest [13]: [6018]: [Продолжите Перерождения] 
[06-13 17:16:33]Set quest [1]: [1007]: [Жизнь мечника] 
[06-13 17:16:33]Set quest [2]: [1117]: [Жизнь знахарки] 
[06-13 17:16:33]Set quest [3]: [1171]: [Жизнь мореплавателя] 
[06-13 17:16:33]Set quest [4]: [1062]: [Жизнь охотника] 
[06-13 17:16:33]Set quest [5]: [1229]: [Низ. ур. торговля] 
[06-13 17:16:33]Set quest [1]: [715]: [Приветствие портного ] 
[06-13 17:16:33]Set quest [2]: [1011]: [Жизнь мечника] 
[06-13 17:16:33]Set quest [3]: [1068]: [Жизнь охотника] 
[06-13 17:16:33]Set quest [4]: [1123]: [Жизнь знахарки] 
[06-13 17:16:33]Set quest [5]: [1175]: [Жизнь мореплавателя] 
[06-13 17:16:33]Set quest [6]: [1230]: [Низ. ур. торговля] 
[06-13 17:16:33]Set quest [1]: [1051]: [Жизнь мечника] 
[06-13 17:16:33]Set quest [2]: [1104]: [Жизнь охотника] 
[06-13 17:16:33]Set quest [3]: [1160]: [Жизнь знахарки] 
[06-13 17:16:33]Set quest [4]: [1213]: [Жизнь мореплавателя] 
[06-13 17:16:33]Set quest [5]: [1231]: [Низ. ур. торговля] 
[06-13 17:16:33]Set quest [6]: [5012]: [ Приглашение ] 
[06-13 17:16:33]Set quest [1]: [243]: [ Пиратские новости ] 
[06-13 17:16:33]Set quest [2]: [244]: [ Пираты Джека ] 
[06-13 17:16:33]Set quest [3]: [1012]: [Жизнь мечника] 
[06-13 17:16:33]Set quest [4]: [1069]: [Жизнь охотника] 
[06-13 17:16:33]Set quest [5]: [1124]: [Жизнь знахарки] 
[06-13 17:16:33]Set quest [6]: [1176]: [Жизнь мореплавателя] 
[06-13 17:16:33]Set quest [7]: [88]: [Письмо для Франко ] 
[06-13 17:16:33]Set quest [8]: [89]: [Убийство Монстра ] 
[06-13 17:16:33]Set quest [9]: [90]: [Письмо для Смити ] 
[06-13 17:16:33]Set quest [10]: [1232]: [Низ. ур. торговля] 
[06-13 17:16:33]Set quest [1]: [713]: [Приветствие кузнеца ] 
[06-13 17:16:33]Set quest [2]: [1043]: [Жизнь мечника] 
[06-13 17:16:33]Set quest [3]: [1095]: [Жизнь охотника] 
[06-13 17:16:33]Set quest [4]: [1154]: [Жизнь знахарки] 
[06-13 17:16:33]Set quest [5]: [1206]: [Жизнь мореплавателя] 
[06-13 17:16:33]Set quest [6]: [91]: [Письмо для Смити ] 
[06-13 17:16:33]Set quest [7]: [92]: [Боязнь Скорпиона ] 
[06-13 17:16:33]Set quest [8]: [93]: [Письмо для Блисс ] 
[06-13 17:16:33]Set quest [1]: [1146]: [Жизнь знахарки] 
[06-13 17:16:33]Set quest [2]: [155]: [Письмо для Лены ] 
[06-13 17:16:33]Set quest [3]: [156]: [Поддельный Предмет ] 
[06-13 17:16:33]Set quest [4]: [157]: [Письмо Франклину ] 
[06-13 17:16:33]Set quest [1]: [1161]: [Жизнь знахарки] 
[06-13 17:16:33]Set quest [2]: [152]: [Письмо для Амос ] 
[06-13 17:16:33]Set quest [3]: [153]: [Анализ Прививки ] 
[06-13 17:16:33]Set quest [4]: [154]: [Письмо для Лены ] 
[06-13 17:16:33]Set quest [1]: [1138]: [Жизнь знахарки] 
[06-13 17:16:33]Set quest [2]: [1161]: [Жизнь знахарки] 
[06-13 17:16:33]Set quest [1]: [1129]: [Жизнь знахарки] 
[06-13 17:16:33]Set quest [1]: [1125]: [Жизнь знахарки] 
[06-13 17:16:33]Set quest [1]: [711]: [Добро пожаловать!] 
[06-13 17:16:33]Set quest [2]: [712]: [Приветствие кузнеца ] 
[06-13 17:16:33]Set quest [3]: [714]: [Приветствие портного ] 
[06-13 17:16:33]Set quest [4]: [716]: [Приветствие врача ] 
[06-13 17:16:33]Set quest [5]: [718]: [Боевая тренировка ] 
[06-13 17:16:33]Set quest [6]: [202]: [ Послание секретаря ] 
[06-13 17:16:33]Set quest [7]: [414]: [Рекрут воина] 
[06-13 17:16:33]Set quest [8]: [83]: [Письмо для Майкла ] 
[06-13 17:16:33]Set quest [9]: [84]: [Письмо для Амос ] 
[06-13 17:16:33]Set quest [10]: [94]: [Письмо для Блисс ] 
[06-13 17:16:33]Set quest [11]: [161]: [Письмо для Блисс ] 
[06-13 17:16:33]Set quest [12]: [62]: [Продвижение Мечника ] 
[06-13 17:16:33]Set quest [13]: [63]: [Продвижение Охотника ] 
[06-13 17:16:33]Set quest [14]: [64]: [Продвижение Знахарки ] 
[06-13 17:16:33]Set quest [15]: [65]: [Продвижение Исследователя ] 
[06-13 17:16:33]Set quest [1]: [1116]: [Жизнь знахарки] 
[06-13 17:16:33]Set quest [2]: [158]: [Письмо Франклину ] 
[06-13 17:16:33]Set quest [3]: [159]: [Лекарство от морской болезни ] 
[06-13 17:16:33]Set quest [4]: [160]: [Письмо для Блисс ] 
[06-13 17:16:33]Set quest [1]: [1126]: [Жизнь знахарки] 
[06-13 17:16:33]Set quest [2]: [98]: [Продвижение Знахарки ] 
[06-13 17:16:33]Set quest [3]: [99]: [Продвижение Знахарки ] 
[06-13 17:16:33]Set quest [4]: [150]: [Продвижение Знахарки ] 
[06-13 17:16:33]Set quest [1]: [1144]: [Жизнь знахарки] 
[06-13 17:16:33]Set quest [2]: [6115]: [Первая Задача] 
[06-13 17:16:33]Set quest [3]: [6116]: [Вторая Задача] 
[06-13 17:16:33]Set quest [1]: [233]: [ Перемены ] 
[06-13 17:16:33]Set quest [2]: [5565]: [Посол PKO 7] 
[06-13 17:16:33]Set quest [3]: [5566]: [Посол PKO 8] 
[06-13 17:16:33]Set quest [1]: [5604]: [Индегриенты для Суши] 
[06-13 17:16:33]Set quest [2]: [5605]: [Суши Высшего качества] 
[06-13 17:16:33]Set quest [3]: [5606]: [Кукинг] 
[06-13 17:16:33]Set quest [4]: [5607]: [Знаменитый кекс] 
[06-13 17:16:33]Set quest [1]: [237]: [ Наводки ] 
[06-13 17:16:33]Set quest [2]: [238]: [ Предатель внутри ] 
[06-13 17:16:33]Set quest [3]: [239]: [ Битва в пустыне ] 
[06-13 17:16:33]Set quest [4]: [240]: [ Правда ] 
[06-13 17:16:33]Set quest [5]: [248]: [ Те, кого это может касаться ] 
[06-13 17:16:33]Set quest [6]: [557]: [ Потеря ] 
[06-13 17:16:33]Set quest [7]: [5011]: [ Приглашение ] 
[06-13 17:16:33]Set quest [1]: [5010]: [ Кровавый камень ] 
[06-13 17:16:33]Set quest [2]: [5014]: [ Рецепт Супа Памяти ] 
[06-13 17:16:33]Set quest [3]: [5033]: [ Карта Сокровищ Набожности ] 
[06-13 17:16:33]Set quest [4]: [5034]: [ Поиски Солнечного Камня ] 
[06-13 17:16:33]Set quest [5]: [5553]: [Посол PKO] 
[06-13 17:16:33]Set quest [6]: [5554]: [Посол PKO 2] 
[06-13 17:16:33]Set quest [7]: [6258]: [ИК°®Ц®РД¶ю] 
[06-13 17:16:33]Set quest [8]: [6259]: [ИК°®Ц®РДИэ] 
[06-13 17:16:33]Set quest [1]: [5559]: [Посол PKO 4] 
[06-13 17:16:33]Set quest [2]: [5560]: [Посол PKO 5] 
[06-13 17:16:33]Set quest [1]: [756]: [Пути Колдуньи ] 
[06-13 17:16:33]Set quest [2]: [341]: [ Завет ] 
[06-13 17:16:33]Set quest [3]: [356]: [ Загадочный Город ] 
[06-13 17:16:33]Set quest [4]: [357]: [ Город Весны ] 
[06-13 17:16:33]Set quest [5]: [521]: [ Слеза богини ] 
[06-13 17:16:33]Set quest [6]: [539]: [Тайна Слез Дракона ] 
[06-13 17:16:33]Set quest [7]: [540]: [ Святая вода ] 
[06-13 17:16:33]Set quest [8]: [541]: [ Выкуп ] 
[06-13 17:16:33]Set quest [9]: [552]: [ Трагедия ] 
[06-13 17:16:33]Set quest [10]: [553]: [ Трагедия ] 
[06-13 17:16:33]Set quest [11]: [556]: [ Потеря ] 
[06-13 17:16:33]Set quest [1]: [235]: [ Записная книжка Роланда ] 
[06-13 17:16:33]Set quest [2]: [236]: [ Наводки ] 
[06-13 17:16:33]Set quest [3]: [241]: [ Правда ] 
[06-13 17:16:33]Set quest [4]: [242]: [ Пиратские новости ] 
[06-13 17:16:33]Set quest [5]: [412]: [Торговые поставки] 
[06-13 17:16:33]Set quest [6]: [85]: [Письмо для Майкла ] 
[06-13 17:16:33]Set quest [7]: [86]: [Вторжение кактусов ] 
[06-13 17:16:33]Set quest [8]: [87]: [Письмо для Франко ] 
[06-13 17:16:33]Set quest [9]: [922]: [Расследование о наподении] 
[06-13 17:16:33]Set quest [10]: [923]: [Кто прав, кто виноват] 
[06-13 17:16:33]Set quest [11]: [924]: [Кто прав, кто виноват] 
[06-13 17:16:33]Set quest [1]: [717]: [Приветствие врача ] 
[06-13 17:16:33]Set quest [1]: [456]: [Кризис] 
[06-13 17:16:33]Set quest [2]: [656]: [Грибной суп] 
[06-13 17:16:33]Set quest [3]: [661]: [Искоренение пауков] 
[06-13 17:16:33]Set quest [4]: [665]: [Предводитель песчаных бандитов - Гарет] 
[06-13 17:16:33]Set quest [5]: [1142]: [Жизнь знахарки] 
[06-13 17:16:33]Set quest [6]: [1582]: [Низ. ур. торговля] 
[06-13 17:16:33]Set quest [7]: [1910]: [Ср. ур. торговля] 
[06-13 17:16:33]Set quest [8]: [5025]: [ Свеча ] 
[06-13 17:16:33]Set quest [9]: [5026]: [ Восстановить прошлое! ] 
[06-13 17:16:33]Set quest [10]: [5029]: [ Любовная часть ] 
[06-13 17:16:33]Set quest [11]: [5070]: [ История о Просветленном ] 
[06-13 17:16:33]Set quest [12]: [5072]: [ Просьба Ганьона ] 
[06-13 17:16:33]Set quest [13]: [5073]: [ Закалка ] 
[06-13 17:16:33]Set quest [14]: [5074]: [ Кто же этот Просветленный? ] 
[06-13 17:16:33]Set quest [15]: [5092]: [ Ученик ] 
[06-13 17:16:33]Set quest [16]: [5101]: [ Ученик 1 уровень ] 
[06-13 17:16:33]Set quest [17]: [5102]: [ Ученик 2 уровень ] 
[06-13 17:16:33]Set quest [18]: [5103]: [ Ученик 3 уровень ] 
[06-13 17:16:33]Set quest [19]: [5104]: [ Ученик 4 уровень ] 
[06-13 17:16:33]Set quest [20]: [5113]: [ Ученик ] 
[06-13 17:16:33]Set quest [1]: [1111]: [Жизнь знахарки] 
[06-13 17:16:33]Set quest [1]: [1131]: [Жизнь знахарки] 
[06-13 17:16:33]Set quest [1]: [640]: [Секреция ящера-попрыгуна] 
[06-13 17:16:33]Set quest [2]: [644]: [Горькое лекарство] 
[06-13 17:16:33]Set quest [3]: [645]: [Кактусовый водный мешок] 
[06-13 17:16:33]Set quest [4]: [646]: [Гигантская злободыня] 
[06-13 17:16:33]Set quest [5]: [651]: [Избавление от бандитов] 
[06-13 17:16:33]Set quest [6]: [1119]: [Жизнь знахарки] 
[06-13 17:16:33]Set quest [7]: [1437]: [Низ. ур. торговля] 
[06-13 17:16:33]Set quest [8]: [1911]: [Ср. ур. торговля] 
[06-13 17:16:33]Set quest [1]: [1120]: [Жизнь знахарки] 
[06-13 17:16:33]Set quest [1]: [245]: [ Пираты Джека ] 
[06-13 17:16:33]Set quest [2]: [246]: [ Капитан Фикль ] 
[06-13 17:16:33]Set quest [3]: [247]: [ Те, кого это может касаться ] 
[06-13 17:16:33]Set quest [4]: [249]: [ Те, кого это может касаться ] 
[06-13 17:16:33]Set quest [5]: [250]: [ Путешествие на север ] 
[06-13 17:16:33]Set quest [6]: [1141]: [Жизнь знахарки] 
[06-13 17:16:33]Set quest [1]: [407]: [в Пустыню!] 
[06-13 17:16:33]Set quest [2]: [638]: [Странный предсказатель] 
[06-13 17:16:33]Set quest [3]: [642]: [Коготь волчонка] 
[06-13 17:16:33]Set quest [4]: [1438]: [Низ. ур. торговля] 
[06-13 17:16:33]Set quest [5]: [1912]: [Ср. ур. торговля] 
[06-13 17:16:33]Set quest [1]: [421]: [Путешествие на Восток] 
[06-13 17:16:33]Set quest [2]: [427]: [Опасные времена] 
[06-13 17:16:33]Set quest [3]: [438]: [Новый набор во Флот!] 
[06-13 17:16:33]Set quest [4]: [444]: [Торговый центр Аскарона] 
[06-13 17:16:33]Set quest [5]: [653]: [Восстание Пустынной черепахи] 
[06-13 17:16:33]Set quest [6]: [659]: [Грязедемон] 
[06-13 17:16:33]Set quest [7]: [660]: [Опасные Рейдеры] 
[06-13 17:16:33]Set quest [8]: [664]: [Ключник] 
[06-13 17:16:33]Set quest [9]: [1151]: [Жизнь знахарки] 
[06-13 17:16:33]Set quest [10]: [1583]: [Низ. ур. торговля] 
[06-13 17:16:33]Set quest [11]: [1913]: [Ср. ур. торговля] 
[06-13 17:16:33]Set quest [1]: [454]: [Иследование Шахт] 
[06-13 17:16:33]Set quest [2]: [458]: [Тайна] 
[06-13 17:16:33]Set quest [3]: [654]: [Перемещение Сада] 
[06-13 17:16:33]Set quest [4]: [657]: [Беглец] 
[06-13 17:16:33]Set quest [5]: [658]: [Грязь и магия] 
[06-13 17:16:33]Set quest [6]: [663]: [Золотой паук] 
[06-13 17:16:33]Set quest [7]: [666]: [Вызов кавалерии] 
[06-13 17:16:33]Set quest [8]: [1110]: [Жизнь знахарки] 
[06-13 17:16:33]Set quest [9]: [1584]: [Низ. ур. торговля] 
[06-13 17:16:33]Set quest [10]: [1914]: [Ср. ур. торговля] 
[06-13 17:16:33]Set quest [1]: [433]: [Исследования пустыни] 
[06-13 17:16:33]Set quest [2]: [655]: [Препорат] 
[06-13 17:16:33]Set quest [3]: [662]: [Ходки волков] 
[06-13 17:16:33]Set quest [4]: [667]: [Корона ящера] 
[06-13 17:16:33]Set quest [5]: [1143]: [Жизнь знахарки] 
[06-13 17:16:33]Set quest [6]: [1585]: [Низ. ур. торговля] 
[06-13 17:16:33]Set quest [7]: [1915]: [Ср. ур. торговля] 
[06-13 17:16:33]Set quest [8]: [5577]: [Посол PKO 12] 
[06-13 17:16:33]Set quest [9]: [5578]: [Посол PKO 13] 
[06-13 17:16:33]Set quest [1]: [418]: [Исследования Джунглей] 
[06-13 17:16:33]Set quest [2]: [641]: [Освобождение от волков] 
[06-13 17:16:33]Set quest [3]: [650]: [Превосходный случай] 
[06-13 17:16:33]Set quest [4]: [1156]: [Жизнь знахарки] 
[06-13 17:16:33]Set quest [1]: [422]: [В поисках телохранителя] 
[06-13 17:16:33]Set quest [2]: [639]: [Игривый Ящер-попрыгун] 
[06-13 17:16:33]Set quest [3]: [648]: [Легенда о Древопризраке] 
[06-13 17:16:33]Set quest [4]: [1121]: [Жизнь знахарки] 
[06-13 17:16:33]Set quest [5]: [1439]: [Низ. ур. торговля] 
[06-13 17:16:33]Set quest [6]: [1916]: [Ср. ур. торговля] 
[06-13 17:16:33]Set quest [7]: [5569]: [Посол PKO 9] 
[06-13 17:16:33]Set quest [8]: [5572]: [Посол PKO 10] 
[06-13 17:16:33]Set quest [1]: [403]: [Последнее Прибытие] 
[06-13 17:16:33]Set quest [2]: [413]: [Торговые поставки] 
[06-13 17:16:33]Set quest [3]: [420]: [Путешествие на Восток] 
[06-13 17:16:33]Set quest [4]: [643]: [Кактус-Убийца] 
[06-13 17:16:33]Set quest [5]: [647]: [Горький фрукт] 
[06-13 17:16:33]Set quest [6]: [649]: [Вернуть праздник] 
[06-13 17:16:33]Set quest [7]: [652]: [Ужасные Голодные волки] 
[06-13 17:16:33]Set quest [8]: [1140]: [Жизнь знахарки] 
[06-13 17:16:33]Set quest [9]: [1440]: [Низ. ур. торговля] 
[06-13 17:16:33]Set quest [10]: [1917]: [Ср. ур. торговля] 
[06-13 17:16:33]Set quest [11]: [5124]: [ Вторые врата ] 
[06-13 17:16:33]Set quest [12]: [5125]: [ Третьи врата ] 
[06-13 17:16:33]Set quest [13]: [5126]: [ Третьи врата ] 
[06-13 17:16:33]Set quest [1]: [5527]: [Вызов 9] 
[06-13 17:16:33]Set quest [2]: [5528]: [Вызов 10] 
[06-13 17:16:33]Set quest [1]: [304]: [ Возвращение ] 
[06-13 17:16:33]Set quest [2]: [305]: [ Что за Андрей? ] 
[06-13 17:16:33]Set quest [3]: [1743]: [Низ. ур. торговля] 
[06-13 17:16:33]Set quest [4]: [1939]: [Ср. ур. торговля] 
[06-13 17:16:33]Set quest [5]: [1954]: [Высокоуровневая коммерция] 
[06-13 17:16:33]Set quest [6]: [386]: [ Водяное Колесо ] 
[06-13 17:16:33]Set quest [7]: [387]: [ Водяное Колесо ] 
[06-13 17:16:33]Set quest [8]: [5525]: [Вызов 8] 
[06-13 17:16:33]Set quest [9]: [5526]: [Вызов 9] 
[06-13 17:16:33]Set quest [1]: [1441]: [Низ. ур. торговля] 
[06-13 17:16:33]Set quest [2]: [1931]: [Ср. ур. торговля] 
[06-13 17:16:33]Set quest [3]: [5523]: [Вызов 7] 
[06-13 17:16:33]Set quest [4]: [5524]: [Вызов 8] 
[06-13 17:16:33]Set quest [1]: [291]: [ Навигационная карта ] 
[06-13 17:16:33]Set quest [2]: [292]: [ Морские задания ] 
[06-13 17:16:33]Set quest [3]: [293]: [ Плавание ] 
[06-13 17:16:33]Set quest [4]: [1443]: [Низ. ур. торговля] 
[06-13 17:16:33]Set quest [5]: [1932]: [Ср. ур. торговля] 
[06-13 17:16:33]Set quest [1]: [5515]: [Challenge Genesis 3] 
[06-13 17:16:33]Set quest [2]: [5516]: [Вызов 4] 
[06-13 17:16:33]Set quest [1]: [5133]: [ Пятые врата ] 
[06-13 17:16:33]Set quest [2]: [5134]: [ Шестые врата ] 
[06-13 17:16:33]Set quest [3]: [5135]: [ Шестые врата ] 
[06-13 17:16:33]Set quest [4]: [5513]: [Вызов 2] 
[06-13 17:16:33]Set quest [5]: [5514]: [Вызов 3] 
[06-13 17:16:33]Set quest [1]: [5517]: [Вызов 4] 
[06-13 17:16:33]Set quest [2]: [5518]: [Вызов 5] 
[06-13 17:16:34]Set quest [1]: [104]: [Низ. ур. торговля] 
[06-13 17:16:34]Set quest [2]: [198]: [Низкое коммерческое разрешение ] 
[06-13 17:16:34]Set quest [3]: [199]: [Среднее коммерческое разрешение ] 
[06-13 17:16:34]Set quest [4]: [149]: [Высокое коммерческое разрешение ] 
[06-13 17:16:34]Set quest [5]: [105]: [Ср. ур. торговля] 
[06-13 17:16:34]Set quest [6]: [106]: [Высокоуровневая коммерция] 
[06-13 17:16:34]Set quest [1]: [306]: [ Что за Андрей? ] 
[06-13 17:16:34]Set quest [2]: [307]: [ Флот! ] 
[06-13 17:16:34]Set quest [3]: [308]: [ Опять Джек ] 
[06-13 17:16:34]Set quest [1]: [309]: [ Опять Джек ] 
[06-13 17:16:34]Set quest [2]: [310]: [ Я вернулся! ] 
[06-13 17:16:34]Set quest [3]: [312]: [ Расследование ] 
[06-13 17:16:34]Set quest [4]: [313]: [ Записка Андрея ] 
[06-13 17:16:34]Set quest [5]: [314]: [ Пираты ] 
[06-13 17:16:34]Set quest [6]: [315]: [ Флот ] 
[06-13 17:16:34]Set quest [7]: [316]: [ Одиночество ] 
[06-13 17:16:34]Set quest [8]: [328]: [ Тайна ] 
[06-13 17:16:34]Set quest [9]: [329]: [ Тайна ] 
[06-13 17:16:34]Set quest [10]: [333]: [ Запутанная Любовь ] 
[06-13 17:16:34]Set quest [11]: [336]: [ Язык пиратов ] 
[06-13 17:16:34]Set quest [12]: [483]: [СОС] 
[06-13 17:16:34]Set quest [13]: [484]: [Джек против Джека] 
[06-13 17:16:34]Set quest [1]: [6085]: [Злополучная Модель] 
[06-13 17:16:34]Set quest [1]: [5019]: [ Янтарная Слеза ] 
[06-13 17:16:34]Set quest [2]: [5032]: [ Карта Сокровищ Набожности ] 
[06-13 17:16:34]Set quest [3]: [5080]: [ Кто же этот Просветленный? ] 
[06-13 17:16:34]Set quest [4]: [5081]: [ Кто же этот Просветленный? ] 
[06-13 17:16:34]Set quest [5]: [5082]: [ Кто же этот Просветленный? ] 
[06-13 17:16:34]Set quest [6]: [5083]: [ Кто же этот Просветленный? ] 
[06-13 17:16:34]Set quest [7]: [5117]: [ Оракул Величия ] 
[06-13 17:16:34]Set quest [8]: [5142]: [ Инструкция к последним вратам ] 
[06-13 17:16:34]Set quest [9]: [5149]: [ Тайна разгадана ] 
[06-13 17:16:34]Set quest [1]: [6268]: [РВµДїјСй] 
[06-13 17:16:34]Set quest [2]: [6269]: [ОЮО·Ц®РДТ»] 
[06-13 17:16:34]Set quest [1]: [6250]: [Missing Sacred Flame] 
[06-13 17:16:34]Set quest [2]: [6254]: [µгИјКҐ»р] 
[06-13 17:16:34]Set quest [3]: [6255]: [ИК°®Ц®РД] 
[06-13 17:16:34]Set quest [4]: [6266]: [ИК°®Ц®РДЦХ] 
[06-13 17:16:34]Set quest [5]: [6267]: [РВµДїјСй] 
[06-13 17:16:34]Set quest [6]: [6270]: [ОЮО·Ц®РДТ»] 
[06-13 17:16:34]Set quest [7]: [6271]: [·оПЧЦ®РД] 
[06-13 17:16:34]Set quest [8]: [6275]: [·оПЧЦ®РД¶ю] 
[06-13 17:16:34]Set quest [9]: [6276]: [ЦЗ»ЫЦ®РД] 
[06-13 17:16:34]Set quest [10]: [6279]: [КҐ»рМЁ] 
[06-13 17:16:34]Set quest [1]: [6280]: [КҐ»рМЁ] 
[06-13 17:16:34]Set quest [1]: [6102]: [Вызов Чїрного Дракона] 
[06-13 17:16:34]Set quest [2]: [6103]: [Вызов Блуждающей души] 
[06-13 17:16:34]Set quest [3]: [6104]: [вызов Главы снежного люда] 
[06-13 17:16:34]Set quest [4]: [6105]: [Вызов Барбороса] 
[06-13 17:16:34]Set quest [5]: [6106]: [Вызов Командира мертвых душ] 
[06-13 17:16:34]Set quest [6]: [6107]: [Вызов Доисторического гигантского Спрута] 
[06-13 17:16:34]Set quest [7]: [6108]: [Вызов Черного бриллианта] 
[06-13 17:16:34]Set quest [8]: [6109]: [Вызов Рыцаря отчаяния - Саро] 
[06-13 17:16:34]Set quest [9]: [6110]: [Вызов Грязилищя из Бездны - Каруїї] 
[06-13 17:16:34]Set quest [10]: [6111]: [Вызов Узника Бездны - Аратур] 
[06-13 17:16:34]Set quest [11]: [6112]: [Вызов Демона бездны - Сакруа] 
[06-13 17:16:34]Set quest [12]: [6113]: [Вызов Чудовищя из Бездны - Куро] 
