[06-13 17:17:31]Enter game [       BopoHange1] [                 ] [Gold: 1408912908 Item: 3@Легкий покрытый льдом Меч[4274],1;Легкий покрытый льдом Меч[4274],1;Светильник[3342],99;]
[06-13 17:17:31]Enter game [       BopoHange1] [                 ] [Temporary Bag: 0@]
[06-13 17:17:31]Enter game [       BopoHange1] [                 ] [Bank ID(1):[1]0@;]
[06-13 17:17:31]equipment [       BopoHange1] [                 ] [Equipment: 10@Соломенная шляпа[5118],1;Лицо 1[2554],0;Мантия брутального шефа[5127],1;Перчатки для романтических танцев Ланса (белые)[5436],1;Ботинки кровавой луны (Ланс)[5664],1;Меч лазурного грома[5008],1;Меч лазурного грома[5008],1;]
[06-13 17:17:31]Enter game [       BopoHange1] [                 ] [Enter map [magicsea] Coordinates: x =89000, y =357500.]
[06-13 17:18:53]ShopBuy [       BopoHange1] [                 ] [1 Свиток плавки]
[06-13 17:18:55]ShopBuy [       BopoHange1] [                 ] [1 Свиток плавки]
[06-13 17:18:58]ShopBuy [       BopoHange1] [                 ] [1 Свиток плавки]
[06-13 17:19:03]ShopBuy [       BopoHange1] [                 ] [1 Свиток плавки]
[06-13 17:19:05]ShopBuy [       BopoHange1] [                 ] [1 Свиток плавки]
[06-13 17:19:11]ShopBuy [       BopoHange1] [                 ] [1 Свиток плавки]
[06-13 17:19:26] delete [       BopoHange1] [                 ] [Delete item, name Свиток плавки[453], amount 1.]
[06-13 17:19:26] delete [       BopoHange1] [                 ] [Delete item, name Легкий покрытый льдом Меч[4274], amount 1.]
[06-13 17:19:44] delete [       BopoHange1] [                 ] [Delete item, name Свиток плавки[453], amount 1.]
[06-13 17:19:44] delete [       BopoHange1] [                 ] [Delete item, name Легкий покрытый льдом Меч[4274], amount 1.]
[06-13 17:20:46]Quest give [       BopoHange1] [                 ] [1 Сундук Тьмы]
[06-13 17:20:50]Quest give [       BopoHange1] [                 ] [1 Тень Тьмы]
[06-13 17:20:50]Quest give [       BopoHange1] [                 ] [1 Прикосновение тьмы]
[06-13 17:20:50]Quest give [       BopoHange1] [                 ] [1 След тьмы]
[06-13 17:20:50]Consumes [       BopoHange1] [                 ] [Used item, name Сундук Тьмы[2837], amount 1.]
[06-13 17:20:59] delete [       BopoHange1] [                 ] [Delete item, name Свиток плавки[453], amount 1.]
[06-13 17:20:59] delete [       BopoHange1] [                 ] [Delete item, name Тень Тьмы[2820], amount 1.]
[06-13 17:21:09] delete [       BopoHange1] [                 ] [Delete item, name Свиток плавки[453], amount 1.]
[06-13 17:21:09] delete [       BopoHange1] [                 ] [Delete item, name Прикосновение тьмы[2821], amount 1.]
[06-13 17:21:19] delete [       BopoHange1] [                 ] [Delete item, name Свиток плавки[453], amount 1.]
[06-13 17:21:19] delete [       BopoHange1] [                 ] [Delete item, name След тьмы[2822], amount 1.]
[06-13 17:21:38]Quest give [       BopoHange1] [                 ] [1 Судьба Артура]
[06-13 17:21:42] delete [       BopoHange1] [                 ] [Delete item, name Свиток плавки[453], amount 1.]
[06-13 17:21:44] delete [       BopoHange1] [                 ] [Delete item, name Соломенная шляпа[5118], amount 1.]
[06-13 17:22:13]Quest give [       BopoHange1] [                 ] [1 Сила Тьмы]
[06-13 17:22:42]Quest give [       BopoHange1] [                 ] [1 Сила Тьмы]
[06-13 17:22:46] delete [       BopoHange1] [                 ] [Delete item, name Сила Тьмы[2578], amount 1.]
[06-13 17:23:03]Quest give [       BopoHange1] [                 ] [1 VIP-3 Ожерелье]
[06-13 17:23:43]Quest give [       BopoHange1] [                 ] [1 Сила в сердце]
[06-13 17:23:52]  throw [       BopoHange1] [                 ] [Throw equipment, name Сила в сердце[5827], amount 1.]
[06-13 17:24:17]Quest give [       BopoHange1] [                 ] [1 Арес]
[06-13 17:26:07]exit game [       BopoHange1] [                 ] [Character is offline]
[06-13 17:26:07]exit game [       BopoHange1] [                 ] [Exit map [magicsea] Coordinates: x =90075, y =349675.]
[06-13 17:26:07]exit game [       BopoHange1] [                 ] [Money: 1408517902 Inventory: 1@Светильник[3342],99;]
[06-13 17:26:07]exit game [       BopoHange1] [                 ] [Temporary Bag: 0@]
[06-13 17:26:07]equipment [       BopoHange1] [                 ] [Equipment: 10@Судьба Артура[7002],1;Лицо 1[2554],0;Мантия брутального шефа[5127],1;Перчатки для романтических танцев Ланса (белые)[5436],1;Ботинки кровавой луны (Ланс)[5664],1;VIP-3 Ожерелье[7765],1;Меч лазурного грома[5008],1;Арес[6638],1;Сила Тьмы[2578],1;Меч лазурного грома[5008],1;]
[06-13 17:26:07]   bank [       BopoHange1] [                 ] [Bank ID(1):[1]0@;]
[06-13 17:27:30]Enter game [       BopoHange1] [                 ] [Gold: 1408517902 Item: 1@Светильник[3342],99;]
[06-13 17:27:30]Enter game [       BopoHange1] [                 ] [Temporary Bag: 0@]
[06-13 17:27:30]Enter game [       BopoHange1] [                 ] [Bank ID(1):[1]0@;]
[06-13 17:27:30]equipment [       BopoHange1] [                 ] [Equipment: 10@Судьба Артура[7002],1;Лицо 1[2554],0;Мантия брутального шефа[5127],1;Перчатки для романтических танцев Ланса (белые)[5436],1;Ботинки кровавой луны (Ланс)[5664],1;VIP-3 Ожерелье[7765],1;Меч лазурного грома[5008],1;Арес[6638],1;Сила Тьмы[2578],1;Меч лазурного грома[5008],1;]
[06-13 17:27:30]Enter game [       BopoHange1] [                 ] [user has come online]
[06-13 17:27:30]Enter game [       BopoHange1] [                 ] [Enter map [magicsea] Coordinates: x =90075, y =349675.]
[06-13 17:27:34]Quest give [       BopoHange1] [                 ] [1 Самоцвет Хардина]
[06-13 17:27:38]Quest give [       BopoHange1] [                 ] [2 Самоцвет Хардина]
[06-13 17:27:40]  throw [       BopoHange1] [                 ] [Throw equipment, name Самоцвет Хардина[7701], amount 1.]
[06-13 17:27:41]  throw [       BopoHange1] [                 ] [Throw equipment, name Самоцвет Хардина[7701], amount 1.]
[06-13 17:27:42]  throw [       BopoHange1] [                 ] [Throw equipment, name Самоцвет Хардина[7701], amount 1.]
[06-13 17:27:45]Quest give [       BopoHange1] [                 ] [1 Танец Фантома]
[06-13 17:27:47]  throw [       BopoHange1] [                 ] [Throw equipment, name Танец Фантома[7702], amount 1.]
[06-13 17:27:50]Quest give [       BopoHange1] [                 ] [1 Самоцвет Богини]
[06-13 17:27:53]  throw [       BopoHange1] [                 ] [Throw equipment, name Самоцвет Богини[7703], amount 1.]
[06-13 17:29:28]exit game [       BopoHange1] [                 ] [Character is offline]
[06-13 17:29:28]exit game [       BopoHange1] [                 ] [Exit map [magicsea] Coordinates: x =90075, y =349675.]
[06-13 17:29:28]exit game [       BopoHange1] [                 ] [Money: 1408517902 Inventory: 1@Светильник[3342],99;]
[06-13 17:29:28]exit game [       BopoHange1] [                 ] [Temporary Bag: 0@]
[06-13 17:29:28]equipment [       BopoHange1] [                 ] [Equipment: 10@Судьба Артура[7002],1;Лицо 1[2554],0;Мантия брутального шефа[5127],1;Перчатки для романтических танцев Ланса (белые)[5436],1;Ботинки кровавой луны (Ланс)[5664],1;VIP-3 Ожерелье[7765],1;Меч лазурного грома[5008],1;Арес[6638],1;Сила Тьмы[2578],1;Меч лазурного грома[5008],1;]
[06-13 17:29:28]   bank [       BopoHange1] [                 ] [Bank ID(1):[1]0@;]
