[06-08 07:50:15]Define __CATCH
[06-08 07:50:15]ÓÎÏ·µØÍ¼·þÎñÆ÷[]Æô¶¯...
[06-08 07:50:15]¿ªÊ¼³õÊ¼»¯GameApp
[06-08 07:50:15]Load Game Config File(Text Mode) [D:\Server Tales of Pirates\GameServer\GameServer01.cfg]
[06-08 07:50:15]³õÊ¼»¯Êý¾Ý¿â...
[06-08 07:50:15]database init...ok
[06-08 07:50:15]database init...ok
[06-08 07:50:15][MSG]³õÊ¼»¯×°ÔØÎÄ×Ö¹ýÂËÐÅÏ¢ÎÄ¼þÊ§°Ü!
[06-08 07:50:26]GameApp ³õÊ¼»¯Ê§°Ü, ÍË³ö!
[06-08 07:58:06]Define __CATCH
[06-08 07:58:06]ame map server[]activate
[06-08 07:58:06]¿ªÊ¼³õÊ¼»¯GameApp
[06-08 07:58:06]Load Game Config File(Text Mode) [D:\Server Tales of Pirates\GameServer\GameServer01.cfg]
[06-08 07:58:06]³õÊ¼»¯Êý¾Ý¿â...
[06-08 07:58:06]database init...ok
[06-08 07:58:06][MSG]³õÊ¼»¯×°ÔØÎÄ×Ö¹ýÂËÐÅÏ¢ÎÄ¼þÊ§°Ü!
[06-08 07:58:14]GameApp init failed,exit!
[06-08 07:58:40]Define __CATCH
[06-08 07:58:40]ame map server[]activate
[06-08 07:58:40]¿ªÊ¼³õÊ¼»¯GameApp
[06-08 07:58:40]Load Game Config File(Text Mode) [D:\Server Tales of Pirates\GameServer\GameServer01.cfg]
[06-08 07:58:40]³õÊ¼»¯Êý¾Ý¿â...
[06-08 07:58:40]database init...ok
[06-08 07:58:40][MSG]³õÊ¼»¯×°ÔØÎÄ×Ö¹ýÂËÐÅÏ¢ÎÄ¼þÊ§°Ü!
[06-08 07:58:46]GameApp init failed,exit!
[06-08 13:34:35]Load Game Config File(Text Mode) [GameServer.cfg]
[06-08 13:34:35]Load GMCmd.txt...Fail!
[06-08 13:34:37]Load Game Config File(Text Mode) [D:\Server Tales of Pirates\GameServer\GameServer.cfg]
[06-08 13:34:37]Load GMCmd.txt...Fail!
[06-08 13:34:50]Load Game Config File(Text Mode) [GameServer.cfg]
[06-08 13:34:50]Define __CATCH
[06-08 13:34:50]game map server [GameServer01] startup...
[06-08 13:34:50]start initialization GameApp
[06-08 13:34:50]initialization DB...
[06-08 13:34:50]database init...ok
[06-08 13:34:50]database init...ok
[06-08 13:34:52]start to assign every Entity memory
[06-08 13:34:52]initialization every form...
[06-08 13:34:59]initialization Lua Script...
[06-08 13:35:03]initialization map list...
[06-08 13:35:08]map garner init resource succeed
[06-08 13:35:08]map [garner] ok!
[06-08 13:35:09]map eastgoaf init resource succeed
[06-08 13:35:09]map [eastgoaf] ok!
[06-08 13:35:10]map lonetower init resource succeed
[06-08 13:35:10]map [lonetower] ok!
[06-08 13:35:11]map 07xmas2 init resource succeed
[06-08 13:35:11]map [07xmas2] ok!
[06-08 13:35:12]map abandonedcity init resource succeed
[06-08 13:35:12]map [abandonedcity] ok!
[06-08 13:35:12]map abandonedcity2 init resource succeed
[06-08 13:35:12]map [abandonedcity2] ok!
[06-08 13:35:13]map abandonedcity3 init resource succeed
[06-08 13:35:13]map [abandonedcity3] ok!
[06-08 13:35:15]map bountypk init resource succeed
[06-08 13:35:15]map [bountypk] ok!
[06-08 13:35:16]map darkblue2 init resource succeed
[06-08 13:35:16]map [darkblue2] ok!
[06-08 13:35:16]map darkswamp init resource succeed
[06-08 13:35:16]map [darkswamp] ok!
[06-08 13:35:16]map dreamisland init resource succeed
[06-08 13:35:16]map [dreamisland] ok!
[06-08 13:35:16]map greh init resource succeed
[06-08 13:35:16]map [greh] ok!
[06-08 13:35:17]map greh1 init resource succeed
[06-08 13:35:17]map [greh1] ok!
[06-08 13:35:17]map hell init resource succeed
[06-08 13:35:17]map [hell] ok!
[06-08 13:35:17]map hell2 init resource succeed
[06-08 13:35:17]map [hell2] ok!
[06-08 13:35:17]map hell3 init resource succeed
[06-08 13:35:17]map [hell3] ok!
[06-08 13:35:18]map hell4 init resource succeed
[06-08 13:35:18]map [hell4] ok!
[06-08 13:35:18]map hell5 init resource succeed
[06-08 13:35:18]map [hell5] ok!
[06-08 13:35:19]map jialebi init resource succeed
[06-08 13:35:19]map [jialebi] ok!
[06-08 13:35:19]map lonetower init resource succeed
[06-08 13:35:19]map [lonetower] ok!
[06-08 13:35:20]map [mjing1] initialization failed!
[06-08 13:35:21]map [mjing2] initialization failed!
[06-08 13:35:21]map [mjing3] initialization failed!
[06-08 13:35:21]map [mjing4] initialization failed!
[06-08 13:35:22]map PKmap init resource succeed
[06-08 13:35:22]map [PKmap] ok!
[06-08 13:35:22]map puzzleworld init resource succeed
[06-08 13:35:22]map [puzzleworld] ok!
[06-08 13:35:22]map puzzleworld2 init resource succeed
[06-08 13:35:22]map [puzzleworld2] ok!
[06-08 13:35:22]map starena33 init resource succeed
[06-08 13:35:22]map [starena33] ok!
[06-08 13:35:22]map teampk init resource succeed
[06-08 13:35:22]map [teampk] ok!
[06-08 13:35:24]map winterland init resource succeed
[06-08 13:35:24]map [winterland] ok!
[06-08 13:35:24]map yschurch init resource succeed
[06-08 13:35:24]map [yschurch] ok!
[06-08 13:35:24]Succeed add HelpNPC[Ïüÿí÷óãà - Àíòîíèé]
[06-08 13:35:24]execute monster placement script/monster/baiyinlinqu.lua  
[06-08 13:35:24]execute monster placement script/monster/lietinglinqu.lua  
[06-08 13:35:24]execute monster placement script/monster/baiyinyuchang.lua  
[06-08 13:35:24]execute monster placement script/monster/jianazuixiayuchang.lua  
[06-08 13:35:24]execute monster placement script/monster/haifengyuchang.lua  
[06-08 13:35:24]execute monster placement script/monster/jianayunshi.lua  
[06-08 13:35:24]execute monster placement script/monster/bycduizhang.lua  
[06-08 13:35:24]execute monster placement script/monster/bycdaoguai.lua  
[06-08 13:35:24]garnerscript release monster ended! 
[06-08 13:35:24]execute monster placement script/monster/jimozhita.lua  
[06-08 13:35:24]lonetowerscript release monster ended! 
[06-08 13:35:24]execute monster placement script/monster/haidisuidao.lua  
[06-08 13:35:24]execute monster placement script/monster/xiashuidao.lua  
[06-08 13:35:24]execute monster placement script/monster/heilong1.lua  
[06-08 13:35:24]execute monster placement script/monster/heilong2.lua  
[06-08 13:35:24]Eastgoafscript release monster ended! 
[06-08 13:35:24]execute monster placement script/monster/xieeshengdan.lua  
[06-08 13:35:24]xieeshengdan½Å±¾·Å¹Ö½áÊø! 
[06-08 13:35:24]GameApp initialization finish!
[06-08 13:35:24]start init ServerApp
[06-08 13:35:24]ServerApp init over
[06-08 13:35:24]startup Gate server connect thread...
[06-08 13:35:24]startup information server connect thread...
[06-08 13:35:24]startup game thread...
[06-08 13:35:24]Game Thread ID = 6240
[06-08 13:35:24]start create Win32 control dialog box
[06-08 13:36:57]Load Game Config File(Text Mode) [D:\Server Tales of Pirates\GameServer\GameServer.cfg]
[06-08 13:36:57]Define __CATCH
[06-08 13:36:57]game map server [GameServer01] startup...
[06-08 13:36:57]start initialization GameApp
[06-08 13:36:57]initialization DB...
[06-08 13:36:58]database init...ok
[06-08 13:36:58]database init...ok
[06-08 13:36:59]start to assign every Entity memory
[06-08 13:36:59]initialization every form...
[06-08 13:37:03]initialization Lua Script...
[06-08 13:37:05]initialization map list...
[06-08 13:37:08]map garner init resource succeed
[06-08 13:37:08]map [garner] ok!
[06-08 13:37:08]map eastgoaf init resource succeed
[06-08 13:37:08]map [eastgoaf] ok!
[06-08 13:37:09]map lonetower init resource succeed
[06-08 13:37:09]map [lonetower] ok!
[06-08 13:37:09]map 07xmas2 init resource succeed
[06-08 13:37:09]map [07xmas2] ok!
[06-08 13:37:09]map abandonedcity init resource succeed
[06-08 13:37:09]map [abandonedcity] ok!
[06-08 13:37:09]map abandonedcity2 init resource succeed
[06-08 13:37:09]map [abandonedcity2] ok!
[06-08 13:37:09]map abandonedcity3 init resource succeed
[06-08 13:37:09]map [abandonedcity3] ok!
[06-08 13:37:12]map bountypk init resource succeed
[06-08 13:37:12]map [bountypk] ok!
[06-08 13:37:12]map darkblue2 init resource succeed
[06-08 13:37:12]map [darkblue2] ok!
[06-08 13:37:12]map darkswamp init resource succeed
[06-08 13:37:12]map [darkswamp] ok!
[06-08 13:37:12]map dreamisland init resource succeed
[06-08 13:37:12]map [dreamisland] ok!
[06-08 13:37:12]map greh init resource succeed
[06-08 13:37:12]map [greh] ok!
[06-08 13:37:12]map greh1 init resource succeed
[06-08 13:37:12]map [greh1] ok!
[06-08 13:37:12]map hell init resource succeed
[06-08 13:37:12]map [hell] ok!
[06-08 13:37:12]map hell2 init resource succeed
[06-08 13:37:12]map [hell2] ok!
[06-08 13:37:12]map hell3 init resource succeed
[06-08 13:37:12]map [hell3] ok!
[06-08 13:37:12]map hell4 init resource succeed
[06-08 13:37:12]map [hell4] ok!
[06-08 13:37:12]map hell5 init resource succeed
[06-08 13:37:12]map [hell5] ok!
[06-08 13:37:13]map jialebi init resource succeed
[06-08 13:37:13]map [jialebi] ok!
[06-08 13:37:13]map lonetower init resource succeed
[06-08 13:37:13]map [lonetower] ok!
[06-08 13:37:13]map mjing1 init resource succeed
[06-08 13:37:13]map [mjing1] ok!
[06-08 13:37:14]map mjing2 init resource succeed
[06-08 13:37:14]map [mjing2] ok!
[06-08 13:37:14]map mjing3 init resource succeed
[06-08 13:37:14]map [mjing3] ok!
[06-08 13:37:14]map mjing4 init resource succeed
[06-08 13:37:14]map [mjing4] ok!
[06-08 13:37:14]map PKmap init resource succeed
[06-08 13:37:14]map [PKmap] ok!
[06-08 13:37:14]map puzzleworld init resource succeed
[06-08 13:37:14]map [puzzleworld] ok!
[06-08 13:37:14]map puzzleworld2 init resource succeed
[06-08 13:37:14]map [puzzleworld2] ok!
[06-08 13:37:14]map starena33 init resource succeed
[06-08 13:37:14]map [starena33] ok!
[06-08 13:37:14]map teampk init resource succeed
[06-08 13:37:14]map [teampk] ok!
[06-08 13:37:15]map winterland init resource succeed
[06-08 13:37:15]map [winterland] ok!
[06-08 13:37:15]map yschurch init resource succeed
[06-08 13:37:15]map [yschurch] ok!
[06-08 13:37:15]Succeed add HelpNPC[Ïüÿí÷óãà - Àíòîíèé]
[06-08 13:37:15]execute monster placement script/monster/baiyinlinqu.lua  
[06-08 13:37:15]execute monster placement script/monster/lietinglinqu.lua  
[06-08 13:37:15]execute monster placement script/monster/baiyinyuchang.lua  
[06-08 13:37:15]execute monster placement script/monster/jianazuixiayuchang.lua  
[06-08 13:37:15]execute monster placement script/monster/haifengyuchang.lua  
[06-08 13:37:15]execute monster placement script/monster/jianayunshi.lua  
[06-08 13:37:15]execute monster placement script/monster/bycduizhang.lua  
[06-08 13:37:15]execute monster placement script/monster/bycdaoguai.lua  
[06-08 13:37:15]garnerscript release monster ended! 
[06-08 13:37:15]execute monster placement script/monster/jimozhita.lua  
[06-08 13:37:15]lonetowerscript release monster ended! 
[06-08 13:37:15]execute monster placement script/monster/haidisuidao.lua  
[06-08 13:37:15]execute monster placement script/monster/xiashuidao.lua  
[06-08 13:37:15]execute monster placement script/monster/heilong1.lua  
[06-08 13:37:15]execute monster placement script/monster/heilong2.lua  
[06-08 13:37:15]Eastgoafscript release monster ended! 
[06-08 13:37:15]execute monster placement script/monster/xieeshengdan.lua  
[06-08 13:37:15]xieeshengdan½Å±¾·Å¹Ö½áÊø! 
[06-08 13:37:15]GameApp initialization finish!
[06-08 13:37:15]start init ServerApp
[06-08 13:37:15]ServerApp init over
[06-08 13:37:15]startup Gate server connect thread...
[06-08 13:37:15]startup information server connect thread...
[06-08 13:37:15]startup game thread...
[06-08 13:37:15]Game Thread ID = 7544
[06-08 13:37:15]start create Win32 control dialog box
[06-08 13:41:16]start to exit game map server
[06-12 06:42:35]Load Game Config File(Text Mode) [D:\Server Tales of Pirates\GameServer\GameServer.cfg]
[06-12 06:42:35]Define __CATCH
[06-12 06:42:35]game map server [GameServer01] startup...
[06-12 06:42:35]start initialization GameApp
[06-12 06:42:35]initialization DB...
[06-12 06:42:35]database init...ok
[06-12 06:42:35]database init...ok
[06-12 06:42:36]start to assign every Entity memory
[06-12 06:42:36]initialization every form...
[06-12 06:42:41]initialization Lua Script...
[06-12 06:42:42]initialization map list...
[06-12 06:42:48]map garner init resource succeed
[06-12 06:42:48]map [garner] ok!
[06-12 06:42:49]map eastgoaf init resource succeed
[06-12 06:42:49]map [eastgoaf] ok!
[06-12 06:42:50]map lonetower init resource succeed
[06-12 06:42:50]map [lonetower] ok!
[06-12 06:42:50]map 07xmas2 init resource succeed
[06-12 06:42:50]map [07xmas2] ok!
[06-12 06:42:51]map abandonedcity init resource succeed
[06-12 06:42:51]map [abandonedcity] ok!
[06-12 06:42:52]map abandonedcity2 init resource succeed
[06-12 06:42:52]map [abandonedcity2] ok!
[06-12 06:42:52]map abandonedcity3 init resource succeed
[06-12 06:42:52]map [abandonedcity3] ok!
[06-12 06:42:55]map bountypk init resource succeed
[06-12 06:42:55]map [bountypk] ok!
[06-12 06:42:56]map darkblue2 init resource succeed
[06-12 06:42:56]map [darkblue2] ok!
[06-12 06:42:56]map darkswamp init resource succeed
[06-12 06:42:56]map [darkswamp] ok!
[06-12 06:42:57]map dreamisland init resource succeed
[06-12 06:42:57]map [dreamisland] ok!
[06-12 06:42:57]map greh init resource succeed
[06-12 06:42:57]map [greh] ok!
[06-12 06:42:57]map greh1 init resource succeed
[06-12 06:42:57]map [greh1] ok!
[06-12 06:42:57]map hell init resource succeed
[06-12 06:42:57]map [hell] ok!
[06-12 06:42:57]map hell2 init resource succeed
[06-12 06:42:57]map [hell2] ok!
[06-12 06:42:57]map hell3 init resource succeed
[06-12 06:42:57]map [hell3] ok!
[06-12 06:42:57]map hell4 init resource succeed
[06-12 06:42:57]map [hell4] ok!
[06-12 06:42:57]map hell5 init resource succeed
[06-12 06:42:57]map [hell5] ok!
[06-12 06:42:58]map jialebi init resource succeed
[06-12 06:42:58]map [jialebi] ok!
[06-12 06:42:58]map lonetower init resource succeed
[06-12 06:42:58]map [lonetower] ok!
[06-12 06:42:58]map mjing1 init resource succeed
[06-12 06:42:58]map [mjing1] ok!
[06-12 06:42:58]map mjing2 init resource succeed
[06-12 06:42:58]map [mjing2] ok!
[06-12 06:42:58]map mjing3 init resource succeed
[06-12 06:42:58]map [mjing3] ok!
[06-12 06:42:58]map mjing4 init resource succeed
[06-12 06:42:58]map [mjing4] ok!
[06-12 06:42:58]map PKmap init resource succeed
[06-12 06:42:58]map [PKmap] ok!
[06-12 06:42:58]map puzzleworld init resource succeed
[06-12 06:42:58]map [puzzleworld] ok!
[06-12 06:42:59]map puzzleworld2 init resource succeed
[06-12 06:42:59]map [puzzleworld2] ok!
[06-12 06:42:59]map starena33 init resource succeed
[06-12 06:42:59]map [starena33] ok!
[06-12 06:42:59]map teampk init resource succeed
[06-12 06:42:59]map [teampk] ok!
[06-12 06:43:00]map winterland init resource succeed
[06-12 06:43:00]map [winterland] ok!
[06-12 06:43:00]map yschurch init resource succeed
[06-12 06:43:00]map [yschurch] ok!
[06-12 06:43:00]Succeed add HelpNPC[Ïüÿí÷óãà - Àíòîíèé]
[06-12 06:43:01]execute monster placement script/monster/baiyinlinqu.lua  
[06-12 06:43:01]execute monster placement script/monster/lietinglinqu.lua  
[06-12 06:43:01]execute monster placement script/monster/baiyinyuchang.lua  
[06-12 06:43:01]execute monster placement script/monster/jianazuixiayuchang.lua  
[06-12 06:43:01]execute monster placement script/monster/haifengyuchang.lua  
[06-12 06:43:01]execute monster placement script/monster/jianayunshi.lua  
[06-12 06:43:01]execute monster placement script/monster/bycduizhang.lua  
[06-12 06:43:01]execute monster placement script/monster/bycdaoguai.lua  
[06-12 06:43:01]garnerscript release monster ended! 
[06-12 06:43:01]execute monster placement script/monster/jimozhita.lua  
[06-12 06:43:01]lonetowerscript release monster ended! 
[06-12 06:43:01]execute monster placement script/monster/haidisuidao.lua  
[06-12 06:43:01]execute monster placement script/monster/xiashuidao.lua  
[06-12 06:43:01]execute monster placement script/monster/heilong1.lua  
[06-12 06:43:01]execute monster placement script/monster/heilong2.lua  
[06-12 06:43:01]Eastgoafscript release monster ended! 
[06-12 06:43:01]execute monster placement script/monster/xieeshengdan.lua  
[06-12 06:43:01]xieeshengdan½Å±¾·Å¹Ö½áÊø! 
[06-12 06:43:01]GameApp initialization finish!
[06-12 06:43:01]start init ServerApp
[06-12 06:43:01]ServerApp init over
[06-12 06:43:01]startup Gate server connect thread...
[06-12 06:43:01]startup information server connect thread...
[06-12 06:43:01]startup game thread...
[06-12 06:43:01]Game Thread ID = 3160
[06-12 06:43:01]start create Win32 control dialog box
[06-12 07:08:35]Define __CATCH
[06-12 07:08:35]Start Game Map server []
[06-12 07:08:35]Begin initialization GameApp
[06-12 07:08:35]Load Game Config File(Text Mode) [D:\Server Tales of Pirates\GameServer\GameServer.cfg]
[06-12 07:08:35]Initializating database¡­
[06-12 07:08:35]database init...ok
[06-12 07:08:36]Begin to distribute different Entity memory
[06-12 07:08:36]Initialization on each form¡­
[06-12 07:08:40]Initializating Lua Script¡­
[06-12 07:08:42]Initializing map list...
[06-12 07:08:45]Map garner resource initialziation successful 
[06-12 07:08:45]Map[garner] ok!
[06-12 07:08:46]Map eastgoaf resource initialziation successful 
[06-12 07:08:46]Map[eastgoaf] ok!
[06-12 07:08:46]Map lonetower resource initialziation successful 
[06-12 07:08:46]Map[lonetower] ok!
[06-12 07:08:46]Map 07xmas2 resource initialziation successful 
[06-12 07:08:46]Map[07xmas2] ok!
[06-12 07:08:46]Map abandonedcity resource initialziation successful 
[06-12 07:08:46]Map[abandonedcity] ok!
[06-12 07:08:46]Map abandonedcity2 resource initialziation successful 
[06-12 07:08:46]Map[abandonedcity2] ok!
[06-12 07:08:46]Map abandonedcity3 resource initialziation successful 
[06-12 07:08:46]Map[abandonedcity3] ok!
[06-12 07:08:49]Map bountypk resource initialziation successful 
[06-12 07:08:49]Map[bountypk] ok!
[06-12 07:08:49]Map darkblue2 resource initialziation successful 
[06-12 07:08:49]Map[darkblue2] ok!
[06-12 07:08:50]Map darkswamp resource initialziation successful 
[06-12 07:08:50]Map[darkswamp] ok!
[06-12 07:08:50]Map dreamisland resource initialziation successful 
[06-12 07:08:50]Map[dreamisland] ok!
[06-12 07:08:50]Map greh resource initialziation successful 
[06-12 07:08:50]Map[greh] ok!
[06-12 07:08:50]Map greh1 resource initialziation successful 
[06-12 07:08:50]Map[greh1] ok!
[06-12 07:08:50]Map hell resource initialziation successful 
[06-12 07:08:50]Map[hell] ok!
[06-12 07:08:50]Map hell2 resource initialziation successful 
[06-12 07:08:50]Map[hell2] ok!
[06-12 07:08:50]Map hell3 resource initialziation successful 
[06-12 07:08:50]Map[hell3] ok!
[06-12 07:08:50]Map hell4 resource initialziation successful 
[06-12 07:08:50]Map[hell4] ok!
[06-12 07:08:50]Map hell5 resource initialziation successful 
[06-12 07:08:50]Map[hell5] ok!
[06-12 07:08:51]Map jialebi resource initialziation successful 
[06-12 07:08:51]Map[jialebi] ok!
[06-12 07:08:51]Map lonetower resource initialziation successful 
[06-12 07:08:51]Map[lonetower] ok!
[06-12 07:08:51]Map mjing1 resource initialziation successful 
[06-12 07:08:51]Map[mjing1] ok!
[06-12 07:08:51]Map mjing2 resource initialziation successful 
[06-12 07:08:51]Map[mjing2] ok!
[06-12 07:08:51]Map mjing3 resource initialziation successful 
[06-12 07:08:51]Map[mjing3] ok!
[06-12 07:08:51]Map mjing4 resource initialziation successful 
[06-12 07:08:51]Map[mjing4] ok!
[06-12 07:08:51]Map PKmap resource initialziation successful 
[06-12 07:08:51]Map[PKmap] ok!
[06-12 07:08:51]Map puzzleworld resource initialziation successful 
[06-12 07:08:51]Map[puzzleworld] ok!
[06-12 07:08:51]Map puzzleworld2 resource initialziation successful 
[06-12 07:08:51]Map[puzzleworld2] ok!
[06-12 07:08:52]Map starena33 resource initialziation successful 
[06-12 07:08:52]Map[starena33] ok!
[06-12 07:08:52]Map teampk resource initialziation successful 
[06-12 07:08:52]Map[teampk] ok!
[06-12 07:11:23]Define __CATCH
[06-12 07:11:23]Start Game Map server []
[06-12 07:11:23]Begin initialization GameApp
[06-12 07:11:23]Load Game Config File(Text Mode) [D:\Server Tales of Pirates\GameServer\GameServer.cfg]
[06-12 07:11:23]Initializating database¡­
[06-12 07:11:23]database init...ok
[06-12 07:11:24]Begin to distribute different Entity memory
[06-12 07:11:24]Initialization on each form¡­
[06-12 07:11:29]Initializating Lua Script¡­
[06-12 07:11:30]Initializing map list...
[06-12 07:11:34]Map garner resource initialziation successful 
[06-12 07:11:34]Map[garner] ok!
[06-12 07:11:34]Map eastgoaf resource initialziation successful 
[06-12 07:11:34]Map[eastgoaf] ok!
[06-12 07:11:34]Map lonetower resource initialziation successful 
[06-12 07:11:34]Map[lonetower] ok!
[06-12 07:11:34]Map 07xmas2 resource initialziation successful 
[06-12 07:11:34]Map[07xmas2] ok!
[06-12 07:11:34]Map abandonedcity resource initialziation successful 
[06-12 07:11:34]Map[abandonedcity] ok!
[06-12 07:11:34]Map abandonedcity2 resource initialziation successful 
[06-12 07:11:34]Map[abandonedcity2] ok!
[06-12 07:11:34]Map abandonedcity3 resource initialziation successful 
[06-12 07:11:34]Map[abandonedcity3] ok!
[06-12 07:11:36]Map bountypk resource initialziation successful 
[06-12 07:11:36]Map[bountypk] ok!
[06-12 07:11:36]Map darkblue2 resource initialziation successful 
[06-12 07:11:36]Map[darkblue2] ok!
[06-12 07:11:37]Map darkswamp resource initialziation successful 
[06-12 07:11:37]Map[darkswamp] ok!
[06-12 07:11:37]Map dreamisland resource initialziation successful 
[06-12 07:11:37]Map[dreamisland] ok!
[06-12 07:11:37]Map greh resource initialziation successful 
[06-12 07:11:37]Map[greh] ok!
[06-12 07:11:37]Map greh1 resource initialziation successful 
[06-12 07:11:37]Map[greh1] ok!
[06-12 07:11:37]Map hell resource initialziation successful 
[06-12 07:11:37]Map[hell] ok!
[06-12 07:11:37]Map hell2 resource initialziation successful 
[06-12 07:11:37]Map[hell2] ok!
[06-12 07:11:37]Map hell3 resource initialziation successful 
[06-12 07:11:37]Map[hell3] ok!
[06-12 07:11:37]Map hell4 resource initialziation successful 
[06-12 07:11:37]Map[hell4] ok!
[06-12 07:11:37]Map hell5 resource initialziation successful 
[06-12 07:11:37]Map[hell5] ok!
[06-12 07:11:37]Map jialebi resource initialziation successful 
[06-12 07:11:37]Map[jialebi] ok!
[06-12 07:11:37]Map lonetower resource initialziation successful 
[06-12 07:11:37]Map[lonetower] ok!
[06-12 07:11:38]Map mjing1 resource initialziation successful 
[06-12 07:11:38]Map[mjing1] ok!
[06-12 07:11:38]Map mjing2 resource initialziation successful 
[06-12 07:11:38]Map[mjing2] ok!
[06-12 07:11:38]Map mjing3 resource initialziation successful 
[06-12 07:11:38]Map[mjing3] ok!
[06-12 07:11:39]Map mjing4 resource initialziation successful 
[06-12 07:11:39]Map[mjing4] ok!
[06-12 07:11:39]Map PKmap resource initialziation successful 
[06-12 07:11:39]Map[PKmap] ok!
[06-12 07:11:39]Map puzzleworld resource initialziation successful 
[06-12 07:11:39]Map[puzzleworld] ok!
[06-12 07:11:39]Map puzzleworld2 resource initialziation successful 
[06-12 07:11:39]Map[puzzleworld2] ok!
[06-12 07:11:39]Map starena33 resource initialziation successful 
[06-12 07:11:39]Map[starena33] ok!
[06-12 07:11:39]Map teampk resource initialziation successful 
[06-12 07:11:39]Map[teampk] ok!
[06-12 07:11:51]Define __CATCH
[06-12 07:11:51]Start Game Map server []
[06-12 07:11:51]Begin initialization GameApp
[06-12 07:11:51]Load Game Config File(Text Mode) [D:\Server Tales of Pirates\GameServer\GameServer.cfg]
[06-12 07:11:51]Initializating database¡­
[06-12 07:11:51]database init...ok
[06-12 07:11:52]Begin to distribute different Entity memory
[06-12 07:11:52]Initialization on each form¡­
[06-12 07:11:56]Initializating Lua Script¡­
[06-12 07:11:58]Initializing map list...
[06-12 07:12:00]Map garner resource initialziation successful 
[06-12 07:12:00]Map[garner] ok!
[06-12 07:12:01]Map eastgoaf resource initialziation successful 
[06-12 07:12:01]Map[eastgoaf] ok!
[06-12 07:12:01]Map lonetower resource initialziation successful 
[06-12 07:12:01]Map[lonetower] ok!
[06-12 07:12:01]Map 07xmas2 resource initialziation successful 
[06-12 07:12:01]Map[07xmas2] ok!
[06-12 07:12:01]Map abandonedcity resource initialziation successful 
[06-12 07:12:01]Map[abandonedcity] ok!
[06-12 07:12:01]Map abandonedcity2 resource initialziation successful 
[06-12 07:12:01]Map[abandonedcity2] ok!
[06-12 07:12:01]Map abandonedcity3 resource initialziation successful 
[06-12 07:12:01]Map[abandonedcity3] ok!
[06-12 07:12:03]Map bountypk resource initialziation successful 
[06-12 07:12:03]Map[bountypk] ok!
[06-12 07:12:03]Map darkblue2 resource initialziation successful 
[06-12 07:12:03]Map[darkblue2] ok!
[06-12 07:12:03]Map darkswamp resource initialziation successful 
[06-12 07:12:03]Map[darkswamp] ok!
[06-12 07:12:03]Map dreamisland resource initialziation successful 
[06-12 07:12:03]Map[dreamisland] ok!
[06-12 07:12:03]Map greh resource initialziation successful 
[06-12 07:12:03]Map[greh] ok!
[06-12 07:12:03]Map greh1 resource initialziation successful 
[06-12 07:12:03]Map[greh1] ok!
[06-12 07:12:03]Map hell resource initialziation successful 
[06-12 07:12:03]Map[hell] ok!
[06-12 07:12:03]Map hell2 resource initialziation successful 
[06-12 07:12:03]Map[hell2] ok!
[06-12 07:12:03]Map hell3 resource initialziation successful 
[06-12 07:12:03]Map[hell3] ok!
[06-12 07:12:03]Map hell4 resource initialziation successful 
[06-12 07:12:03]Map[hell4] ok!
[06-12 07:12:03]Map hell5 resource initialziation successful 
[06-12 07:12:03]Map[hell5] ok!
[06-12 07:12:04]Map jialebi resource initialziation successful 
[06-12 07:12:04]Map[jialebi] ok!
[06-12 07:12:04]Map lonetower resource initialziation successful 
[06-12 07:12:04]Map[lonetower] ok!
[06-12 07:12:04]Map mjing1 resource initialziation successful 
[06-12 07:12:04]Map[mjing1] ok!
[06-12 07:12:04]Map mjing2 resource initialziation successful 
[06-12 07:12:04]Map[mjing2] ok!
[06-12 07:12:04]Map mjing3 resource initialziation successful 
[06-12 07:12:04]Map[mjing3] ok!
[06-12 07:12:04]Map mjing4 resource initialziation successful 
[06-12 07:12:04]Map[mjing4] ok!
[06-12 07:12:04]Map PKmap resource initialziation successful 
[06-12 07:12:04]Map[PKmap] ok!
[06-12 07:12:04]Map puzzleworld resource initialziation successful 
[06-12 07:12:04]Map[puzzleworld] ok!
[06-12 07:12:04]Map puzzleworld2 resource initialziation successful 
[06-12 07:12:04]Map[puzzleworld2] ok!
[06-12 07:12:04]Map starena33 resource initialziation successful 
[06-12 07:12:04]Map[starena33] ok!
[06-12 07:12:04]Map teampk resource initialziation successful 
[06-12 07:12:04]Map[teampk] ok!
[06-12 07:12:06]Map winterland resource initialziation successful 
[06-12 07:12:06]Map[winterland] ok!
[06-12 07:12:07]Map yschurch resource initialziation successful 
[06-12 07:12:07]Map[yschurch] ok!
[06-12 07:12:07]Successfully added Help NPC[Ïüÿí÷óãà - Àíòîíèé]
[06-12 07:12:07]execute monster placement script/monster/baiyinlinqu.lua  
[06-12 07:12:07]execute monster placement script/monster/lietinglinqu.lua  
[06-12 07:12:08]execute monster placement script/monster/baiyinyuchang.lua  
[06-12 07:12:08]execute monster placement script/monster/jianazuixiayuchang.lua  
[06-12 07:12:08]execute monster placement script/monster/haifengyuchang.lua  
[06-12 07:12:08]execute monster placement script/monster/jianayunshi.lua  
[06-12 07:12:08]execute monster placement script/monster/bycduizhang.lua  
[06-12 07:12:08]execute monster placement script/monster/bycdaoguai.lua  
[06-12 07:12:08]garnerscript release monster ended! 
[06-12 07:12:08]execute monster placement script/monster/jimozhita.lua  
[06-12 07:12:08]lonetowerscript release monster ended! 
[06-12 07:12:08]execute monster placement script/monster/haidisuidao.lua  
[06-12 07:12:08]execute monster placement script/monster/xiashuidao.lua  
[06-12 07:12:08]execute monster placement script/monster/heilong1.lua  
[06-12 07:12:08]execute monster placement script/monster/heilong2.lua  
[06-12 07:12:08]Eastgoafscript release monster ended! 
[06-12 07:12:08]execute monster placement script/monster/xieeshengdan.lua  
[06-12 07:12:08]xieeshengdan½Å±¾·Å¹Ö½áÊø! 
[06-12 07:12:08]GameApp initialization ended!
[06-12 07:12:08]Start structuring ServerApp
[06-12 07:12:08]ServerApp components ended
[06-12 07:12:08]Start Gate service connection line¡­
[06-12 07:12:08]Start message server connection line regulation¡­
[06-12 07:12:08]Start game regulation line..
[06-12 07:12:08]Game Thread ID = 4012
[06-12 07:12:08]Start to build Win32 console dialogue window
[06-13 17:04:24]Define __CATCH
[06-13 17:04:24]Start Game Map server []
[06-13 17:04:24]Begin initialization GameApp
[06-13 17:04:24]Load Game Config File(Text Mode) [D:\Server Tales of Pirates\GameServer\GameServer.cfg]
[06-13 17:04:24]Initializating database¡­
[06-13 17:04:24]database init...ok
[06-13 17:04:25]Begin to distribute different Entity memory
[06-13 17:04:25]Initialization on each form¡­
[06-13 17:04:29]Initializating Lua Script¡­
[06-13 17:04:31]Initializing map list...
[06-13 17:04:35]Map garner resource initialziation successful 
[06-13 17:04:35]Map[garner] ok!
[06-13 17:04:35]Map eastgoaf resource initialziation successful 
[06-13 17:04:35]Map[eastgoaf] ok!
[06-13 17:04:35]Map lonetower resource initialziation successful 
[06-13 17:04:35]Map[lonetower] ok!
[06-13 17:04:36]Map 07xmas2 resource initialziation successful 
[06-13 17:04:36]Map[07xmas2] ok!
[06-13 17:04:36]Map abandonedcity resource initialziation successful 
[06-13 17:04:36]Map[abandonedcity] ok!
[06-13 17:04:37]Map abandonedcity2 resource initialziation successful 
[06-13 17:04:37]Map[abandonedcity2] ok!
[06-13 17:04:37]Map abandonedcity3 resource initialziation successful 
[06-13 17:04:37]Map[abandonedcity3] ok!
[06-13 17:04:40]Map bountypk resource initialziation successful 
[06-13 17:04:40]Map[bountypk] ok!
[06-13 17:04:40]Map darkblue2 resource initialziation successful 
[06-13 17:04:40]Map[darkblue2] ok!
[06-13 17:04:41]Map darkswamp resource initialziation successful 
[06-13 17:04:41]Map[darkswamp] ok!
[06-13 17:04:41]Map dreamisland resource initialziation successful 
[06-13 17:04:41]Map[dreamisland] ok!
[06-13 17:04:41]Map greh resource initialziation successful 
[06-13 17:04:41]Map[greh] ok!
[06-13 17:04:41]Map greh1 resource initialziation successful 
[06-13 17:04:41]Map[greh1] ok!
[06-13 17:04:41]Map hell resource initialziation successful 
[06-13 17:04:41]Map[hell] ok!
[06-13 17:04:41]Map hell2 resource initialziation successful 
[06-13 17:04:41]Map[hell2] ok!
[06-13 17:04:41]Map hell3 resource initialziation successful 
[06-13 17:04:41]Map[hell3] ok!
[06-13 17:04:41]Map hell4 resource initialziation successful 
[06-13 17:04:41]Map[hell4] ok!
[06-13 17:04:41]Map hell5 resource initialziation successful 
[06-13 17:04:41]Map[hell5] ok!
[06-13 17:04:42]Map jialebi resource initialziation successful 
[06-13 17:04:42]Map[jialebi] ok!
[06-13 17:04:42]Map lonetower resource initialziation successful 
[06-13 17:04:42]Map[lonetower] ok!
[06-13 17:04:42]Map mjing1 resource initialziation successful 
[06-13 17:04:42]Map[mjing1] ok!
[06-13 17:04:42]Map mjing2 resource initialziation successful 
[06-13 17:04:42]Map[mjing2] ok!
[06-13 17:04:42]Map mjing3 resource initialziation successful 
[06-13 17:04:42]Map[mjing3] ok!
[06-13 17:04:42]Map mjing4 resource initialziation successful 
[06-13 17:04:42]Map[mjing4] ok!
[06-13 17:04:43]Map PKmap resource initialziation successful 
[06-13 17:04:43]Map[PKmap] ok!
[06-13 17:04:43]Map puzzleworld resource initialziation successful 
[06-13 17:04:43]Map[puzzleworld] ok!
[06-13 17:04:43]Map puzzleworld2 resource initialziation successful 
[06-13 17:04:43]Map[puzzleworld2] ok!
[06-13 17:04:43]Map starena33 resource initialziation successful 
[06-13 17:04:43]Map[starena33] ok!
[06-13 17:04:43]Map teampk resource initialziation successful 
[06-13 17:04:43]Map[teampk] ok!
[06-13 17:04:44]Map winterland resource initialziation successful 
[06-13 17:04:44]Map[winterland] ok!
[06-13 17:04:44]Map yschurch resource initialziation successful 
[06-13 17:04:44]Map[yschurch] ok!
[06-13 17:04:44]Successfully added Help NPC[Ïüÿí÷óãà - Àíòîíèé]
[06-13 17:04:44]execute monster placement script/monster/baiyinlinqu.lua  
[06-13 17:04:44]execute monster placement script/monster/lietinglinqu.lua  
[06-13 17:04:44]execute monster placement script/monster/baiyinyuchang.lua  
[06-13 17:04:44]execute monster placement script/monster/jianazuixiayuchang.lua  
[06-13 17:04:44]execute monster placement script/monster/haifengyuchang.lua  
[06-13 17:04:44]execute monster placement script/monster/jianayunshi.lua  
[06-13 17:04:44]execute monster placement script/monster/bycduizhang.lua  
[06-13 17:04:44]execute monster placement script/monster/bycdaoguai.lua  
[06-13 17:04:44]garnerscript release monster ended! 
[06-13 17:04:44]execute monster placement script/monster/jimozhita.lua  
[06-13 17:04:44]lonetowerscript release monster ended! 
[06-13 17:04:44]execute monster placement script/monster/haidisuidao.lua  
[06-13 17:04:44]execute monster placement script/monster/xiashuidao.lua  
[06-13 17:04:44]execute monster placement script/monster/heilong1.lua  
[06-13 17:04:44]execute monster placement script/monster/heilong2.lua  
[06-13 17:04:44]Eastgoafscript release monster ended! 
[06-13 17:04:44]execute monster placement script/monster/xieeshengdan.lua  
[06-13 17:04:44]xieeshengdan½Å±¾·Å¹Ö½áÊø! 
[06-13 17:04:44]GameApp initialization ended!
[06-13 17:04:44]Start structuring ServerApp
[06-13 17:04:44]ServerApp components ended
[06-13 17:04:44]Start Gate service connection line¡­
[06-13 17:04:44]Start message server connection line regulation¡­
[06-13 17:04:44]Start game regulation line..
[06-13 17:04:44]Game Thread ID = 2672
[06-13 17:04:44]Start to build Win32 console dialogue window
[06-13 17:12:58]Define __CATCH
[06-13 17:12:58]Start Game Map server []
[06-13 17:12:58]Begin initialization GameApp
[06-13 17:12:58]Load Game Config File(Text Mode) [D:\Server Tales of Pirates\GameServer\GameServer1.cfg]
[06-13 17:12:58]Initializating database¡­
[06-13 17:12:58]database init...ok
[06-13 17:14:50]Begin to distribute different Entity memory
[06-13 17:14:51]Initialization on each form¡­
[06-13 17:15:03]Initializating Lua Script¡­
[06-13 17:15:22]Initializing map list...
[06-13 17:16:34]Map magicsea resource initialziation successful 
[06-13 17:16:34]Map[magicsea] ok!
[06-13 17:16:35]execute monster placement script/monster/mingshapaota.lua  
[06-13 17:16:35]execute monster placement script/monster/monv480.lua  
[06-13 17:16:35]execute monster placement script/monster/shalanyuchang.lua  
[06-13 17:16:35]execute monster placement script/monster/mingshayuchang.lua  
[06-13 17:16:35]execute monster placement script/monster/shalanlinqu.lua  
[06-13 17:16:35]execute monster placement script/monster/shalanmingshaxian.lua  
[06-13 17:16:35]execute monster placement script/monster/shaxie.lua  
[06-13 17:16:35]execute monster placement script/monster/shalanyunshi.lua  
[06-13 17:16:35]execute monster placement script/monster/slcdaoguai.lua  
[06-13 17:16:35]execute monster placement script/monster/slcduizhang.lua  
[06-13 17:16:36]execute monster placement script/monster/WriteSheepKiper.lua  
[06-13 17:16:36]execute monster placement script/monster/JinNiuKiper.lua  
[06-13 17:16:36]execute monster placement script/monster/ShuangZiKiper.lua  
[06-13 17:16:36]execute monster placement script/monster/juxieKiper.lua  
[06-13 17:16:36]magicseascript release monster ended! 
[06-13 17:16:36]GameApp initialization ended!
[06-13 17:16:36]Start structuring ServerApp
[06-13 17:16:36]ServerApp components ended
[06-13 17:16:36]Start Gate service connection line¡­
[06-13 17:16:36]Start message server connection line regulation¡­
[06-13 17:16:36]Start game regulation line..
[06-13 17:16:36]Game Thread ID = 7504
[06-13 17:16:36]Start to build Win32 console dialogue window
[06-13 17:29:48]initiating end game map server
[06-13 17:29:48]End game connection
[06-18 06:13:59]Define __CATCH
[06-18 06:13:59]Start Game Map server []
[06-18 06:13:59]Begin initialization GameApp
[06-18 06:13:59]Load Game Config File(Text Mode) [GameServer.cfg]
[06-18 06:13:59]Initializating database¡­
[06-18 06:14:00]database init...ok
[06-18 06:14:01]Begin to distribute different Entity memory
[06-18 06:14:02]Initialization on each form¡­
[06-18 06:14:13]Initializating Lua Script¡­
