[06-08 07:37:49]日志流被成功打开.
[06-08 07:37:49]连接GroupServer开始...
[06-08 07:37:50]连接GroupServer失败，等待5秒后自动重连...
[06-08 07:37:55]连接GroupServer开始...
[06-08 07:37:56]连接GroupServer失败，等待5秒后自动重连...
[06-08 07:38:01]连接GroupServer开始...
[06-08 07:38:02]连接GroupServer失败，等待5秒后自动重连...
[06-08 07:38:07]连接GroupServer开始...
[06-08 07:38:08]连接GroupServer失败，等待5秒后自动重连...
[06-08 07:38:13]连接GroupServer开始...
[06-08 07:38:14]连接GroupServer失败，等待5秒后自动重连...
[06-08 07:38:19]连接GroupServer开始...
[06-08 07:38:20]连接GroupServer失败，等待5秒后自动重连...
[06-08 07:38:25]连接GroupServer开始...
[06-08 07:38:26]连接GroupServer失败，等待5秒后自动重连...
[06-08 07:38:31]连接GroupServer开始...
[06-08 07:38:32]连接GroupServer失败，等待5秒后自动重连...
[06-08 07:38:37]连接GroupServer开始...
[06-08 07:38:38]连接GroupServer失败，等待5秒后自动重连...
[06-08 07:38:43]连接GroupServer开始...
[06-08 07:38:44]连接GroupServer失败，等待5秒后自动重连...
[06-08 07:38:49]连接GroupServer开始...
[06-08 07:38:50]连接GroupServer失败，等待5秒后自动重连...
[06-08 07:38:55]连接GroupServer开始...
[06-08 07:38:56]连接GroupServer失败，等待5秒后自动重连...
[06-08 07:39:01]连接GroupServer开始...
[06-08 07:39:02]连接GroupServer失败，等待5秒后自动重连...
[06-08 07:39:07]连接GroupServer开始...
[06-08 07:39:08]连接GroupServer失败，等待5秒后自动重连...
[06-08 07:39:13]连接GroupServer开始...
[06-08 07:39:14]连接GroupServer失败，等待5秒后自动重连...
[06-08 07:39:19]连接GroupServer开始...
[06-08 07:39:19]连接上GroupServer: 127.0.0.1,Socket数目:1
[06-08 07:39:19]登录GroupServer成功!
[06-08 07:58:50]与GroupServer的网络连接中断,Socket数目: 0,reason =网络被对方正常关闭。，立即重连...
[06-08 07:58:50]连接GroupServer开始...
[06-08 07:58:50]连接上GroupServer: 127.0.0.1,Socket数目:1
